14.03.2024 11:22:31.388 [main] INFO  o.r.h.c.r.CustomerControllerTest - Starting CustomerControllerTest using Java 21.0.2 with PID 7016 (started by Tel-ran.de in C:\HotelProjectApp\HotelProject)
14.03.2024 11:22:31.425 [main] INFO  o.r.h.c.r.CustomerControllerTest - No active profile set, falling back to 1 default profile: "default"
14.03.2024 11:22:36.568 [main] INFO  o.s.d.r.c.RepositoryConfigurationDelegate - Bootstrapping Spring Data JPA repositories in DEFAULT mode.
14.03.2024 11:22:36.828 [main] INFO  o.s.d.r.c.RepositoryConfigurationDelegate - Finished Spring Data repository scanning in 230 ms. Found 6 JPA repository interfaces.
14.03.2024 11:22:39.710 [main] INFO  o.h.j.i.u.LogHelper - HHH000204: Processing PersistenceUnitInfo [name: default]
14.03.2024 11:22:40.030 [main] INFO  o.hibernate.Version - HHH000412: Hibernate ORM core version 6.4.1.Final
14.03.2024 11:22:40.417 [main] INFO  o.h.c.i.RegionFactoryInitiator - HHH000026: Second-level cache disabled
14.03.2024 11:22:42.236 [main] INFO  o.s.o.j.p.SpringPersistenceUnitInfo - No LoadTimeWeaver setup: ignoring JPA class transformer
14.03.2024 11:22:42.364 [main] INFO  c.z.h.HikariDataSource - HikariPool-1 - Starting...
14.03.2024 11:22:44.085 [main] INFO  c.z.h.p.HikariPool - HikariPool-1 - Added connection conn1: url=jdbc:h2:file:./testDB user=ROOT
14.03.2024 11:22:44.093 [main] INFO  c.z.h.HikariDataSource - HikariPool-1 - Start completed.
14.03.2024 11:22:44.252 [main] WARN  o.h.orm.deprecation - HHH90000025: H2Dialect does not need to be specified explicitly using 'hibernate.dialect' (remove the property setting and it will be selected by default)
14.03.2024 11:22:48.592 [main] INFO  o.h.e.t.j.p.i.JtaPlatformInitiator - HHH000489: No JTA platform available (set 'hibernate.transaction.jta.platform' to enable JTA platform integration)
14.03.2024 11:22:48.599 [main] INFO  o.s.o.j.LocalContainerEntityManagerFactoryBean - Initialized JPA EntityManagerFactory for persistence unit 'default'
14.03.2024 11:22:54.876 [main] WARN  o.s.w.c.s.GenericWebApplicationContext - Exception encountered during context initialization - cancelling refresh attempt: org.springframework.beans.factory.UnsatisfiedDependencyException: Error creating bean with name 'roomController' defined in file [C:\HotelProjectApp\HotelProject\target\classes\org\ruzmetov\hotelproject\controller\rest\RoomController.class]: Unsatisfied dependency expressed through constructor parameter 0: Error creating bean with name 'roomServiceImpl' defined in file [C:\HotelProjectApp\HotelProject\target\classes\org\ruzmetov\hotelproject\service\impl\RoomServiceImpl.class]: Unsatisfied dependency expressed through constructor parameter 0: Error creating bean with name 'roomRepository' defined in org.ruzmetov.hotelproject.repository.RoomRepository defined in @EnableJpaRepositories declared on JpaRepositoriesRegistrar.EnableJpaRepositoriesConfiguration: Could not create query for public abstract org.ruzmetov.hotelproject.entity.Room org.ruzmetov.hotelproject.repository.RoomRepository.createRoom(int); Reason: Failed to create query for method public abstract org.ruzmetov.hotelproject.entity.Room org.ruzmetov.hotelproject.repository.RoomRepository.createRoom(int); No property 'createRoom' found for type 'Room'
14.03.2024 11:22:54.878 [main] INFO  o.s.o.j.LocalContainerEntityManagerFactoryBean - Closing JPA EntityManagerFactory for persistence unit 'default'
14.03.2024 11:22:54.882 [main] INFO  c.z.h.HikariDataSource - HikariPool-1 - Shutdown initiated...
14.03.2024 11:22:55.115 [main] INFO  c.z.h.HikariDataSource - HikariPool-1 - Shutdown completed.
14.03.2024 11:22:55.132 [main] INFO  o.s.b.a.l.ConditionEvaluationReportLogger - 

Error starting ApplicationContext. To display the condition evaluation report re-run your application with 'debug' enabled.
14.03.2024 11:22:55.219 [main] ERROR o.s.b.SpringApplication - Application run failed
org.springframework.beans.factory.UnsatisfiedDependencyException: Error creating bean with name 'roomController' defined in file [C:\HotelProjectApp\HotelProject\target\classes\org\ruzmetov\hotelproject\controller\rest\RoomController.class]: Unsatisfied dependency expressed through constructor parameter 0: Error creating bean with name 'roomServiceImpl' defined in file [C:\HotelProjectApp\HotelProject\target\classes\org\ruzmetov\hotelproject\service\impl\RoomServiceImpl.class]: Unsatisfied dependency expressed through constructor parameter 0: Error creating bean with name 'roomRepository' defined in org.ruzmetov.hotelproject.repository.RoomRepository defined in @EnableJpaRepositories declared on JpaRepositoriesRegistrar.EnableJpaRepositoriesConfiguration: Could not create query for public abstract org.ruzmetov.hotelproject.entity.Room org.ruzmetov.hotelproject.repository.RoomRepository.createRoom(int); Reason: Failed to create query for method public abstract org.ruzmetov.hotelproject.entity.Room org.ruzmetov.hotelproject.repository.RoomRepository.createRoom(int); No property 'createRoom' found for type 'Room'
	at org.springframework.beans.factory.support.ConstructorResolver.createArgumentArray(ConstructorResolver.java:802)
	at org.springframework.beans.factory.support.ConstructorResolver.autowireConstructor(ConstructorResolver.java:241)
	at org.springframework.beans.factory.support.AbstractAutowireCapableBeanFactory.autowireConstructor(AbstractAutowireCapableBeanFactory.java:1354)
	at org.springframework.beans.factory.support.AbstractAutowireCapableBeanFactory.createBeanInstance(AbstractAutowireCapableBeanFactory.java:1191)
	at org.springframework.beans.factory.support.AbstractAutowireCapableBeanFactory.doCreateBean(AbstractAutowireCapableBeanFactory.java:561)
	at org.springframework.beans.factory.support.AbstractAutowireCapableBeanFactory.createBean(AbstractAutowireCapableBeanFactory.java:521)
	at org.springframework.beans.factory.support.AbstractBeanFactory.lambda$doGetBean$0(AbstractBeanFactory.java:325)
	at org.springframework.beans.factory.support.DefaultSingletonBeanRegistry.getSingleton(DefaultSingletonBeanRegistry.java:234)
	at org.springframework.beans.factory.support.AbstractBeanFactory.doGetBean(AbstractBeanFactory.java:323)
	at org.springframework.beans.factory.support.AbstractBeanFactory.getBean(AbstractBeanFactory.java:199)
	at org.springframework.beans.factory.support.DefaultListableBeanFactory.preInstantiateSingletons(DefaultListableBeanFactory.java:975)
	at org.springframework.context.support.AbstractApplicationContext.finishBeanFactoryInitialization(AbstractApplicationContext.java:960)
	at org.springframework.context.support.AbstractApplicationContext.refresh(AbstractApplicationContext.java:625)
	at org.springframework.boot.SpringApplication.refresh(SpringApplication.java:762)
	at org.springframework.boot.SpringApplication.refreshContext(SpringApplication.java:464)
	at org.springframework.boot.SpringApplication.run(SpringApplication.java:334)
	at org.springframework.boot.test.context.SpringBootContextLoader.lambda$loadContext$3(SpringBootContextLoader.java:137)
	at org.springframework.util.function.ThrowingSupplier.get(ThrowingSupplier.java:58)
	at org.springframework.util.function.ThrowingSupplier.get(ThrowingSupplier.java:46)
	at org.springframework.boot.SpringApplication.withHook(SpringApplication.java:1458)
	at org.springframework.boot.test.context.SpringBootContextLoader$ContextLoaderHook.run(SpringBootContextLoader.java:552)
	at org.springframework.boot.test.context.SpringBootContextLoader.loadContext(SpringBootContextLoader.java:137)
	at org.springframework.boot.test.context.SpringBootContextLoader.loadContext(SpringBootContextLoader.java:108)
	at org.springframework.test.context.cache.DefaultCacheAwareContextLoaderDelegate.loadContextInternal(DefaultCacheAwareContextLoaderDelegate.java:225)
	at org.springframework.test.context.cache.DefaultCacheAwareContextLoaderDelegate.loadContext(DefaultCacheAwareContextLoaderDelegate.java:152)
	at org.springframework.test.context.support.DefaultTestContext.getApplicationContext(DefaultTestContext.java:130)
	at org.springframework.test.context.web.ServletTestExecutionListener.setUpRequestContextIfNecessary(ServletTestExecutionListener.java:191)
	at org.springframework.test.context.web.ServletTestExecutionListener.prepareTestInstance(ServletTestExecutionListener.java:130)
	at org.springframework.test.context.TestContextManager.prepareTestInstance(TestContextManager.java:260)
	at org.springframework.test.context.junit.jupiter.SpringExtension.postProcessTestInstance(SpringExtension.java:163)
	at org.junit.jupiter.engine.descriptor.ClassBasedTestDescriptor.lambda$invokeTestInstancePostProcessors$10(ClassBasedTestDescriptor.java:378)
	at org.junit.jupiter.engine.descriptor.ClassBasedTestDescriptor.executeAndMaskThrowable(ClassBasedTestDescriptor.java:383)
	at org.junit.jupiter.engine.descriptor.ClassBasedTestDescriptor.lambda$invokeTestInstancePostProcessors$11(ClassBasedTestDescriptor.java:378)
	at java.base/java.util.stream.ReferencePipeline$3$1.accept(ReferencePipeline.java:197)
	at java.base/java.util.stream.ReferencePipeline$2$1.accept(ReferencePipeline.java:179)
	at java.base/java.util.ArrayList$ArrayListSpliterator.forEachRemaining(ArrayList.java:1708)
	at java.base/java.util.stream.AbstractPipeline.copyInto(AbstractPipeline.java:509)
	at java.base/java.util.stream.AbstractPipeline.wrapAndCopyInto(AbstractPipeline.java:499)
	at java.base/java.util.stream.StreamSpliterators$WrappingSpliterator.forEachRemaining(StreamSpliterators.java:310)
	at java.base/java.util.stream.Streams$ConcatSpliterator.forEachRemaining(Streams.java:735)
	at java.base/java.util.stream.Streams$ConcatSpliterator.forEachRemaining(Streams.java:734)
	at java.base/java.util.stream.ReferencePipeline$Head.forEach(ReferencePipeline.java:762)
	at org.junit.jupiter.engine.descriptor.ClassBasedTestDescriptor.invokeTestInstancePostProcessors(ClassBasedTestDescriptor.java:377)
	at org.junit.jupiter.engine.descriptor.ClassBasedTestDescriptor.lambda$instantiateAndPostProcessTestInstance$6(ClassBasedTestDescriptor.java:290)
	at org.junit.platform.engine.support.hierarchical.ThrowableCollector.execute(ThrowableCollector.java:73)
	at org.junit.jupiter.engine.descriptor.ClassBasedTestDescriptor.instantiateAndPostProcessTestInstance(ClassBasedTestDescriptor.java:289)
	at org.junit.jupiter.engine.descriptor.ClassBasedTestDescriptor.lambda$testInstancesProvider$4(ClassBasedTestDescriptor.java:279)
	at java.base/java.util.Optional.orElseGet(Optional.java:364)
	at org.junit.jupiter.engine.descriptor.ClassBasedTestDescriptor.lambda$testInstancesProvider$5(ClassBasedTestDescriptor.java:278)
	at org.junit.jupiter.engine.execution.TestInstancesProvider.getTestInstances(TestInstancesProvider.java:31)
	at org.junit.jupiter.engine.descriptor.TestMethodTestDescriptor.lambda$prepare$0(TestMethodTestDescriptor.java:106)
	at org.junit.platform.engine.support.hierarchical.ThrowableCollector.execute(ThrowableCollector.java:73)
	at org.junit.jupiter.engine.descriptor.TestMethodTestDescriptor.prepare(TestMethodTestDescriptor.java:105)
	at org.junit.jupiter.engine.descriptor.TestMethodTestDescriptor.prepare(TestMethodTestDescriptor.java:69)
	at org.junit.platform.engine.support.hierarchical.NodeTestTask.lambda$prepare$2(NodeTestTask.java:123)
	at org.junit.platform.engine.support.hierarchical.ThrowableCollector.execute(ThrowableCollector.java:73)
	at org.junit.platform.engine.support.hierarchical.NodeTestTask.prepare(NodeTestTask.java:123)
	at org.junit.platform.engine.support.hierarchical.NodeTestTask.execute(NodeTestTask.java:90)
	at java.base/java.util.ArrayList.forEach(ArrayList.java:1596)
	at org.junit.platform.engine.support.hierarchical.SameThreadHierarchicalTestExecutorService.invokeAll(SameThreadHierarchicalTestExecutorService.java:41)
	at org.junit.platform.engine.support.hierarchical.NodeTestTask.lambda$executeRecursively$6(NodeTestTask.java:155)
	at org.junit.platform.engine.support.hierarchical.ThrowableCollector.execute(ThrowableCollector.java:73)
	at org.junit.platform.engine.support.hierarchical.NodeTestTask.lambda$executeRecursively$8(NodeTestTask.java:141)
	at org.junit.platform.engine.support.hierarchical.Node.around(Node.java:137)
	at org.junit.platform.engine.support.hierarchical.NodeTestTask.lambda$executeRecursively$9(NodeTestTask.java:139)
	at org.junit.platform.engine.support.hierarchical.ThrowableCollector.execute(ThrowableCollector.java:73)
	at org.junit.platform.engine.support.hierarchical.NodeTestTask.executeRecursively(NodeTestTask.java:138)
	at org.junit.platform.engine.support.hierarchical.NodeTestTask.execute(NodeTestTask.java:95)
	at java.base/java.util.ArrayList.forEach(ArrayList.java:1596)
	at org.junit.platform.engine.support.hierarchical.SameThreadHierarchicalTestExecutorService.invokeAll(SameThreadHierarchicalTestExecutorService.java:41)
	at org.junit.platform.engine.support.hierarchical.NodeTestTask.lambda$executeRecursively$6(NodeTestTask.java:155)
	at org.junit.platform.engine.support.hierarchical.ThrowableCollector.execute(ThrowableCollector.java:73)
	at org.junit.platform.engine.support.hierarchical.NodeTestTask.lambda$executeRecursively$8(NodeTestTask.java:141)
	at org.junit.platform.engine.support.hierarchical.Node.around(Node.java:137)
	at org.junit.platform.engine.support.hierarchical.NodeTestTask.lambda$executeRecursively$9(NodeTestTask.java:139)
	at org.junit.platform.engine.support.hierarchical.ThrowableCollector.execute(ThrowableCollector.java:73)
	at org.junit.platform.engine.support.hierarchical.NodeTestTask.executeRecursively(NodeTestTask.java:138)
	at org.junit.platform.engine.support.hierarchical.NodeTestTask.execute(NodeTestTask.java:95)
	at org.junit.platform.engine.support.hierarchical.SameThreadHierarchicalTestExecutorService.submit(SameThreadHierarchicalTestExecutorService.java:35)
	at org.junit.platform.engine.support.hierarchical.HierarchicalTestExecutor.execute(HierarchicalTestExecutor.java:57)
	at org.junit.platform.engine.support.hierarchical.HierarchicalTestEngine.execute(HierarchicalTestEngine.java:54)
	at org.junit.platform.launcher.core.EngineExecutionOrchestrator.execute(EngineExecutionOrchestrator.java:198)
	at org.junit.platform.launcher.core.EngineExecutionOrchestrator.execute(EngineExecutionOrchestrator.java:169)
	at org.junit.platform.launcher.core.EngineExecutionOrchestrator.execute(EngineExecutionOrchestrator.java:93)
	at org.junit.platform.launcher.core.EngineExecutionOrchestrator.lambda$execute$0(EngineExecutionOrchestrator.java:58)
	at org.junit.platform.launcher.core.EngineExecutionOrchestrator.withInterceptedStreams(EngineExecutionOrchestrator.java:141)
	at org.junit.platform.launcher.core.EngineExecutionOrchestrator.execute(EngineExecutionOrchestrator.java:57)
	at org.junit.platform.launcher.core.DefaultLauncher.execute(DefaultLauncher.java:103)
	at org.junit.platform.launcher.core.DefaultLauncher.execute(DefaultLauncher.java:85)
	at org.junit.platform.launcher.core.DelegatingLauncher.execute(DelegatingLauncher.java:47)
	at org.apache.maven.surefire.junitplatform.LazyLauncher.execute(LazyLauncher.java:56)
	at org.apache.maven.surefire.junitplatform.JUnitPlatformProvider.execute(JUnitPlatformProvider.java:184)
	at org.apache.maven.surefire.junitplatform.JUnitPlatformProvider.invokeAllTests(JUnitPlatformProvider.java:148)
	at org.apache.maven.surefire.junitplatform.JUnitPlatformProvider.invoke(JUnitPlatformProvider.java:122)
	at org.apache.maven.surefire.booter.ForkedBooter.runSuitesInProcess(ForkedBooter.java:385)
	at org.apache.maven.surefire.booter.ForkedBooter.execute(ForkedBooter.java:162)
	at org.apache.maven.surefire.booter.ForkedBooter.run(ForkedBooter.java:507)
	at org.apache.maven.surefire.booter.ForkedBooter.main(ForkedBooter.java:495)
Caused by: org.springframework.beans.factory.UnsatisfiedDependencyException: Error creating bean with name 'roomServiceImpl' defined in file [C:\HotelProjectApp\HotelProject\target\classes\org\ruzmetov\hotelproject\service\impl\RoomServiceImpl.class]: Unsatisfied dependency expressed through constructor parameter 0: Error creating bean with name 'roomRepository' defined in org.ruzmetov.hotelproject.repository.RoomRepository defined in @EnableJpaRepositories declared on JpaRepositoriesRegistrar.EnableJpaRepositoriesConfiguration: Could not create query for public abstract org.ruzmetov.hotelproject.entity.Room org.ruzmetov.hotelproject.repository.RoomRepository.createRoom(int); Reason: Failed to create query for method public abstract org.ruzmetov.hotelproject.entity.Room org.ruzmetov.hotelproject.repository.RoomRepository.createRoom(int); No property 'createRoom' found for type 'Room'
	at org.springframework.beans.factory.support.ConstructorResolver.createArgumentArray(ConstructorResolver.java:802)
	at org.springframework.beans.factory.support.ConstructorResolver.autowireConstructor(ConstructorResolver.java:241)
	at org.springframework.beans.factory.support.AbstractAutowireCapableBeanFactory.autowireConstructor(AbstractAutowireCapableBeanFactory.java:1354)
	at org.springframework.beans.factory.support.AbstractAutowireCapableBeanFactory.createBeanInstance(AbstractAutowireCapableBeanFactory.java:1191)
	at org.springframework.beans.factory.support.AbstractAutowireCapableBeanFactory.doCreateBean(AbstractAutowireCapableBeanFactory.java:561)
	at org.springframework.beans.factory.support.AbstractAutowireCapableBeanFactory.createBean(AbstractAutowireCapableBeanFactory.java:521)
	at org.springframework.beans.factory.support.AbstractBeanFactory.lambda$doGetBean$0(AbstractBeanFactory.java:325)
	at org.springframework.beans.factory.support.DefaultSingletonBeanRegistry.getSingleton(DefaultSingletonBeanRegistry.java:234)
	at org.springframework.beans.factory.support.AbstractBeanFactory.doGetBean(AbstractBeanFactory.java:323)
	at org.springframework.beans.factory.support.AbstractBeanFactory.getBean(AbstractBeanFactory.java:199)
	at org.springframework.beans.factory.config.DependencyDescriptor.resolveCandidate(DependencyDescriptor.java:254)
	at org.springframework.beans.factory.support.DefaultListableBeanFactory.doResolveDependency(DefaultListableBeanFactory.java:1443)
	at org.springframework.beans.factory.support.DefaultListableBeanFactory.resolveDependency(DefaultListableBeanFactory.java:1353)
	at org.springframework.beans.factory.support.ConstructorResolver.resolveAutowiredArgument(ConstructorResolver.java:911)
	at org.springframework.beans.factory.support.ConstructorResolver.createArgumentArray(ConstructorResolver.java:789)
	... 97 common frames omitted
Caused by: org.springframework.beans.factory.BeanCreationException: Error creating bean with name 'roomRepository' defined in org.ruzmetov.hotelproject.repository.RoomRepository defined in @EnableJpaRepositories declared on JpaRepositoriesRegistrar.EnableJpaRepositoriesConfiguration: Could not create query for public abstract org.ruzmetov.hotelproject.entity.Room org.ruzmetov.hotelproject.repository.RoomRepository.createRoom(int); Reason: Failed to create query for method public abstract org.ruzmetov.hotelproject.entity.Room org.ruzmetov.hotelproject.repository.RoomRepository.createRoom(int); No property 'createRoom' found for type 'Room'
	at org.springframework.beans.factory.support.AbstractAutowireCapableBeanFactory.initializeBean(AbstractAutowireCapableBeanFactory.java:1773)
	at org.springframework.beans.factory.support.AbstractAutowireCapableBeanFactory.doCreateBean(AbstractAutowireCapableBeanFactory.java:599)
	at org.springframework.beans.factory.support.AbstractAutowireCapableBeanFactory.createBean(AbstractAutowireCapableBeanFactory.java:521)
	at org.springframework.beans.factory.support.AbstractBeanFactory.lambda$doGetBean$0(AbstractBeanFactory.java:325)
	at org.springframework.beans.factory.support.DefaultSingletonBeanRegistry.getSingleton(DefaultSingletonBeanRegistry.java:234)
	at org.springframework.beans.factory.support.AbstractBeanFactory.doGetBean(AbstractBeanFactory.java:323)
	at org.springframework.beans.factory.support.AbstractBeanFactory.getBean(AbstractBeanFactory.java:199)
	at org.springframework.beans.factory.config.DependencyDescriptor.resolveCandidate(DependencyDescriptor.java:254)
	at org.springframework.beans.factory.support.DefaultListableBeanFactory.doResolveDependency(DefaultListableBeanFactory.java:1443)
	at org.springframework.beans.factory.support.DefaultListableBeanFactory.resolveDependency(DefaultListableBeanFactory.java:1353)
	at org.springframework.beans.factory.support.ConstructorResolver.resolveAutowiredArgument(ConstructorResolver.java:911)
	at org.springframework.beans.factory.support.ConstructorResolver.createArgumentArray(ConstructorResolver.java:789)
	... 111 common frames omitted
Caused by: org.springframework.data.repository.query.QueryCreationException: Could not create query for public abstract org.ruzmetov.hotelproject.entity.Room org.ruzmetov.hotelproject.repository.RoomRepository.createRoom(int); Reason: Failed to create query for method public abstract org.ruzmetov.hotelproject.entity.Room org.ruzmetov.hotelproject.repository.RoomRepository.createRoom(int); No property 'createRoom' found for type 'Room'
	at org.springframework.data.repository.query.QueryCreationException.create(QueryCreationException.java:101)
	at org.springframework.data.repository.core.support.QueryExecutorMethodInterceptor.lookupQuery(QueryExecutorMethodInterceptor.java:115)
	at org.springframework.data.repository.core.support.QueryExecutorMethodInterceptor.mapMethodsToQuery(QueryExecutorMethodInterceptor.java:99)
	at org.springframework.data.repository.core.support.QueryExecutorMethodInterceptor.lambda$new$0(QueryExecutorMethodInterceptor.java:88)
	at java.base/java.util.Optional.map(Optional.java:260)
	at org.springframework.data.repository.core.support.QueryExecutorMethodInterceptor.<init>(QueryExecutorMethodInterceptor.java:88)
	at org.springframework.data.repository.core.support.RepositoryFactorySupport.getRepository(RepositoryFactorySupport.java:357)
	at org.springframework.data.repository.core.support.RepositoryFactoryBeanSupport.lambda$afterPropertiesSet$5(RepositoryFactoryBeanSupport.java:279)
	at org.springframework.data.util.Lazy.getNullable(Lazy.java:135)
	at org.springframework.data.util.Lazy.get(Lazy.java:113)
	at org.springframework.data.repository.core.support.RepositoryFactoryBeanSupport.afterPropertiesSet(RepositoryFactoryBeanSupport.java:285)
	at org.springframework.data.jpa.repository.support.JpaRepositoryFactoryBean.afterPropertiesSet(JpaRepositoryFactoryBean.java:132)
	at org.springframework.beans.factory.support.AbstractAutowireCapableBeanFactory.invokeInitMethods(AbstractAutowireCapableBeanFactory.java:1820)
	at org.springframework.beans.factory.support.AbstractAutowireCapableBeanFactory.initializeBean(AbstractAutowireCapableBeanFactory.java:1769)
	... 122 common frames omitted
Caused by: java.lang.IllegalArgumentException: Failed to create query for method public abstract org.ruzmetov.hotelproject.entity.Room org.ruzmetov.hotelproject.repository.RoomRepository.createRoom(int); No property 'createRoom' found for type 'Room'
	at org.springframework.data.jpa.repository.query.PartTreeJpaQuery.<init>(PartTreeJpaQuery.java:107)
	at org.springframework.data.jpa.repository.query.JpaQueryLookupStrategy$CreateQueryLookupStrategy.resolveQuery(JpaQueryLookupStrategy.java:124)
	at org.springframework.data.jpa.repository.query.JpaQueryLookupStrategy$CreateIfNotFoundQueryLookupStrategy.resolveQuery(JpaQueryLookupStrategy.java:258)
	at org.springframework.data.jpa.repository.query.JpaQueryLookupStrategy$AbstractQueryLookupStrategy.resolveQuery(JpaQueryLookupStrategy.java:95)
	at org.springframework.data.repository.core.support.QueryExecutorMethodInterceptor.lookupQuery(QueryExecutorMethodInterceptor.java:111)
	... 134 common frames omitted
Caused by: org.springframework.data.mapping.PropertyReferenceException: No property 'createRoom' found for type 'Room'
	at org.springframework.data.mapping.PropertyPath.<init>(PropertyPath.java:90)
	at org.springframework.data.mapping.PropertyPath.create(PropertyPath.java:443)
	at org.springframework.data.mapping.PropertyPath.create(PropertyPath.java:419)
	at org.springframework.data.mapping.PropertyPath.lambda$from$0(PropertyPath.java:372)
	at java.base/java.util.concurrent.ConcurrentMap.computeIfAbsent(ConcurrentMap.java:330)
	at org.springframework.data.mapping.PropertyPath.from(PropertyPath.java:354)
	at org.springframework.data.mapping.PropertyPath.from(PropertyPath.java:332)
	at org.springframework.data.repository.query.parser.Part.<init>(Part.java:81)
	at org.springframework.data.repository.query.parser.PartTree$OrPart.lambda$new$0(PartTree.java:259)
	at java.base/java.util.stream.ReferencePipeline$3$1.accept(ReferencePipeline.java:197)
	at java.base/java.util.stream.ReferencePipeline$2$1.accept(ReferencePipeline.java:179)
	at java.base/java.util.Spliterators$ArraySpliterator.forEachRemaining(Spliterators.java:1024)
	at java.base/java.util.stream.AbstractPipeline.copyInto(AbstractPipeline.java:509)
	at java.base/java.util.stream.AbstractPipeline.wrapAndCopyInto(AbstractPipeline.java:499)
	at java.base/java.util.stream.ReduceOps$ReduceOp.evaluateSequential(ReduceOps.java:921)
	at java.base/java.util.stream.AbstractPipeline.evaluate(AbstractPipeline.java:234)
	at java.base/java.util.stream.ReferencePipeline.collect(ReferencePipeline.java:682)
	at org.springframework.data.repository.query.parser.PartTree$OrPart.<init>(PartTree.java:260)
	at org.springframework.data.repository.query.parser.PartTree$Predicate.lambda$new$0(PartTree.java:389)
	at java.base/java.util.stream.ReferencePipeline$3$1.accept(ReferencePipeline.java:197)
	at java.base/java.util.stream.ReferencePipeline$2$1.accept(ReferencePipeline.java:179)
	at java.base/java.util.Spliterators$ArraySpliterator.forEachRemaining(Spliterators.java:1024)
	at java.base/java.util.stream.AbstractPipeline.copyInto(AbstractPipeline.java:509)
	at java.base/java.util.stream.AbstractPipeline.wrapAndCopyInto(AbstractPipeline.java:499)
	at java.base/java.util.stream.ReduceOps$ReduceOp.evaluateSequential(ReduceOps.java:921)
	at java.base/java.util.stream.AbstractPipeline.evaluate(AbstractPipeline.java:234)
	at java.base/java.util.stream.ReferencePipeline.collect(ReferencePipeline.java:682)
	at org.springframework.data.repository.query.parser.PartTree$Predicate.<init>(PartTree.java:390)
	at org.springframework.data.repository.query.parser.PartTree.<init>(PartTree.java:100)
	at org.springframework.data.jpa.repository.query.PartTreeJpaQuery.<init>(PartTreeJpaQuery.java:100)
	... 138 common frames omitted
14.03.2024 11:22:55.292 [main] WARN  o.s.t.c.TestContextManager - Caught exception while allowing TestExecutionListener [org.springframework.test.context.web.ServletTestExecutionListener] to prepare test instance [org.ruzmetov.hotelproject.controller.rest.CustomerControllerTest@4a74933f]
java.lang.IllegalStateException: Failed to load ApplicationContext for [WebMergedContextConfiguration@cc46555 testClass = org.ruzmetov.hotelproject.controller.rest.CustomerControllerTest, locations = [], classes = [org.ruzmetov.hotelproject.HotelProjectApplication], contextInitializerClasses = [], activeProfiles = [], propertySourceDescriptors = [], propertySourceProperties = ["org.springframework.boot.test.context.SpringBootTestContextBootstrapper=true"], contextCustomizers = [[ImportsContextCustomizer@173b0b5c key = [org.springframework.boot.test.autoconfigure.web.servlet.MockMvcWebDriverAutoConfiguration, org.springframework.boot.test.autoconfigure.web.servlet.MockMvcAutoConfiguration, org.springframework.boot.autoconfigure.security.oauth2.client.servlet.OAuth2ClientAutoConfiguration, org.springframework.boot.autoconfigure.security.servlet.SecurityAutoConfiguration, org.springframework.boot.autoconfigure.security.servlet.SecurityFilterAutoConfiguration, org.springframework.boot.autoconfigure.security.servlet.UserDetailsServiceAutoConfiguration, org.springframework.boot.autoconfigure.security.oauth2.resource.servlet.OAuth2ResourceServerAutoConfiguration, org.springframework.boot.test.autoconfigure.web.servlet.MockMvcSecurityConfiguration, org.springframework.boot.test.autoconfigure.web.servlet.MockMvcWebClientAutoConfiguration, org.springframework.boot.test.autoconfigure.web.reactive.WebTestClientAutoConfiguration]], org.springframework.boot.test.context.filter.ExcludeFilterContextCustomizer@3028e50e, org.springframework.boot.test.json.DuplicateJsonObjectContextCustomizerFactory$DuplicateJsonObjectContextCustomizer@5dc3fcb7, org.springframework.boot.test.mock.mockito.MockitoContextCustomizer@0, org.springframework.boot.test.web.client.TestRestTemplateContextCustomizer@34523d46, org.springframework.boot.test.autoconfigure.actuate.observability.ObservabilityContextCustomizerFactory$DisableObservabilityContextCustomizer@1f, org.springframework.boot.test.autoconfigure.properties.PropertyMappingContextCustomizer@4b3fa0b3, org.springframework.boot.test.autoconfigure.web.servlet.WebDriverContextCustomizer@21325036, org.springframework.boot.test.context.SpringBootTestAnnotation@ffa71f89], resourceBasePath = "src/main/webapp", contextLoader = org.springframework.boot.test.context.SpringBootContextLoader, parent = null]
	at org.springframework.test.context.cache.DefaultCacheAwareContextLoaderDelegate.loadContext(DefaultCacheAwareContextLoaderDelegate.java:180)
	at org.springframework.test.context.support.DefaultTestContext.getApplicationContext(DefaultTestContext.java:130)
	at org.springframework.test.context.web.ServletTestExecutionListener.setUpRequestContextIfNecessary(ServletTestExecutionListener.java:191)
	at org.springframework.test.context.web.ServletTestExecutionListener.prepareTestInstance(ServletTestExecutionListener.java:130)
	at org.springframework.test.context.TestContextManager.prepareTestInstance(TestContextManager.java:260)
	at org.springframework.test.context.junit.jupiter.SpringExtension.postProcessTestInstance(SpringExtension.java:163)
	at org.junit.jupiter.engine.descriptor.ClassBasedTestDescriptor.lambda$invokeTestInstancePostProcessors$10(ClassBasedTestDescriptor.java:378)
	at org.junit.jupiter.engine.descriptor.ClassBasedTestDescriptor.executeAndMaskThrowable(ClassBasedTestDescriptor.java:383)
	at org.junit.jupiter.engine.descriptor.ClassBasedTestDescriptor.lambda$invokeTestInstancePostProcessors$11(ClassBasedTestDescriptor.java:378)
	at java.base/java.util.stream.ReferencePipeline$3$1.accept(ReferencePipeline.java:197)
	at java.base/java.util.stream.ReferencePipeline$2$1.accept(ReferencePipeline.java:179)
	at java.base/java.util.ArrayList$ArrayListSpliterator.forEachRemaining(ArrayList.java:1708)
	at java.base/java.util.stream.AbstractPipeline.copyInto(AbstractPipeline.java:509)
	at java.base/java.util.stream.AbstractPipeline.wrapAndCopyInto(AbstractPipeline.java:499)
	at java.base/java.util.stream.StreamSpliterators$WrappingSpliterator.forEachRemaining(StreamSpliterators.java:310)
	at java.base/java.util.stream.Streams$ConcatSpliterator.forEachRemaining(Streams.java:735)
	at java.base/java.util.stream.Streams$ConcatSpliterator.forEachRemaining(Streams.java:734)
	at java.base/java.util.stream.ReferencePipeline$Head.forEach(ReferencePipeline.java:762)
	at org.junit.jupiter.engine.descriptor.ClassBasedTestDescriptor.invokeTestInstancePostProcessors(ClassBasedTestDescriptor.java:377)
	at org.junit.jupiter.engine.descriptor.ClassBasedTestDescriptor.lambda$instantiateAndPostProcessTestInstance$6(ClassBasedTestDescriptor.java:290)
	at org.junit.platform.engine.support.hierarchical.ThrowableCollector.execute(ThrowableCollector.java:73)
	at org.junit.jupiter.engine.descriptor.ClassBasedTestDescriptor.instantiateAndPostProcessTestInstance(ClassBasedTestDescriptor.java:289)
	at org.junit.jupiter.engine.descriptor.ClassBasedTestDescriptor.lambda$testInstancesProvider$4(ClassBasedTestDescriptor.java:279)
	at java.base/java.util.Optional.orElseGet(Optional.java:364)
	at org.junit.jupiter.engine.descriptor.ClassBasedTestDescriptor.lambda$testInstancesProvider$5(ClassBasedTestDescriptor.java:278)
	at org.junit.jupiter.engine.execution.TestInstancesProvider.getTestInstances(TestInstancesProvider.java:31)
	at org.junit.jupiter.engine.descriptor.TestMethodTestDescriptor.lambda$prepare$0(TestMethodTestDescriptor.java:106)
	at org.junit.platform.engine.support.hierarchical.ThrowableCollector.execute(ThrowableCollector.java:73)
	at org.junit.jupiter.engine.descriptor.TestMethodTestDescriptor.prepare(TestMethodTestDescriptor.java:105)
	at org.junit.jupiter.engine.descriptor.TestMethodTestDescriptor.prepare(TestMethodTestDescriptor.java:69)
	at org.junit.platform.engine.support.hierarchical.NodeTestTask.lambda$prepare$2(NodeTestTask.java:123)
	at org.junit.platform.engine.support.hierarchical.ThrowableCollector.execute(ThrowableCollector.java:73)
	at org.junit.platform.engine.support.hierarchical.NodeTestTask.prepare(NodeTestTask.java:123)
	at org.junit.platform.engine.support.hierarchical.NodeTestTask.execute(NodeTestTask.java:90)
	at java.base/java.util.ArrayList.forEach(ArrayList.java:1596)
	at org.junit.platform.engine.support.hierarchical.SameThreadHierarchicalTestExecutorService.invokeAll(SameThreadHierarchicalTestExecutorService.java:41)
	at org.junit.platform.engine.support.hierarchical.NodeTestTask.lambda$executeRecursively$6(NodeTestTask.java:155)
	at org.junit.platform.engine.support.hierarchical.ThrowableCollector.execute(ThrowableCollector.java:73)
	at org.junit.platform.engine.support.hierarchical.NodeTestTask.lambda$executeRecursively$8(NodeTestTask.java:141)
	at org.junit.platform.engine.support.hierarchical.Node.around(Node.java:137)
	at org.junit.platform.engine.support.hierarchical.NodeTestTask.lambda$executeRecursively$9(NodeTestTask.java:139)
	at org.junit.platform.engine.support.hierarchical.ThrowableCollector.execute(ThrowableCollector.java:73)
	at org.junit.platform.engine.support.hierarchical.NodeTestTask.executeRecursively(NodeTestTask.java:138)
	at org.junit.platform.engine.support.hierarchical.NodeTestTask.execute(NodeTestTask.java:95)
	at java.base/java.util.ArrayList.forEach(ArrayList.java:1596)
	at org.junit.platform.engine.support.hierarchical.SameThreadHierarchicalTestExecutorService.invokeAll(SameThreadHierarchicalTestExecutorService.java:41)
	at org.junit.platform.engine.support.hierarchical.NodeTestTask.lambda$executeRecursively$6(NodeTestTask.java:155)
	at org.junit.platform.engine.support.hierarchical.ThrowableCollector.execute(ThrowableCollector.java:73)
	at org.junit.platform.engine.support.hierarchical.NodeTestTask.lambda$executeRecursively$8(NodeTestTask.java:141)
	at org.junit.platform.engine.support.hierarchical.Node.around(Node.java:137)
	at org.junit.platform.engine.support.hierarchical.NodeTestTask.lambda$executeRecursively$9(NodeTestTask.java:139)
	at org.junit.platform.engine.support.hierarchical.ThrowableCollector.execute(ThrowableCollector.java:73)
	at org.junit.platform.engine.support.hierarchical.NodeTestTask.executeRecursively(NodeTestTask.java:138)
	at org.junit.platform.engine.support.hierarchical.NodeTestTask.execute(NodeTestTask.java:95)
	at org.junit.platform.engine.support.hierarchical.SameThreadHierarchicalTestExecutorService.submit(SameThreadHierarchicalTestExecutorService.java:35)
	at org.junit.platform.engine.support.hierarchical.HierarchicalTestExecutor.execute(HierarchicalTestExecutor.java:57)
	at org.junit.platform.engine.support.hierarchical.HierarchicalTestEngine.execute(HierarchicalTestEngine.java:54)
	at org.junit.platform.launcher.core.EngineExecutionOrchestrator.execute(EngineExecutionOrchestrator.java:198)
	at org.junit.platform.launcher.core.EngineExecutionOrchestrator.execute(EngineExecutionOrchestrator.java:169)
	at org.junit.platform.launcher.core.EngineExecutionOrchestrator.execute(EngineExecutionOrchestrator.java:93)
	at org.junit.platform.launcher.core.EngineExecutionOrchestrator.lambda$execute$0(EngineExecutionOrchestrator.java:58)
	at org.junit.platform.launcher.core.EngineExecutionOrchestrator.withInterceptedStreams(EngineExecutionOrchestrator.java:141)
	at org.junit.platform.launcher.core.EngineExecutionOrchestrator.execute(EngineExecutionOrchestrator.java:57)
	at org.junit.platform.launcher.core.DefaultLauncher.execute(DefaultLauncher.java:103)
	at org.junit.platform.launcher.core.DefaultLauncher.execute(DefaultLauncher.java:85)
	at org.junit.platform.launcher.core.DelegatingLauncher.execute(DelegatingLauncher.java:47)
	at org.apache.maven.surefire.junitplatform.LazyLauncher.execute(LazyLauncher.java:56)
	at org.apache.maven.surefire.junitplatform.JUnitPlatformProvider.execute(JUnitPlatformProvider.java:184)
	at org.apache.maven.surefire.junitplatform.JUnitPlatformProvider.invokeAllTests(JUnitPlatformProvider.java:148)
	at org.apache.maven.surefire.junitplatform.JUnitPlatformProvider.invoke(JUnitPlatformProvider.java:122)
	at org.apache.maven.surefire.booter.ForkedBooter.runSuitesInProcess(ForkedBooter.java:385)
	at org.apache.maven.surefire.booter.ForkedBooter.execute(ForkedBooter.java:162)
	at org.apache.maven.surefire.booter.ForkedBooter.run(ForkedBooter.java:507)
	at org.apache.maven.surefire.booter.ForkedBooter.main(ForkedBooter.java:495)
Caused by: org.springframework.beans.factory.UnsatisfiedDependencyException: Error creating bean with name 'roomController' defined in file [C:\HotelProjectApp\HotelProject\target\classes\org\ruzmetov\hotelproject\controller\rest\RoomController.class]: Unsatisfied dependency expressed through constructor parameter 0: Error creating bean with name 'roomServiceImpl' defined in file [C:\HotelProjectApp\HotelProject\target\classes\org\ruzmetov\hotelproject\service\impl\RoomServiceImpl.class]: Unsatisfied dependency expressed through constructor parameter 0: Error creating bean with name 'roomRepository' defined in org.ruzmetov.hotelproject.repository.RoomRepository defined in @EnableJpaRepositories declared on JpaRepositoriesRegistrar.EnableJpaRepositoriesConfiguration: Could not create query for public abstract org.ruzmetov.hotelproject.entity.Room org.ruzmetov.hotelproject.repository.RoomRepository.createRoom(int); Reason: Failed to create query for method public abstract org.ruzmetov.hotelproject.entity.Room org.ruzmetov.hotelproject.repository.RoomRepository.createRoom(int); No property 'createRoom' found for type 'Room'
	at org.springframework.beans.factory.support.ConstructorResolver.createArgumentArray(ConstructorResolver.java:802)
	at org.springframework.beans.factory.support.ConstructorResolver.autowireConstructor(ConstructorResolver.java:241)
	at org.springframework.beans.factory.support.AbstractAutowireCapableBeanFactory.autowireConstructor(AbstractAutowireCapableBeanFactory.java:1354)
	at org.springframework.beans.factory.support.AbstractAutowireCapableBeanFactory.createBeanInstance(AbstractAutowireCapableBeanFactory.java:1191)
	at org.springframework.beans.factory.support.AbstractAutowireCapableBeanFactory.doCreateBean(AbstractAutowireCapableBeanFactory.java:561)
	at org.springframework.beans.factory.support.AbstractAutowireCapableBeanFactory.createBean(AbstractAutowireCapableBeanFactory.java:521)
	at org.springframework.beans.factory.support.AbstractBeanFactory.lambda$doGetBean$0(AbstractBeanFactory.java:325)
	at org.springframework.beans.factory.support.DefaultSingletonBeanRegistry.getSingleton(DefaultSingletonBeanRegistry.java:234)
	at org.springframework.beans.factory.support.AbstractBeanFactory.doGetBean(AbstractBeanFactory.java:323)
	at org.springframework.beans.factory.support.AbstractBeanFactory.getBean(AbstractBeanFactory.java:199)
	at org.springframework.beans.factory.support.DefaultListableBeanFactory.preInstantiateSingletons(DefaultListableBeanFactory.java:975)
	at org.springframework.context.support.AbstractApplicationContext.finishBeanFactoryInitialization(AbstractApplicationContext.java:960)
	at org.springframework.context.support.AbstractApplicationContext.refresh(AbstractApplicationContext.java:625)
	at org.springframework.boot.SpringApplication.refresh(SpringApplication.java:762)
	at org.springframework.boot.SpringApplication.refreshContext(SpringApplication.java:464)
	at org.springframework.boot.SpringApplication.run(SpringApplication.java:334)
	at org.springframework.boot.test.context.SpringBootContextLoader.lambda$loadContext$3(SpringBootContextLoader.java:137)
	at org.springframework.util.function.ThrowingSupplier.get(ThrowingSupplier.java:58)
	at org.springframework.util.function.ThrowingSupplier.get(ThrowingSupplier.java:46)
	at org.springframework.boot.SpringApplication.withHook(SpringApplication.java:1458)
	at org.springframework.boot.test.context.SpringBootContextLoader$ContextLoaderHook.run(SpringBootContextLoader.java:552)
	at org.springframework.boot.test.context.SpringBootContextLoader.loadContext(SpringBootContextLoader.java:137)
	at org.springframework.boot.test.context.SpringBootContextLoader.loadContext(SpringBootContextLoader.java:108)
	at org.springframework.test.context.cache.DefaultCacheAwareContextLoaderDelegate.loadContextInternal(DefaultCacheAwareContextLoaderDelegate.java:225)
	at org.springframework.test.context.cache.DefaultCacheAwareContextLoaderDelegate.loadContext(DefaultCacheAwareContextLoaderDelegate.java:152)
	... 73 common frames omitted
Caused by: org.springframework.beans.factory.UnsatisfiedDependencyException: Error creating bean with name 'roomServiceImpl' defined in file [C:\HotelProjectApp\HotelProject\target\classes\org\ruzmetov\hotelproject\service\impl\RoomServiceImpl.class]: Unsatisfied dependency expressed through constructor parameter 0: Error creating bean with name 'roomRepository' defined in org.ruzmetov.hotelproject.repository.RoomRepository defined in @EnableJpaRepositories declared on JpaRepositoriesRegistrar.EnableJpaRepositoriesConfiguration: Could not create query for public abstract org.ruzmetov.hotelproject.entity.Room org.ruzmetov.hotelproject.repository.RoomRepository.createRoom(int); Reason: Failed to create query for method public abstract org.ruzmetov.hotelproject.entity.Room org.ruzmetov.hotelproject.repository.RoomRepository.createRoom(int); No property 'createRoom' found for type 'Room'
	at org.springframework.beans.factory.support.ConstructorResolver.createArgumentArray(ConstructorResolver.java:802)
	at org.springframework.beans.factory.support.ConstructorResolver.autowireConstructor(ConstructorResolver.java:241)
	at org.springframework.beans.factory.support.AbstractAutowireCapableBeanFactory.autowireConstructor(AbstractAutowireCapableBeanFactory.java:1354)
	at org.springframework.beans.factory.support.AbstractAutowireCapableBeanFactory.createBeanInstance(AbstractAutowireCapableBeanFactory.java:1191)
	at org.springframework.beans.factory.support.AbstractAutowireCapableBeanFactory.doCreateBean(AbstractAutowireCapableBeanFactory.java:561)
	at org.springframework.beans.factory.support.AbstractAutowireCapableBeanFactory.createBean(AbstractAutowireCapableBeanFactory.java:521)
	at org.springframework.beans.factory.support.AbstractBeanFactory.lambda$doGetBean$0(AbstractBeanFactory.java:325)
	at org.springframework.beans.factory.support.DefaultSingletonBeanRegistry.getSingleton(DefaultSingletonBeanRegistry.java:234)
	at org.springframework.beans.factory.support.AbstractBeanFactory.doGetBean(AbstractBeanFactory.java:323)
	at org.springframework.beans.factory.support.AbstractBeanFactory.getBean(AbstractBeanFactory.java:199)
	at org.springframework.beans.factory.config.DependencyDescriptor.resolveCandidate(DependencyDescriptor.java:254)
	at org.springframework.beans.factory.support.DefaultListableBeanFactory.doResolveDependency(DefaultListableBeanFactory.java:1443)
	at org.springframework.beans.factory.support.DefaultListableBeanFactory.resolveDependency(DefaultListableBeanFactory.java:1353)
	at org.springframework.beans.factory.support.ConstructorResolver.resolveAutowiredArgument(ConstructorResolver.java:911)
	at org.springframework.beans.factory.support.ConstructorResolver.createArgumentArray(ConstructorResolver.java:789)
	... 97 common frames omitted
Caused by: org.springframework.beans.factory.BeanCreationException: Error creating bean with name 'roomRepository' defined in org.ruzmetov.hotelproject.repository.RoomRepository defined in @EnableJpaRepositories declared on JpaRepositoriesRegistrar.EnableJpaRepositoriesConfiguration: Could not create query for public abstract org.ruzmetov.hotelproject.entity.Room org.ruzmetov.hotelproject.repository.RoomRepository.createRoom(int); Reason: Failed to create query for method public abstract org.ruzmetov.hotelproject.entity.Room org.ruzmetov.hotelproject.repository.RoomRepository.createRoom(int); No property 'createRoom' found for type 'Room'
	at org.springframework.beans.factory.support.AbstractAutowireCapableBeanFactory.initializeBean(AbstractAutowireCapableBeanFactory.java:1773)
	at org.springframework.beans.factory.support.AbstractAutowireCapableBeanFactory.doCreateBean(AbstractAutowireCapableBeanFactory.java:599)
	at org.springframework.beans.factory.support.AbstractAutowireCapableBeanFactory.createBean(AbstractAutowireCapableBeanFactory.java:521)
	at org.springframework.beans.factory.support.AbstractBeanFactory.lambda$doGetBean$0(AbstractBeanFactory.java:325)
	at org.springframework.beans.factory.support.DefaultSingletonBeanRegistry.getSingleton(DefaultSingletonBeanRegistry.java:234)
	at org.springframework.beans.factory.support.AbstractBeanFactory.doGetBean(AbstractBeanFactory.java:323)
	at org.springframework.beans.factory.support.AbstractBeanFactory.getBean(AbstractBeanFactory.java:199)
	at org.springframework.beans.factory.config.DependencyDescriptor.resolveCandidate(DependencyDescriptor.java:254)
	at org.springframework.beans.factory.support.DefaultListableBeanFactory.doResolveDependency(DefaultListableBeanFactory.java:1443)
	at org.springframework.beans.factory.support.DefaultListableBeanFactory.resolveDependency(DefaultListableBeanFactory.java:1353)
	at org.springframework.beans.factory.support.ConstructorResolver.resolveAutowiredArgument(ConstructorResolver.java:911)
	at org.springframework.beans.factory.support.ConstructorResolver.createArgumentArray(ConstructorResolver.java:789)
	... 111 common frames omitted
Caused by: org.springframework.data.repository.query.QueryCreationException: Could not create query for public abstract org.ruzmetov.hotelproject.entity.Room org.ruzmetov.hotelproject.repository.RoomRepository.createRoom(int); Reason: Failed to create query for method public abstract org.ruzmetov.hotelproject.entity.Room org.ruzmetov.hotelproject.repository.RoomRepository.createRoom(int); No property 'createRoom' found for type 'Room'
	at org.springframework.data.repository.query.QueryCreationException.create(QueryCreationException.java:101)
	at org.springframework.data.repository.core.support.QueryExecutorMethodInterceptor.lookupQuery(QueryExecutorMethodInterceptor.java:115)
	at org.springframework.data.repository.core.support.QueryExecutorMethodInterceptor.mapMethodsToQuery(QueryExecutorMethodInterceptor.java:99)
	at org.springframework.data.repository.core.support.QueryExecutorMethodInterceptor.lambda$new$0(QueryExecutorMethodInterceptor.java:88)
	at java.base/java.util.Optional.map(Optional.java:260)
	at org.springframework.data.repository.core.support.QueryExecutorMethodInterceptor.<init>(QueryExecutorMethodInterceptor.java:88)
	at org.springframework.data.repository.core.support.RepositoryFactorySupport.getRepository(RepositoryFactorySupport.java:357)
	at org.springframework.data.repository.core.support.RepositoryFactoryBeanSupport.lambda$afterPropertiesSet$5(RepositoryFactoryBeanSupport.java:279)
	at org.springframework.data.util.Lazy.getNullable(Lazy.java:135)
	at org.springframework.data.util.Lazy.get(Lazy.java:113)
	at org.springframework.data.repository.core.support.RepositoryFactoryBeanSupport.afterPropertiesSet(RepositoryFactoryBeanSupport.java:285)
	at org.springframework.data.jpa.repository.support.JpaRepositoryFactoryBean.afterPropertiesSet(JpaRepositoryFactoryBean.java:132)
	at org.springframework.beans.factory.support.AbstractAutowireCapableBeanFactory.invokeInitMethods(AbstractAutowireCapableBeanFactory.java:1820)
	at org.springframework.beans.factory.support.AbstractAutowireCapableBeanFactory.initializeBean(AbstractAutowireCapableBeanFactory.java:1769)
	... 122 common frames omitted
Caused by: java.lang.IllegalArgumentException: Failed to create query for method public abstract org.ruzmetov.hotelproject.entity.Room org.ruzmetov.hotelproject.repository.RoomRepository.createRoom(int); No property 'createRoom' found for type 'Room'
	at org.springframework.data.jpa.repository.query.PartTreeJpaQuery.<init>(PartTreeJpaQuery.java:107)
	at org.springframework.data.jpa.repository.query.JpaQueryLookupStrategy$CreateQueryLookupStrategy.resolveQuery(JpaQueryLookupStrategy.java:124)
	at org.springframework.data.jpa.repository.query.JpaQueryLookupStrategy$CreateIfNotFoundQueryLookupStrategy.resolveQuery(JpaQueryLookupStrategy.java:258)
	at org.springframework.data.jpa.repository.query.JpaQueryLookupStrategy$AbstractQueryLookupStrategy.resolveQuery(JpaQueryLookupStrategy.java:95)
	at org.springframework.data.repository.core.support.QueryExecutorMethodInterceptor.lookupQuery(QueryExecutorMethodInterceptor.java:111)
	... 134 common frames omitted
Caused by: org.springframework.data.mapping.PropertyReferenceException: No property 'createRoom' found for type 'Room'
	at org.springframework.data.mapping.PropertyPath.<init>(PropertyPath.java:90)
	at org.springframework.data.mapping.PropertyPath.create(PropertyPath.java:443)
	at org.springframework.data.mapping.PropertyPath.create(PropertyPath.java:419)
	at org.springframework.data.mapping.PropertyPath.lambda$from$0(PropertyPath.java:372)
	at java.base/java.util.concurrent.ConcurrentMap.computeIfAbsent(ConcurrentMap.java:330)
	at org.springframework.data.mapping.PropertyPath.from(PropertyPath.java:354)
	at org.springframework.data.mapping.PropertyPath.from(PropertyPath.java:332)
	at org.springframework.data.repository.query.parser.Part.<init>(Part.java:81)
	at org.springframework.data.repository.query.parser.PartTree$OrPart.lambda$new$0(PartTree.java:259)
	at java.base/java.util.stream.ReferencePipeline$3$1.accept(ReferencePipeline.java:197)
	at java.base/java.util.stream.ReferencePipeline$2$1.accept(ReferencePipeline.java:179)
	at java.base/java.util.Spliterators$ArraySpliterator.forEachRemaining(Spliterators.java:1024)
	at java.base/java.util.stream.AbstractPipeline.copyInto(AbstractPipeline.java:509)
	at java.base/java.util.stream.AbstractPipeline.wrapAndCopyInto(AbstractPipeline.java:499)
	at java.base/java.util.stream.ReduceOps$ReduceOp.evaluateSequential(ReduceOps.java:921)
	at java.base/java.util.stream.AbstractPipeline.evaluate(AbstractPipeline.java:234)
	at java.base/java.util.stream.ReferencePipeline.collect(ReferencePipeline.java:682)
	at org.springframework.data.repository.query.parser.PartTree$OrPart.<init>(PartTree.java:260)
	at org.springframework.data.repository.query.parser.PartTree$Predicate.lambda$new$0(PartTree.java:389)
	at java.base/java.util.stream.ReferencePipeline$3$1.accept(ReferencePipeline.java:197)
	at java.base/java.util.stream.ReferencePipeline$2$1.accept(ReferencePipeline.java:179)
	at java.base/java.util.Spliterators$ArraySpliterator.forEachRemaining(Spliterators.java:1024)
	at java.base/java.util.stream.AbstractPipeline.copyInto(AbstractPipeline.java:509)
	at java.base/java.util.stream.AbstractPipeline.wrapAndCopyInto(AbstractPipeline.java:499)
	at java.base/java.util.stream.ReduceOps$ReduceOp.evaluateSequential(ReduceOps.java:921)
	at java.base/java.util.stream.AbstractPipeline.evaluate(AbstractPipeline.java:234)
	at java.base/java.util.stream.ReferencePipeline.collect(ReferencePipeline.java:682)
	at org.springframework.data.repository.query.parser.PartTree$Predicate.<init>(PartTree.java:390)
	at org.springframework.data.repository.query.parser.PartTree.<init>(PartTree.java:100)
	at org.springframework.data.jpa.repository.query.PartTreeJpaQuery.<init>(PartTreeJpaQuery.java:100)
	... 138 common frames omitted
14.03.2024 11:22:55.406 [main] INFO  o.s.t.c.s.AnnotationConfigContextLoaderUtils - Could not detect default configuration classes for test class [org.ruzmetov.hotelproject.controller.rest.EventControllerTest]: EventControllerTest does not declare any static, non-private, non-final, nested classes annotated with @Configuration.
14.03.2024 11:22:55.580 [main] INFO  o.s.b.t.c.SpringBootTestContextBootstrapper - Found @SpringBootConfiguration org.ruzmetov.hotelproject.HotelProjectApplication for test class org.ruzmetov.hotelproject.controller.rest.EventControllerTest
14.03.2024 11:22:55.593 [main] WARN  o.s.t.c.TestContextManager - Caught exception while allowing TestExecutionListener [org.springframework.test.context.web.ServletTestExecutionListener] to prepare test instance [org.ruzmetov.hotelproject.controller.rest.EventControllerTest@768eafb7]
java.lang.IllegalStateException: ApplicationContext failure threshold (1) exceeded: skipping repeated attempt to load context for [WebMergedContextConfiguration@1eb4bd92 testClass = org.ruzmetov.hotelproject.controller.rest.EventControllerTest, locations = [], classes = [org.ruzmetov.hotelproject.HotelProjectApplication], contextInitializerClasses = [], activeProfiles = [], propertySourceDescriptors = [], propertySourceProperties = ["org.springframework.boot.test.context.SpringBootTestContextBootstrapper=true"], contextCustomizers = [[ImportsContextCustomizer@13434a33 key = [org.springframework.boot.test.autoconfigure.web.servlet.MockMvcWebDriverAutoConfiguration, org.springframework.boot.test.autoconfigure.web.servlet.MockMvcAutoConfiguration, org.springframework.boot.autoconfigure.security.oauth2.client.servlet.OAuth2ClientAutoConfiguration, org.springframework.boot.autoconfigure.security.servlet.SecurityAutoConfiguration, org.springframework.boot.autoconfigure.security.servlet.SecurityFilterAutoConfiguration, org.springframework.boot.autoconfigure.security.servlet.UserDetailsServiceAutoConfiguration, org.springframework.boot.autoconfigure.security.oauth2.resource.servlet.OAuth2ResourceServerAutoConfiguration, org.springframework.boot.test.autoconfigure.web.servlet.MockMvcSecurityConfiguration, org.springframework.boot.test.autoconfigure.web.servlet.MockMvcWebClientAutoConfiguration, org.springframework.boot.test.autoconfigure.web.reactive.WebTestClientAutoConfiguration]], org.springframework.boot.test.context.filter.ExcludeFilterContextCustomizer@3028e50e, org.springframework.boot.test.json.DuplicateJsonObjectContextCustomizerFactory$DuplicateJsonObjectContextCustomizer@5dc3fcb7, org.springframework.boot.test.mock.mockito.MockitoContextCustomizer@0, org.springframework.boot.test.web.client.TestRestTemplateContextCustomizer@34523d46, org.springframework.boot.test.autoconfigure.actuate.observability.ObservabilityContextCustomizerFactory$DisableObservabilityContextCustomizer@1f, org.springframework.boot.test.autoconfigure.properties.PropertyMappingContextCustomizer@4b3fa0b3, org.springframework.boot.test.autoconfigure.web.servlet.WebDriverContextCustomizer@21325036, org.springframework.boot.test.context.SpringBootTestAnnotation@ffa71f89], resourceBasePath = "src/main/webapp", contextLoader = org.springframework.boot.test.context.SpringBootContextLoader, parent = null]
	at org.springframework.test.context.cache.DefaultCacheAwareContextLoaderDelegate.loadContext(DefaultCacheAwareContextLoaderDelegate.java:145)
	at org.springframework.test.context.support.DefaultTestContext.getApplicationContext(DefaultTestContext.java:130)
	at org.springframework.test.context.web.ServletTestExecutionListener.setUpRequestContextIfNecessary(ServletTestExecutionListener.java:191)
	at org.springframework.test.context.web.ServletTestExecutionListener.prepareTestInstance(ServletTestExecutionListener.java:130)
	at org.springframework.test.context.TestContextManager.prepareTestInstance(TestContextManager.java:260)
	at org.springframework.test.context.junit.jupiter.SpringExtension.postProcessTestInstance(SpringExtension.java:163)
	at org.junit.jupiter.engine.descriptor.ClassBasedTestDescriptor.lambda$invokeTestInstancePostProcessors$10(ClassBasedTestDescriptor.java:378)
	at org.junit.jupiter.engine.descriptor.ClassBasedTestDescriptor.executeAndMaskThrowable(ClassBasedTestDescriptor.java:383)
	at org.junit.jupiter.engine.descriptor.ClassBasedTestDescriptor.lambda$invokeTestInstancePostProcessors$11(ClassBasedTestDescriptor.java:378)
	at java.base/java.util.stream.ReferencePipeline$3$1.accept(ReferencePipeline.java:197)
	at java.base/java.util.stream.ReferencePipeline$2$1.accept(ReferencePipeline.java:179)
	at java.base/java.util.ArrayList$ArrayListSpliterator.forEachRemaining(ArrayList.java:1708)
	at java.base/java.util.stream.AbstractPipeline.copyInto(AbstractPipeline.java:509)
	at java.base/java.util.stream.AbstractPipeline.wrapAndCopyInto(AbstractPipeline.java:499)
	at java.base/java.util.stream.StreamSpliterators$WrappingSpliterator.forEachRemaining(StreamSpliterators.java:310)
	at java.base/java.util.stream.Streams$ConcatSpliterator.forEachRemaining(Streams.java:735)
	at java.base/java.util.stream.Streams$ConcatSpliterator.forEachRemaining(Streams.java:734)
	at java.base/java.util.stream.ReferencePipeline$Head.forEach(ReferencePipeline.java:762)
	at org.junit.jupiter.engine.descriptor.ClassBasedTestDescriptor.invokeTestInstancePostProcessors(ClassBasedTestDescriptor.java:377)
	at org.junit.jupiter.engine.descriptor.ClassBasedTestDescriptor.lambda$instantiateAndPostProcessTestInstance$6(ClassBasedTestDescriptor.java:290)
	at org.junit.platform.engine.support.hierarchical.ThrowableCollector.execute(ThrowableCollector.java:73)
	at org.junit.jupiter.engine.descriptor.ClassBasedTestDescriptor.instantiateAndPostProcessTestInstance(ClassBasedTestDescriptor.java:289)
	at org.junit.jupiter.engine.descriptor.ClassBasedTestDescriptor.lambda$testInstancesProvider$4(ClassBasedTestDescriptor.java:279)
	at java.base/java.util.Optional.orElseGet(Optional.java:364)
	at org.junit.jupiter.engine.descriptor.ClassBasedTestDescriptor.lambda$testInstancesProvider$5(ClassBasedTestDescriptor.java:278)
	at org.junit.jupiter.engine.execution.TestInstancesProvider.getTestInstances(TestInstancesProvider.java:31)
	at org.junit.jupiter.engine.descriptor.TestMethodTestDescriptor.lambda$prepare$0(TestMethodTestDescriptor.java:106)
	at org.junit.platform.engine.support.hierarchical.ThrowableCollector.execute(ThrowableCollector.java:73)
	at org.junit.jupiter.engine.descriptor.TestMethodTestDescriptor.prepare(TestMethodTestDescriptor.java:105)
	at org.junit.jupiter.engine.descriptor.TestMethodTestDescriptor.prepare(TestMethodTestDescriptor.java:69)
	at org.junit.platform.engine.support.hierarchical.NodeTestTask.lambda$prepare$2(NodeTestTask.java:123)
	at org.junit.platform.engine.support.hierarchical.ThrowableCollector.execute(ThrowableCollector.java:73)
	at org.junit.platform.engine.support.hierarchical.NodeTestTask.prepare(NodeTestTask.java:123)
	at org.junit.platform.engine.support.hierarchical.NodeTestTask.execute(NodeTestTask.java:90)
	at java.base/java.util.ArrayList.forEach(ArrayList.java:1596)
	at org.junit.platform.engine.support.hierarchical.SameThreadHierarchicalTestExecutorService.invokeAll(SameThreadHierarchicalTestExecutorService.java:41)
	at org.junit.platform.engine.support.hierarchical.NodeTestTask.lambda$executeRecursively$6(NodeTestTask.java:155)
	at org.junit.platform.engine.support.hierarchical.ThrowableCollector.execute(ThrowableCollector.java:73)
	at org.junit.platform.engine.support.hierarchical.NodeTestTask.lambda$executeRecursively$8(NodeTestTask.java:141)
	at org.junit.platform.engine.support.hierarchical.Node.around(Node.java:137)
	at org.junit.platform.engine.support.hierarchical.NodeTestTask.lambda$executeRecursively$9(NodeTestTask.java:139)
	at org.junit.platform.engine.support.hierarchical.ThrowableCollector.execute(ThrowableCollector.java:73)
	at org.junit.platform.engine.support.hierarchical.NodeTestTask.executeRecursively(NodeTestTask.java:138)
	at org.junit.platform.engine.support.hierarchical.NodeTestTask.execute(NodeTestTask.java:95)
	at java.base/java.util.ArrayList.forEach(ArrayList.java:1596)
	at org.junit.platform.engine.support.hierarchical.SameThreadHierarchicalTestExecutorService.invokeAll(SameThreadHierarchicalTestExecutorService.java:41)
	at org.junit.platform.engine.support.hierarchical.NodeTestTask.lambda$executeRecursively$6(NodeTestTask.java:155)
	at org.junit.platform.engine.support.hierarchical.ThrowableCollector.execute(ThrowableCollector.java:73)
	at org.junit.platform.engine.support.hierarchical.NodeTestTask.lambda$executeRecursively$8(NodeTestTask.java:141)
	at org.junit.platform.engine.support.hierarchical.Node.around(Node.java:137)
	at org.junit.platform.engine.support.hierarchical.NodeTestTask.lambda$executeRecursively$9(NodeTestTask.java:139)
	at org.junit.platform.engine.support.hierarchical.ThrowableCollector.execute(ThrowableCollector.java:73)
	at org.junit.platform.engine.support.hierarchical.NodeTestTask.executeRecursively(NodeTestTask.java:138)
	at org.junit.platform.engine.support.hierarchical.NodeTestTask.execute(NodeTestTask.java:95)
	at org.junit.platform.engine.support.hierarchical.SameThreadHierarchicalTestExecutorService.submit(SameThreadHierarchicalTestExecutorService.java:35)
	at org.junit.platform.engine.support.hierarchical.HierarchicalTestExecutor.execute(HierarchicalTestExecutor.java:57)
	at org.junit.platform.engine.support.hierarchical.HierarchicalTestEngine.execute(HierarchicalTestEngine.java:54)
	at org.junit.platform.launcher.core.EngineExecutionOrchestrator.execute(EngineExecutionOrchestrator.java:198)
	at org.junit.platform.launcher.core.EngineExecutionOrchestrator.execute(EngineExecutionOrchestrator.java:169)
	at org.junit.platform.launcher.core.EngineExecutionOrchestrator.execute(EngineExecutionOrchestrator.java:93)
	at org.junit.platform.launcher.core.EngineExecutionOrchestrator.lambda$execute$0(EngineExecutionOrchestrator.java:58)
	at org.junit.platform.launcher.core.EngineExecutionOrchestrator.withInterceptedStreams(EngineExecutionOrchestrator.java:141)
	at org.junit.platform.launcher.core.EngineExecutionOrchestrator.execute(EngineExecutionOrchestrator.java:57)
	at org.junit.platform.launcher.core.DefaultLauncher.execute(DefaultLauncher.java:103)
	at org.junit.platform.launcher.core.DefaultLauncher.execute(DefaultLauncher.java:85)
	at org.junit.platform.launcher.core.DelegatingLauncher.execute(DelegatingLauncher.java:47)
	at org.apache.maven.surefire.junitplatform.LazyLauncher.execute(LazyLauncher.java:56)
	at org.apache.maven.surefire.junitplatform.JUnitPlatformProvider.execute(JUnitPlatformProvider.java:184)
	at org.apache.maven.surefire.junitplatform.JUnitPlatformProvider.invokeAllTests(JUnitPlatformProvider.java:148)
	at org.apache.maven.surefire.junitplatform.JUnitPlatformProvider.invoke(JUnitPlatformProvider.java:122)
	at org.apache.maven.surefire.booter.ForkedBooter.runSuitesInProcess(ForkedBooter.java:385)
	at org.apache.maven.surefire.booter.ForkedBooter.execute(ForkedBooter.java:162)
	at org.apache.maven.surefire.booter.ForkedBooter.run(ForkedBooter.java:507)
	at org.apache.maven.surefire.booter.ForkedBooter.main(ForkedBooter.java:495)
14.03.2024 11:22:55.636 [main] INFO  o.s.t.c.s.AnnotationConfigContextLoaderUtils - Could not detect default configuration classes for test class [org.ruzmetov.hotelproject.controller.rest.PaymentControllerTest]: PaymentControllerTest does not declare any static, non-private, non-final, nested classes annotated with @Configuration.
14.03.2024 11:22:55.650 [main] INFO  o.s.b.t.c.SpringBootTestContextBootstrapper - Found @SpringBootConfiguration org.ruzmetov.hotelproject.HotelProjectApplication for test class org.ruzmetov.hotelproject.controller.rest.PaymentControllerTest
14.03.2024 11:22:55.657 [main] WARN  o.s.t.c.TestContextManager - Caught exception while allowing TestExecutionListener [org.springframework.test.context.web.ServletTestExecutionListener] to prepare test instance [org.ruzmetov.hotelproject.controller.rest.PaymentControllerTest@6e4b3e56]
java.lang.IllegalStateException: ApplicationContext failure threshold (1) exceeded: skipping repeated attempt to load context for [WebMergedContextConfiguration@4e5ac029 testClass = org.ruzmetov.hotelproject.controller.rest.PaymentControllerTest, locations = [], classes = [org.ruzmetov.hotelproject.HotelProjectApplication], contextInitializerClasses = [], activeProfiles = [], propertySourceDescriptors = [], propertySourceProperties = ["org.springframework.boot.test.context.SpringBootTestContextBootstrapper=true"], contextCustomizers = [[ImportsContextCustomizer@259b8c13 key = [org.springframework.boot.test.autoconfigure.web.servlet.MockMvcWebDriverAutoConfiguration, org.springframework.boot.test.autoconfigure.web.servlet.MockMvcAutoConfiguration, org.springframework.boot.autoconfigure.security.oauth2.client.servlet.OAuth2ClientAutoConfiguration, org.springframework.boot.autoconfigure.security.servlet.SecurityAutoConfiguration, org.springframework.boot.autoconfigure.security.servlet.SecurityFilterAutoConfiguration, org.springframework.boot.autoconfigure.security.servlet.UserDetailsServiceAutoConfiguration, org.springframework.boot.autoconfigure.security.oauth2.resource.servlet.OAuth2ResourceServerAutoConfiguration, org.springframework.boot.test.autoconfigure.web.servlet.MockMvcSecurityConfiguration, org.springframework.boot.test.autoconfigure.web.servlet.MockMvcWebClientAutoConfiguration, org.springframework.boot.test.autoconfigure.web.reactive.WebTestClientAutoConfiguration]], org.springframework.boot.test.context.filter.ExcludeFilterContextCustomizer@3028e50e, org.springframework.boot.test.json.DuplicateJsonObjectContextCustomizerFactory$DuplicateJsonObjectContextCustomizer@5dc3fcb7, org.springframework.boot.test.mock.mockito.MockitoContextCustomizer@0, org.springframework.boot.test.web.client.TestRestTemplateContextCustomizer@34523d46, org.springframework.boot.test.autoconfigure.actuate.observability.ObservabilityContextCustomizerFactory$DisableObservabilityContextCustomizer@1f, org.springframework.boot.test.autoconfigure.properties.PropertyMappingContextCustomizer@4b3fa0b3, org.springframework.boot.test.autoconfigure.web.servlet.WebDriverContextCustomizer@21325036, org.springframework.boot.test.context.SpringBootTestAnnotation@ffa71f89], resourceBasePath = "src/main/webapp", contextLoader = org.springframework.boot.test.context.SpringBootContextLoader, parent = null]
	at org.springframework.test.context.cache.DefaultCacheAwareContextLoaderDelegate.loadContext(DefaultCacheAwareContextLoaderDelegate.java:145)
	at org.springframework.test.context.support.DefaultTestContext.getApplicationContext(DefaultTestContext.java:130)
	at org.springframework.test.context.web.ServletTestExecutionListener.setUpRequestContextIfNecessary(ServletTestExecutionListener.java:191)
	at org.springframework.test.context.web.ServletTestExecutionListener.prepareTestInstance(ServletTestExecutionListener.java:130)
	at org.springframework.test.context.TestContextManager.prepareTestInstance(TestContextManager.java:260)
	at org.springframework.test.context.junit.jupiter.SpringExtension.postProcessTestInstance(SpringExtension.java:163)
	at org.junit.jupiter.engine.descriptor.ClassBasedTestDescriptor.lambda$invokeTestInstancePostProcessors$10(ClassBasedTestDescriptor.java:378)
	at org.junit.jupiter.engine.descriptor.ClassBasedTestDescriptor.executeAndMaskThrowable(ClassBasedTestDescriptor.java:383)
	at org.junit.jupiter.engine.descriptor.ClassBasedTestDescriptor.lambda$invokeTestInstancePostProcessors$11(ClassBasedTestDescriptor.java:378)
	at java.base/java.util.stream.ReferencePipeline$3$1.accept(ReferencePipeline.java:197)
	at java.base/java.util.stream.ReferencePipeline$2$1.accept(ReferencePipeline.java:179)
	at java.base/java.util.ArrayList$ArrayListSpliterator.forEachRemaining(ArrayList.java:1708)
	at java.base/java.util.stream.AbstractPipeline.copyInto(AbstractPipeline.java:509)
	at java.base/java.util.stream.AbstractPipeline.wrapAndCopyInto(AbstractPipeline.java:499)
	at java.base/java.util.stream.StreamSpliterators$WrappingSpliterator.forEachRemaining(StreamSpliterators.java:310)
	at java.base/java.util.stream.Streams$ConcatSpliterator.forEachRemaining(Streams.java:735)
	at java.base/java.util.stream.Streams$ConcatSpliterator.forEachRemaining(Streams.java:734)
	at java.base/java.util.stream.ReferencePipeline$Head.forEach(ReferencePipeline.java:762)
	at org.junit.jupiter.engine.descriptor.ClassBasedTestDescriptor.invokeTestInstancePostProcessors(ClassBasedTestDescriptor.java:377)
	at org.junit.jupiter.engine.descriptor.ClassBasedTestDescriptor.lambda$instantiateAndPostProcessTestInstance$6(ClassBasedTestDescriptor.java:290)
	at org.junit.platform.engine.support.hierarchical.ThrowableCollector.execute(ThrowableCollector.java:73)
	at org.junit.jupiter.engine.descriptor.ClassBasedTestDescriptor.instantiateAndPostProcessTestInstance(ClassBasedTestDescriptor.java:289)
	at org.junit.jupiter.engine.descriptor.ClassBasedTestDescriptor.lambda$testInstancesProvider$4(ClassBasedTestDescriptor.java:279)
	at java.base/java.util.Optional.orElseGet(Optional.java:364)
	at org.junit.jupiter.engine.descriptor.ClassBasedTestDescriptor.lambda$testInstancesProvider$5(ClassBasedTestDescriptor.java:278)
	at org.junit.jupiter.engine.execution.TestInstancesProvider.getTestInstances(TestInstancesProvider.java:31)
	at org.junit.jupiter.engine.descriptor.TestMethodTestDescriptor.lambda$prepare$0(TestMethodTestDescriptor.java:106)
	at org.junit.platform.engine.support.hierarchical.ThrowableCollector.execute(ThrowableCollector.java:73)
	at org.junit.jupiter.engine.descriptor.TestMethodTestDescriptor.prepare(TestMethodTestDescriptor.java:105)
	at org.junit.jupiter.engine.descriptor.TestMethodTestDescriptor.prepare(TestMethodTestDescriptor.java:69)
	at org.junit.platform.engine.support.hierarchical.NodeTestTask.lambda$prepare$2(NodeTestTask.java:123)
	at org.junit.platform.engine.support.hierarchical.ThrowableCollector.execute(ThrowableCollector.java:73)
	at org.junit.platform.engine.support.hierarchical.NodeTestTask.prepare(NodeTestTask.java:123)
	at org.junit.platform.engine.support.hierarchical.NodeTestTask.execute(NodeTestTask.java:90)
	at java.base/java.util.ArrayList.forEach(ArrayList.java:1596)
	at org.junit.platform.engine.support.hierarchical.SameThreadHierarchicalTestExecutorService.invokeAll(SameThreadHierarchicalTestExecutorService.java:41)
	at org.junit.platform.engine.support.hierarchical.NodeTestTask.lambda$executeRecursively$6(NodeTestTask.java:155)
	at org.junit.platform.engine.support.hierarchical.ThrowableCollector.execute(ThrowableCollector.java:73)
	at org.junit.platform.engine.support.hierarchical.NodeTestTask.lambda$executeRecursively$8(NodeTestTask.java:141)
	at org.junit.platform.engine.support.hierarchical.Node.around(Node.java:137)
	at org.junit.platform.engine.support.hierarchical.NodeTestTask.lambda$executeRecursively$9(NodeTestTask.java:139)
	at org.junit.platform.engine.support.hierarchical.ThrowableCollector.execute(ThrowableCollector.java:73)
	at org.junit.platform.engine.support.hierarchical.NodeTestTask.executeRecursively(NodeTestTask.java:138)
	at org.junit.platform.engine.support.hierarchical.NodeTestTask.execute(NodeTestTask.java:95)
	at java.base/java.util.ArrayList.forEach(ArrayList.java:1596)
	at org.junit.platform.engine.support.hierarchical.SameThreadHierarchicalTestExecutorService.invokeAll(SameThreadHierarchicalTestExecutorService.java:41)
	at org.junit.platform.engine.support.hierarchical.NodeTestTask.lambda$executeRecursively$6(NodeTestTask.java:155)
	at org.junit.platform.engine.support.hierarchical.ThrowableCollector.execute(ThrowableCollector.java:73)
	at org.junit.platform.engine.support.hierarchical.NodeTestTask.lambda$executeRecursively$8(NodeTestTask.java:141)
	at org.junit.platform.engine.support.hierarchical.Node.around(Node.java:137)
	at org.junit.platform.engine.support.hierarchical.NodeTestTask.lambda$executeRecursively$9(NodeTestTask.java:139)
	at org.junit.platform.engine.support.hierarchical.ThrowableCollector.execute(ThrowableCollector.java:73)
	at org.junit.platform.engine.support.hierarchical.NodeTestTask.executeRecursively(NodeTestTask.java:138)
	at org.junit.platform.engine.support.hierarchical.NodeTestTask.execute(NodeTestTask.java:95)
	at org.junit.platform.engine.support.hierarchical.SameThreadHierarchicalTestExecutorService.submit(SameThreadHierarchicalTestExecutorService.java:35)
	at org.junit.platform.engine.support.hierarchical.HierarchicalTestExecutor.execute(HierarchicalTestExecutor.java:57)
	at org.junit.platform.engine.support.hierarchical.HierarchicalTestEngine.execute(HierarchicalTestEngine.java:54)
	at org.junit.platform.launcher.core.EngineExecutionOrchestrator.execute(EngineExecutionOrchestrator.java:198)
	at org.junit.platform.launcher.core.EngineExecutionOrchestrator.execute(EngineExecutionOrchestrator.java:169)
	at org.junit.platform.launcher.core.EngineExecutionOrchestrator.execute(EngineExecutionOrchestrator.java:93)
	at org.junit.platform.launcher.core.EngineExecutionOrchestrator.lambda$execute$0(EngineExecutionOrchestrator.java:58)
	at org.junit.platform.launcher.core.EngineExecutionOrchestrator.withInterceptedStreams(EngineExecutionOrchestrator.java:141)
	at org.junit.platform.launcher.core.EngineExecutionOrchestrator.execute(EngineExecutionOrchestrator.java:57)
	at org.junit.platform.launcher.core.DefaultLauncher.execute(DefaultLauncher.java:103)
	at org.junit.platform.launcher.core.DefaultLauncher.execute(DefaultLauncher.java:85)
	at org.junit.platform.launcher.core.DelegatingLauncher.execute(DelegatingLauncher.java:47)
	at org.apache.maven.surefire.junitplatform.LazyLauncher.execute(LazyLauncher.java:56)
	at org.apache.maven.surefire.junitplatform.JUnitPlatformProvider.execute(JUnitPlatformProvider.java:184)
	at org.apache.maven.surefire.junitplatform.JUnitPlatformProvider.invokeAllTests(JUnitPlatformProvider.java:148)
	at org.apache.maven.surefire.junitplatform.JUnitPlatformProvider.invoke(JUnitPlatformProvider.java:122)
	at org.apache.maven.surefire.booter.ForkedBooter.runSuitesInProcess(ForkedBooter.java:385)
	at org.apache.maven.surefire.booter.ForkedBooter.execute(ForkedBooter.java:162)
	at org.apache.maven.surefire.booter.ForkedBooter.run(ForkedBooter.java:507)
	at org.apache.maven.surefire.booter.ForkedBooter.main(ForkedBooter.java:495)
14.03.2024 11:22:55.693 [main] INFO  o.s.t.c.s.AnnotationConfigContextLoaderUtils - Could not detect default configuration classes for test class [org.ruzmetov.hotelproject.controller.rest.ReservationControllerTest]: ReservationControllerTest does not declare any static, non-private, non-final, nested classes annotated with @Configuration.
14.03.2024 11:22:55.707 [main] INFO  o.s.b.t.c.SpringBootTestContextBootstrapper - Found @SpringBootConfiguration org.ruzmetov.hotelproject.HotelProjectApplication for test class org.ruzmetov.hotelproject.controller.rest.ReservationControllerTest
14.03.2024 11:22:55.759 [main] WARN  o.s.t.c.TestContextManager - Caught exception while allowing TestExecutionListener [org.springframework.test.context.web.ServletTestExecutionListener] to prepare test instance [org.ruzmetov.hotelproject.controller.rest.ReservationControllerTest@22f144b1]
java.lang.IllegalStateException: ApplicationContext failure threshold (1) exceeded: skipping repeated attempt to load context for [WebMergedContextConfiguration@245b37f2 testClass = org.ruzmetov.hotelproject.controller.rest.ReservationControllerTest, locations = [], classes = [org.ruzmetov.hotelproject.HotelProjectApplication], contextInitializerClasses = [], activeProfiles = [], propertySourceDescriptors = [], propertySourceProperties = ["org.springframework.boot.test.context.SpringBootTestContextBootstrapper=true"], contextCustomizers = [[ImportsContextCustomizer@7773054a key = [org.springframework.boot.test.autoconfigure.web.servlet.MockMvcWebDriverAutoConfiguration, org.springframework.boot.test.autoconfigure.web.servlet.MockMvcAutoConfiguration, org.springframework.boot.autoconfigure.security.oauth2.client.servlet.OAuth2ClientAutoConfiguration, org.springframework.boot.autoconfigure.security.servlet.SecurityAutoConfiguration, org.springframework.boot.autoconfigure.security.servlet.SecurityFilterAutoConfiguration, org.springframework.boot.autoconfigure.security.servlet.UserDetailsServiceAutoConfiguration, org.springframework.boot.autoconfigure.security.oauth2.resource.servlet.OAuth2ResourceServerAutoConfiguration, org.springframework.boot.test.autoconfigure.web.servlet.MockMvcSecurityConfiguration, org.springframework.boot.test.autoconfigure.web.servlet.MockMvcWebClientAutoConfiguration, org.springframework.boot.test.autoconfigure.web.reactive.WebTestClientAutoConfiguration]], org.springframework.boot.test.context.filter.ExcludeFilterContextCustomizer@3028e50e, org.springframework.boot.test.json.DuplicateJsonObjectContextCustomizerFactory$DuplicateJsonObjectContextCustomizer@5dc3fcb7, org.springframework.boot.test.mock.mockito.MockitoContextCustomizer@0, org.springframework.boot.test.web.client.TestRestTemplateContextCustomizer@34523d46, org.springframework.boot.test.autoconfigure.actuate.observability.ObservabilityContextCustomizerFactory$DisableObservabilityContextCustomizer@1f, org.springframework.boot.test.autoconfigure.properties.PropertyMappingContextCustomizer@4b3fa0b3, org.springframework.boot.test.autoconfigure.web.servlet.WebDriverContextCustomizer@21325036, org.springframework.boot.test.context.SpringBootTestAnnotation@ffa71f89], resourceBasePath = "src/main/webapp", contextLoader = org.springframework.boot.test.context.SpringBootContextLoader, parent = null]
	at org.springframework.test.context.cache.DefaultCacheAwareContextLoaderDelegate.loadContext(DefaultCacheAwareContextLoaderDelegate.java:145)
	at org.springframework.test.context.support.DefaultTestContext.getApplicationContext(DefaultTestContext.java:130)
	at org.springframework.test.context.web.ServletTestExecutionListener.setUpRequestContextIfNecessary(ServletTestExecutionListener.java:191)
	at org.springframework.test.context.web.ServletTestExecutionListener.prepareTestInstance(ServletTestExecutionListener.java:130)
	at org.springframework.test.context.TestContextManager.prepareTestInstance(TestContextManager.java:260)
	at org.springframework.test.context.junit.jupiter.SpringExtension.postProcessTestInstance(SpringExtension.java:163)
	at org.junit.jupiter.engine.descriptor.ClassBasedTestDescriptor.lambda$invokeTestInstancePostProcessors$10(ClassBasedTestDescriptor.java:378)
	at org.junit.jupiter.engine.descriptor.ClassBasedTestDescriptor.executeAndMaskThrowable(ClassBasedTestDescriptor.java:383)
	at org.junit.jupiter.engine.descriptor.ClassBasedTestDescriptor.lambda$invokeTestInstancePostProcessors$11(ClassBasedTestDescriptor.java:378)
	at java.base/java.util.stream.ReferencePipeline$3$1.accept(ReferencePipeline.java:197)
	at java.base/java.util.stream.ReferencePipeline$2$1.accept(ReferencePipeline.java:179)
	at java.base/java.util.ArrayList$ArrayListSpliterator.forEachRemaining(ArrayList.java:1708)
	at java.base/java.util.stream.AbstractPipeline.copyInto(AbstractPipeline.java:509)
	at java.base/java.util.stream.AbstractPipeline.wrapAndCopyInto(AbstractPipeline.java:499)
	at java.base/java.util.stream.StreamSpliterators$WrappingSpliterator.forEachRemaining(StreamSpliterators.java:310)
	at java.base/java.util.stream.Streams$ConcatSpliterator.forEachRemaining(Streams.java:735)
	at java.base/java.util.stream.Streams$ConcatSpliterator.forEachRemaining(Streams.java:734)
	at java.base/java.util.stream.ReferencePipeline$Head.forEach(ReferencePipeline.java:762)
	at org.junit.jupiter.engine.descriptor.ClassBasedTestDescriptor.invokeTestInstancePostProcessors(ClassBasedTestDescriptor.java:377)
	at org.junit.jupiter.engine.descriptor.ClassBasedTestDescriptor.lambda$instantiateAndPostProcessTestInstance$6(ClassBasedTestDescriptor.java:290)
	at org.junit.platform.engine.support.hierarchical.ThrowableCollector.execute(ThrowableCollector.java:73)
	at org.junit.jupiter.engine.descriptor.ClassBasedTestDescriptor.instantiateAndPostProcessTestInstance(ClassBasedTestDescriptor.java:289)
	at org.junit.jupiter.engine.descriptor.ClassBasedTestDescriptor.lambda$testInstancesProvider$4(ClassBasedTestDescriptor.java:279)
	at java.base/java.util.Optional.orElseGet(Optional.java:364)
	at org.junit.jupiter.engine.descriptor.ClassBasedTestDescriptor.lambda$testInstancesProvider$5(ClassBasedTestDescriptor.java:278)
	at org.junit.jupiter.engine.execution.TestInstancesProvider.getTestInstances(TestInstancesProvider.java:31)
	at org.junit.jupiter.engine.descriptor.TestMethodTestDescriptor.lambda$prepare$0(TestMethodTestDescriptor.java:106)
	at org.junit.platform.engine.support.hierarchical.ThrowableCollector.execute(ThrowableCollector.java:73)
	at org.junit.jupiter.engine.descriptor.TestMethodTestDescriptor.prepare(TestMethodTestDescriptor.java:105)
	at org.junit.jupiter.engine.descriptor.TestMethodTestDescriptor.prepare(TestMethodTestDescriptor.java:69)
	at org.junit.platform.engine.support.hierarchical.NodeTestTask.lambda$prepare$2(NodeTestTask.java:123)
	at org.junit.platform.engine.support.hierarchical.ThrowableCollector.execute(ThrowableCollector.java:73)
	at org.junit.platform.engine.support.hierarchical.NodeTestTask.prepare(NodeTestTask.java:123)
	at org.junit.platform.engine.support.hierarchical.NodeTestTask.execute(NodeTestTask.java:90)
	at java.base/java.util.ArrayList.forEach(ArrayList.java:1596)
	at org.junit.platform.engine.support.hierarchical.SameThreadHierarchicalTestExecutorService.invokeAll(SameThreadHierarchicalTestExecutorService.java:41)
	at org.junit.platform.engine.support.hierarchical.NodeTestTask.lambda$executeRecursively$6(NodeTestTask.java:155)
	at org.junit.platform.engine.support.hierarchical.ThrowableCollector.execute(ThrowableCollector.java:73)
	at org.junit.platform.engine.support.hierarchical.NodeTestTask.lambda$executeRecursively$8(NodeTestTask.java:141)
	at org.junit.platform.engine.support.hierarchical.Node.around(Node.java:137)
	at org.junit.platform.engine.support.hierarchical.NodeTestTask.lambda$executeRecursively$9(NodeTestTask.java:139)
	at org.junit.platform.engine.support.hierarchical.ThrowableCollector.execute(ThrowableCollector.java:73)
	at org.junit.platform.engine.support.hierarchical.NodeTestTask.executeRecursively(NodeTestTask.java:138)
	at org.junit.platform.engine.support.hierarchical.NodeTestTask.execute(NodeTestTask.java:95)
	at java.base/java.util.ArrayList.forEach(ArrayList.java:1596)
	at org.junit.platform.engine.support.hierarchical.SameThreadHierarchicalTestExecutorService.invokeAll(SameThreadHierarchicalTestExecutorService.java:41)
	at org.junit.platform.engine.support.hierarchical.NodeTestTask.lambda$executeRecursively$6(NodeTestTask.java:155)
	at org.junit.platform.engine.support.hierarchical.ThrowableCollector.execute(ThrowableCollector.java:73)
	at org.junit.platform.engine.support.hierarchical.NodeTestTask.lambda$executeRecursively$8(NodeTestTask.java:141)
	at org.junit.platform.engine.support.hierarchical.Node.around(Node.java:137)
	at org.junit.platform.engine.support.hierarchical.NodeTestTask.lambda$executeRecursively$9(NodeTestTask.java:139)
	at org.junit.platform.engine.support.hierarchical.ThrowableCollector.execute(ThrowableCollector.java:73)
	at org.junit.platform.engine.support.hierarchical.NodeTestTask.executeRecursively(NodeTestTask.java:138)
	at org.junit.platform.engine.support.hierarchical.NodeTestTask.execute(NodeTestTask.java:95)
	at org.junit.platform.engine.support.hierarchical.SameThreadHierarchicalTestExecutorService.submit(SameThreadHierarchicalTestExecutorService.java:35)
	at org.junit.platform.engine.support.hierarchical.HierarchicalTestExecutor.execute(HierarchicalTestExecutor.java:57)
	at org.junit.platform.engine.support.hierarchical.HierarchicalTestEngine.execute(HierarchicalTestEngine.java:54)
	at org.junit.platform.launcher.core.EngineExecutionOrchestrator.execute(EngineExecutionOrchestrator.java:198)
	at org.junit.platform.launcher.core.EngineExecutionOrchestrator.execute(EngineExecutionOrchestrator.java:169)
	at org.junit.platform.launcher.core.EngineExecutionOrchestrator.execute(EngineExecutionOrchestrator.java:93)
	at org.junit.platform.launcher.core.EngineExecutionOrchestrator.lambda$execute$0(EngineExecutionOrchestrator.java:58)
	at org.junit.platform.launcher.core.EngineExecutionOrchestrator.withInterceptedStreams(EngineExecutionOrchestrator.java:141)
	at org.junit.platform.launcher.core.EngineExecutionOrchestrator.execute(EngineExecutionOrchestrator.java:57)
	at org.junit.platform.launcher.core.DefaultLauncher.execute(DefaultLauncher.java:103)
	at org.junit.platform.launcher.core.DefaultLauncher.execute(DefaultLauncher.java:85)
	at org.junit.platform.launcher.core.DelegatingLauncher.execute(DelegatingLauncher.java:47)
	at org.apache.maven.surefire.junitplatform.LazyLauncher.execute(LazyLauncher.java:56)
	at org.apache.maven.surefire.junitplatform.JUnitPlatformProvider.execute(JUnitPlatformProvider.java:184)
	at org.apache.maven.surefire.junitplatform.JUnitPlatformProvider.invokeAllTests(JUnitPlatformProvider.java:148)
	at org.apache.maven.surefire.junitplatform.JUnitPlatformProvider.invoke(JUnitPlatformProvider.java:122)
	at org.apache.maven.surefire.booter.ForkedBooter.runSuitesInProcess(ForkedBooter.java:385)
	at org.apache.maven.surefire.booter.ForkedBooter.execute(ForkedBooter.java:162)
	at org.apache.maven.surefire.booter.ForkedBooter.run(ForkedBooter.java:507)
	at org.apache.maven.surefire.booter.ForkedBooter.main(ForkedBooter.java:495)
14.03.2024 11:22:55.781 [main] INFO  o.s.t.c.s.AnnotationConfigContextLoaderUtils - Could not detect default configuration classes for test class [org.ruzmetov.hotelproject.controller.rest.ServiceControllerTest]: ServiceControllerTest does not declare any static, non-private, non-final, nested classes annotated with @Configuration.
14.03.2024 11:22:55.791 [main] INFO  o.s.b.t.c.SpringBootTestContextBootstrapper - Found @SpringBootConfiguration org.ruzmetov.hotelproject.HotelProjectApplication for test class org.ruzmetov.hotelproject.controller.rest.ServiceControllerTest
14.03.2024 11:22:55.813 [main] WARN  o.s.t.c.TestContextManager - Caught exception while allowing TestExecutionListener [org.springframework.test.context.web.ServletTestExecutionListener] to prepare test instance [org.ruzmetov.hotelproject.controller.rest.ServiceControllerTest@1473b8e3]
java.lang.IllegalStateException: ApplicationContext failure threshold (1) exceeded: skipping repeated attempt to load context for [WebMergedContextConfiguration@23de4cdd testClass = org.ruzmetov.hotelproject.controller.rest.ServiceControllerTest, locations = [], classes = [org.ruzmetov.hotelproject.HotelProjectApplication], contextInitializerClasses = [], activeProfiles = [], propertySourceDescriptors = [], propertySourceProperties = ["org.springframework.boot.test.context.SpringBootTestContextBootstrapper=true"], contextCustomizers = [[ImportsContextCustomizer@528b1176 key = [org.springframework.boot.test.autoconfigure.web.servlet.MockMvcWebDriverAutoConfiguration, org.springframework.boot.test.autoconfigure.web.servlet.MockMvcAutoConfiguration, org.springframework.boot.autoconfigure.security.oauth2.client.servlet.OAuth2ClientAutoConfiguration, org.springframework.boot.autoconfigure.security.servlet.SecurityAutoConfiguration, org.springframework.boot.autoconfigure.security.servlet.SecurityFilterAutoConfiguration, org.springframework.boot.autoconfigure.security.servlet.UserDetailsServiceAutoConfiguration, org.springframework.boot.autoconfigure.security.oauth2.resource.servlet.OAuth2ResourceServerAutoConfiguration, org.springframework.boot.test.autoconfigure.web.servlet.MockMvcSecurityConfiguration, org.springframework.boot.test.autoconfigure.web.servlet.MockMvcWebClientAutoConfiguration, org.springframework.boot.test.autoconfigure.web.reactive.WebTestClientAutoConfiguration]], org.springframework.boot.test.context.filter.ExcludeFilterContextCustomizer@3028e50e, org.springframework.boot.test.json.DuplicateJsonObjectContextCustomizerFactory$DuplicateJsonObjectContextCustomizer@5dc3fcb7, org.springframework.boot.test.mock.mockito.MockitoContextCustomizer@0, org.springframework.boot.test.web.client.TestRestTemplateContextCustomizer@34523d46, org.springframework.boot.test.autoconfigure.actuate.observability.ObservabilityContextCustomizerFactory$DisableObservabilityContextCustomizer@1f, org.springframework.boot.test.autoconfigure.properties.PropertyMappingContextCustomizer@4b3fa0b3, org.springframework.boot.test.autoconfigure.web.servlet.WebDriverContextCustomizer@21325036, org.springframework.boot.test.context.SpringBootTestAnnotation@ffa71f89], resourceBasePath = "src/main/webapp", contextLoader = org.springframework.boot.test.context.SpringBootContextLoader, parent = null]
	at org.springframework.test.context.cache.DefaultCacheAwareContextLoaderDelegate.loadContext(DefaultCacheAwareContextLoaderDelegate.java:145)
	at org.springframework.test.context.support.DefaultTestContext.getApplicationContext(DefaultTestContext.java:130)
	at org.springframework.test.context.web.ServletTestExecutionListener.setUpRequestContextIfNecessary(ServletTestExecutionListener.java:191)
	at org.springframework.test.context.web.ServletTestExecutionListener.prepareTestInstance(ServletTestExecutionListener.java:130)
	at org.springframework.test.context.TestContextManager.prepareTestInstance(TestContextManager.java:260)
	at org.springframework.test.context.junit.jupiter.SpringExtension.postProcessTestInstance(SpringExtension.java:163)
	at org.junit.jupiter.engine.descriptor.ClassBasedTestDescriptor.lambda$invokeTestInstancePostProcessors$10(ClassBasedTestDescriptor.java:378)
	at org.junit.jupiter.engine.descriptor.ClassBasedTestDescriptor.executeAndMaskThrowable(ClassBasedTestDescriptor.java:383)
	at org.junit.jupiter.engine.descriptor.ClassBasedTestDescriptor.lambda$invokeTestInstancePostProcessors$11(ClassBasedTestDescriptor.java:378)
	at java.base/java.util.stream.ReferencePipeline$3$1.accept(ReferencePipeline.java:197)
	at java.base/java.util.stream.ReferencePipeline$2$1.accept(ReferencePipeline.java:179)
	at java.base/java.util.ArrayList$ArrayListSpliterator.forEachRemaining(ArrayList.java:1708)
	at java.base/java.util.stream.AbstractPipeline.copyInto(AbstractPipeline.java:509)
	at java.base/java.util.stream.AbstractPipeline.wrapAndCopyInto(AbstractPipeline.java:499)
	at java.base/java.util.stream.StreamSpliterators$WrappingSpliterator.forEachRemaining(StreamSpliterators.java:310)
	at java.base/java.util.stream.Streams$ConcatSpliterator.forEachRemaining(Streams.java:735)
	at java.base/java.util.stream.Streams$ConcatSpliterator.forEachRemaining(Streams.java:734)
	at java.base/java.util.stream.ReferencePipeline$Head.forEach(ReferencePipeline.java:762)
	at org.junit.jupiter.engine.descriptor.ClassBasedTestDescriptor.invokeTestInstancePostProcessors(ClassBasedTestDescriptor.java:377)
	at org.junit.jupiter.engine.descriptor.ClassBasedTestDescriptor.lambda$instantiateAndPostProcessTestInstance$6(ClassBasedTestDescriptor.java:290)
	at org.junit.platform.engine.support.hierarchical.ThrowableCollector.execute(ThrowableCollector.java:73)
	at org.junit.jupiter.engine.descriptor.ClassBasedTestDescriptor.instantiateAndPostProcessTestInstance(ClassBasedTestDescriptor.java:289)
	at org.junit.jupiter.engine.descriptor.ClassBasedTestDescriptor.lambda$testInstancesProvider$4(ClassBasedTestDescriptor.java:279)
	at java.base/java.util.Optional.orElseGet(Optional.java:364)
	at org.junit.jupiter.engine.descriptor.ClassBasedTestDescriptor.lambda$testInstancesProvider$5(ClassBasedTestDescriptor.java:278)
	at org.junit.jupiter.engine.execution.TestInstancesProvider.getTestInstances(TestInstancesProvider.java:31)
	at org.junit.jupiter.engine.descriptor.TestMethodTestDescriptor.lambda$prepare$0(TestMethodTestDescriptor.java:106)
	at org.junit.platform.engine.support.hierarchical.ThrowableCollector.execute(ThrowableCollector.java:73)
	at org.junit.jupiter.engine.descriptor.TestMethodTestDescriptor.prepare(TestMethodTestDescriptor.java:105)
	at org.junit.jupiter.engine.descriptor.TestMethodTestDescriptor.prepare(TestMethodTestDescriptor.java:69)
	at org.junit.platform.engine.support.hierarchical.NodeTestTask.lambda$prepare$2(NodeTestTask.java:123)
	at org.junit.platform.engine.support.hierarchical.ThrowableCollector.execute(ThrowableCollector.java:73)
	at org.junit.platform.engine.support.hierarchical.NodeTestTask.prepare(NodeTestTask.java:123)
	at org.junit.platform.engine.support.hierarchical.NodeTestTask.execute(NodeTestTask.java:90)
	at java.base/java.util.ArrayList.forEach(ArrayList.java:1596)
	at org.junit.platform.engine.support.hierarchical.SameThreadHierarchicalTestExecutorService.invokeAll(SameThreadHierarchicalTestExecutorService.java:41)
	at org.junit.platform.engine.support.hierarchical.NodeTestTask.lambda$executeRecursively$6(NodeTestTask.java:155)
	at org.junit.platform.engine.support.hierarchical.ThrowableCollector.execute(ThrowableCollector.java:73)
	at org.junit.platform.engine.support.hierarchical.NodeTestTask.lambda$executeRecursively$8(NodeTestTask.java:141)
	at org.junit.platform.engine.support.hierarchical.Node.around(Node.java:137)
	at org.junit.platform.engine.support.hierarchical.NodeTestTask.lambda$executeRecursively$9(NodeTestTask.java:139)
	at org.junit.platform.engine.support.hierarchical.ThrowableCollector.execute(ThrowableCollector.java:73)
	at org.junit.platform.engine.support.hierarchical.NodeTestTask.executeRecursively(NodeTestTask.java:138)
	at org.junit.platform.engine.support.hierarchical.NodeTestTask.execute(NodeTestTask.java:95)
	at java.base/java.util.ArrayList.forEach(ArrayList.java:1596)
	at org.junit.platform.engine.support.hierarchical.SameThreadHierarchicalTestExecutorService.invokeAll(SameThreadHierarchicalTestExecutorService.java:41)
	at org.junit.platform.engine.support.hierarchical.NodeTestTask.lambda$executeRecursively$6(NodeTestTask.java:155)
	at org.junit.platform.engine.support.hierarchical.ThrowableCollector.execute(ThrowableCollector.java:73)
	at org.junit.platform.engine.support.hierarchical.NodeTestTask.lambda$executeRecursively$8(NodeTestTask.java:141)
	at org.junit.platform.engine.support.hierarchical.Node.around(Node.java:137)
	at org.junit.platform.engine.support.hierarchical.NodeTestTask.lambda$executeRecursively$9(NodeTestTask.java:139)
	at org.junit.platform.engine.support.hierarchical.ThrowableCollector.execute(ThrowableCollector.java:73)
	at org.junit.platform.engine.support.hierarchical.NodeTestTask.executeRecursively(NodeTestTask.java:138)
	at org.junit.platform.engine.support.hierarchical.NodeTestTask.execute(NodeTestTask.java:95)
	at org.junit.platform.engine.support.hierarchical.SameThreadHierarchicalTestExecutorService.submit(SameThreadHierarchicalTestExecutorService.java:35)
	at org.junit.platform.engine.support.hierarchical.HierarchicalTestExecutor.execute(HierarchicalTestExecutor.java:57)
	at org.junit.platform.engine.support.hierarchical.HierarchicalTestEngine.execute(HierarchicalTestEngine.java:54)
	at org.junit.platform.launcher.core.EngineExecutionOrchestrator.execute(EngineExecutionOrchestrator.java:198)
	at org.junit.platform.launcher.core.EngineExecutionOrchestrator.execute(EngineExecutionOrchestrator.java:169)
	at org.junit.platform.launcher.core.EngineExecutionOrchestrator.execute(EngineExecutionOrchestrator.java:93)
	at org.junit.platform.launcher.core.EngineExecutionOrchestrator.lambda$execute$0(EngineExecutionOrchestrator.java:58)
	at org.junit.platform.launcher.core.EngineExecutionOrchestrator.withInterceptedStreams(EngineExecutionOrchestrator.java:141)
	at org.junit.platform.launcher.core.EngineExecutionOrchestrator.execute(EngineExecutionOrchestrator.java:57)
	at org.junit.platform.launcher.core.DefaultLauncher.execute(DefaultLauncher.java:103)
	at org.junit.platform.launcher.core.DefaultLauncher.execute(DefaultLauncher.java:85)
	at org.junit.platform.launcher.core.DelegatingLauncher.execute(DelegatingLauncher.java:47)
	at org.apache.maven.surefire.junitplatform.LazyLauncher.execute(LazyLauncher.java:56)
	at org.apache.maven.surefire.junitplatform.JUnitPlatformProvider.execute(JUnitPlatformProvider.java:184)
	at org.apache.maven.surefire.junitplatform.JUnitPlatformProvider.invokeAllTests(JUnitPlatformProvider.java:148)
	at org.apache.maven.surefire.junitplatform.JUnitPlatformProvider.invoke(JUnitPlatformProvider.java:122)
	at org.apache.maven.surefire.booter.ForkedBooter.runSuitesInProcess(ForkedBooter.java:385)
	at org.apache.maven.surefire.booter.ForkedBooter.execute(ForkedBooter.java:162)
	at org.apache.maven.surefire.booter.ForkedBooter.run(ForkedBooter.java:507)
	at org.apache.maven.surefire.booter.ForkedBooter.main(ForkedBooter.java:495)
14.03.2024 11:25:08.211 [restartedMain] INFO  o.r.h.HotelProjectApplication - Starting HotelProjectApplication using Java 21.0.2 with PID 17160 (C:\HotelProjectApp\HotelProject\target\classes started by Tel-ran.de in C:\HotelProjectApp\HotelProject)
14.03.2024 11:25:08.214 [restartedMain] INFO  o.r.h.HotelProjectApplication - No active profile set, falling back to 1 default profile: "default"
14.03.2024 11:25:08.325 [restartedMain] INFO  o.s.b.d.e.DevToolsPropertyDefaultsPostProcessor - Devtools property defaults active! Set 'spring.devtools.add-properties' to 'false' to disable
14.03.2024 11:25:08.325 [restartedMain] INFO  o.s.b.d.e.DevToolsPropertyDefaultsPostProcessor - For additional web related logging consider setting the 'logging.level.web' property to 'DEBUG'
14.03.2024 11:25:09.794 [restartedMain] INFO  o.s.d.r.c.RepositoryConfigurationDelegate - Bootstrapping Spring Data JPA repositories in DEFAULT mode.
14.03.2024 11:25:09.919 [restartedMain] INFO  o.s.d.r.c.RepositoryConfigurationDelegate - Finished Spring Data repository scanning in 115 ms. Found 6 JPA repository interfaces.
14.03.2024 11:25:11.170 [restartedMain] INFO  o.s.b.w.e.t.TomcatWebServer - Tomcat initialized with port 8080 (http)
14.03.2024 11:25:11.189 [restartedMain] INFO  o.a.c.c.StandardService - Starting service [Tomcat]
14.03.2024 11:25:11.190 [restartedMain] INFO  o.a.c.c.StandardEngine - Starting Servlet engine: [Apache Tomcat/10.1.17]
14.03.2024 11:25:11.277 [restartedMain] INFO  o.a.c.c.C.[.[.[/] - Initializing Spring embedded WebApplicationContext
14.03.2024 11:25:11.278 [restartedMain] INFO  o.s.b.w.s.c.ServletWebServerApplicationContext - Root WebApplicationContext: initialization completed in 2951 ms
14.03.2024 11:25:11.603 [restartedMain] INFO  c.z.h.HikariDataSource - HikariPool-1 - Starting...
14.03.2024 11:25:12.423 [restartedMain] INFO  c.z.h.p.HikariPool - HikariPool-1 - Added connection com.mysql.cj.jdbc.ConnectionImpl@233225e7
14.03.2024 11:25:12.427 [restartedMain] INFO  c.z.h.HikariDataSource - HikariPool-1 - Start completed.
14.03.2024 11:25:13.150 [restartedMain] INFO  l.lockservice - Successfully acquired change log lock
14.03.2024 11:25:13.160 [restartedMain] INFO  liquibase.command - Dropping Database Objects in schema: 300523_m_be_hotel.300523_m_be_hotel
14.03.2024 11:25:14.170 [restartedMain] INFO  liquibase.database - Successfully deleted all supported object types in schema 300523_m_be_hotel.300523_m_be_hotel.
14.03.2024 11:25:14.226 [restartedMain] WARN  l.lockservice - Failed to release change log lock
14.03.2024 11:25:14.230 [restartedMain] INFO  liquibase.ui - All objects dropped from root@localhost@jdbc:mysql://localhost:3306/300523_m_be_hotel
14.03.2024 11:25:14.230 [restartedMain] INFO  liquibase.command - Command execution complete
14.03.2024 11:25:15.460 [restartedMain] INFO  liquibase.changelog - Creating database history table with name: `300523_m_be_hotel`.databasechangelog
14.03.2024 11:25:15.564 [restartedMain] INFO  liquibase.changelog - Reading from `300523_m_be_hotel`.databasechangelog
14.03.2024 11:25:15.713 [restartedMain] WARN  liquibase.changelog - liquibase.statement.core.CreateSequenceStatement is not supported on mysql, but createSequence will still execute
14.03.2024 11:25:15.746 [restartedMain] WARN  liquibase.changelog - liquibase.statement.core.CreateSequenceStatement is not supported on mysql, but createSequence will still execute
14.03.2024 11:25:15.760 [restartedMain] INFO  l.lockservice - Successfully acquired change log lock
14.03.2024 11:25:15.761 [restartedMain] INFO  liquibase.command - Using deploymentId: 0411915761
14.03.2024 11:25:15.765 [restartedMain] INFO  liquibase.changelog - Reading from `300523_m_be_hotel`.databasechangelog
14.03.2024 11:25:15.846 [restartedMain] INFO  liquibase.ui - Running Changeset: db/changelog/changes/v0.0.1-SNAPSHOT/drop-tables-changelog.xml::drop reservation table::b.ruzmetov
14.03.2024 11:25:15.864 [restartedMain] INFO  liquibase.changelog - Marking ChangeSet: "db/changelog/changes/v0.0.1-SNAPSHOT/drop-tables-changelog.xml::drop reservation table::b.ruzmetov" as ran despite precondition failure due to onFail='MARK_RAN': 
          db/changelog/changelog-master.xml : Table `300523_m_be_hotel`.reservation does not exist

14.03.2024 11:25:15.874 [restartedMain] INFO  liquibase.ui - Running Changeset: db/changelog/changes/v0.0.1-SNAPSHOT/drop-tables-changelog.xml::drop payment table::b.ruzmetov
14.03.2024 11:25:15.891 [restartedMain] INFO  liquibase.changelog - Marking ChangeSet: "db/changelog/changes/v0.0.1-SNAPSHOT/drop-tables-changelog.xml::drop payment table::b.ruzmetov" as ran despite precondition failure due to onFail='MARK_RAN': 
          db/changelog/changelog-master.xml : Table `300523_m_be_hotel`.payment does not exist

14.03.2024 11:25:15.897 [restartedMain] INFO  liquibase.ui - Running Changeset: db/changelog/changes/v0.0.1-SNAPSHOT/drop-tables-changelog.xml::drop service table::b.ruzmetov
14.03.2024 11:25:15.913 [restartedMain] INFO  liquibase.changelog - Marking ChangeSet: "db/changelog/changes/v0.0.1-SNAPSHOT/drop-tables-changelog.xml::drop service table::b.ruzmetov" as ran despite precondition failure due to onFail='MARK_RAN': 
          db/changelog/changelog-master.xml : Table `300523_m_be_hotel`.service does not exist

14.03.2024 11:25:15.922 [restartedMain] INFO  liquibase.ui - Running Changeset: db/changelog/changes/v0.0.1-SNAPSHOT/drop-tables-changelog.xml::drop room table::b.ruzmetov
14.03.2024 11:25:15.944 [restartedMain] INFO  liquibase.changelog - Marking ChangeSet: "db/changelog/changes/v0.0.1-SNAPSHOT/drop-tables-changelog.xml::drop room table::b.ruzmetov" as ran despite precondition failure due to onFail='MARK_RAN': 
          db/changelog/changelog-master.xml : Table `300523_m_be_hotel`.room does not exist

14.03.2024 11:25:15.952 [restartedMain] INFO  liquibase.ui - Running Changeset: db/changelog/changes/v0.0.1-SNAPSHOT/drop-tables-changelog.xml::drop event table::b.ruzmetov
14.03.2024 11:25:15.974 [restartedMain] INFO  liquibase.changelog - Marking ChangeSet: "db/changelog/changes/v0.0.1-SNAPSHOT/drop-tables-changelog.xml::drop event table::b.ruzmetov" as ran despite precondition failure due to onFail='MARK_RAN': 
          db/changelog/changelog-master.xml : Table `300523_m_be_hotel`.event does not exist

14.03.2024 11:25:15.989 [restartedMain] INFO  liquibase.ui - Running Changeset: db/changelog/changes/v0.0.1-SNAPSHOT/drop-tables-changelog.xml::drop customer table::b.ruzmetov
14.03.2024 11:25:16.022 [restartedMain] INFO  liquibase.changelog - Marking ChangeSet: "db/changelog/changes/v0.0.1-SNAPSHOT/drop-tables-changelog.xml::drop customer table::b.ruzmetov" as ran despite precondition failure due to onFail='MARK_RAN': 
          db/changelog/changelog-master.xml : Table `300523_m_be_hotel`.customer does not exist

14.03.2024 11:25:16.030 [restartedMain] INFO  liquibase.ui - Running Changeset: db/changelog/changes/v0.0.1-SNAPSHOT/create-tables-changelog.xml::create room table::b.ruzmetov
14.03.2024 11:25:16.074 [restartedMain] INFO  liquibase.changelog - Table room created
14.03.2024 11:25:16.076 [restartedMain] INFO  liquibase.changelog - ChangeSet db/changelog/changes/v0.0.1-SNAPSHOT/create-tables-changelog.xml::create room table::b.ruzmetov ran successfully in 45ms
14.03.2024 11:25:16.083 [restartedMain] INFO  liquibase.ui - Running Changeset: db/changelog/changes/v0.0.1-SNAPSHOT/create-tables-changelog.xml::create service table::b.ruzmetov
14.03.2024 11:25:16.119 [restartedMain] INFO  liquibase.changelog - Table service created
14.03.2024 11:25:16.120 [restartedMain] INFO  liquibase.changelog - ChangeSet db/changelog/changes/v0.0.1-SNAPSHOT/create-tables-changelog.xml::create service table::b.ruzmetov ran successfully in 36ms
14.03.2024 11:25:16.129 [restartedMain] INFO  liquibase.ui - Running Changeset: db/changelog/changes/v0.0.1-SNAPSHOT/create-tables-changelog.xml::create event table::b.ruzmetov
14.03.2024 11:25:16.199 [restartedMain] INFO  liquibase.changelog - Table event created
14.03.2024 11:25:16.201 [restartedMain] INFO  liquibase.changelog - ChangeSet db/changelog/changes/v0.0.1-SNAPSHOT/create-tables-changelog.xml::create event table::b.ruzmetov ran successfully in 72ms
14.03.2024 11:25:16.214 [restartedMain] INFO  liquibase.ui - Running Changeset: db/changelog/changes/v0.0.1-SNAPSHOT/create-tables-changelog.xml::create customer table::b.ruzmetov
14.03.2024 11:25:16.276 [restartedMain] INFO  liquibase.changelog - Table customer created
14.03.2024 11:25:16.277 [restartedMain] INFO  liquibase.changelog - ChangeSet db/changelog/changes/v0.0.1-SNAPSHOT/create-tables-changelog.xml::create customer table::b.ruzmetov ran successfully in 63ms
14.03.2024 11:25:16.290 [restartedMain] INFO  liquibase.ui - Running Changeset: db/changelog/changes/v0.0.1-SNAPSHOT/create-tables-changelog.xml::create payment table::b.ruzmetov
14.03.2024 11:25:16.336 [restartedMain] INFO  liquibase.changelog - Table payment created
14.03.2024 11:25:16.339 [restartedMain] INFO  liquibase.changelog - ChangeSet db/changelog/changes/v0.0.1-SNAPSHOT/create-tables-changelog.xml::create payment table::b.ruzmetov ran successfully in 48ms
14.03.2024 11:25:16.349 [restartedMain] INFO  liquibase.ui - Running Changeset: db/changelog/changes/v0.0.1-SNAPSHOT/create-tables-changelog.xml::create reservation table::b.ruzmetov
14.03.2024 11:25:16.407 [restartedMain] INFO  liquibase.changelog - Table reservation created
14.03.2024 11:25:16.408 [restartedMain] INFO  liquibase.changelog - ChangeSet db/changelog/changes/v0.0.1-SNAPSHOT/create-tables-changelog.xml::create reservation table::b.ruzmetov ran successfully in 59ms
14.03.2024 11:25:16.420 [restartedMain] INFO  liquibase.ui - Running Changeset: db/changelog/changes/v0.0.1-SNAPSHOT/create-sequence.xml::create sequence for UUID generator::b.ruzmetov
14.03.2024 11:25:16.422 [restartedMain] INFO  liquibase.changelog - Sequence seq_for_uuid_generator created
14.03.2024 11:25:16.423 [restartedMain] INFO  liquibase.changelog - ChangeSet db/changelog/changes/v0.0.1-SNAPSHOT/create-sequence.xml::create sequence for UUID generator::b.ruzmetov ran successfully in 3ms
14.03.2024 11:25:16.434 [restartedMain] INFO  liquibase.ui - Running Changeset: db/changelog/changes/v0.0.1-SNAPSHOT/insert_test_data_changelog_1.xml::insert test data into service table::b.ruzmetov
14.03.2024 11:25:16.445 [restartedMain] INFO  liquibase.changelog - New row inserted into service
14.03.2024 11:25:16.449 [restartedMain] INFO  liquibase.changelog - ChangeSet db/changelog/changes/v0.0.1-SNAPSHOT/insert_test_data_changelog_1.xml::insert test data into service table::b.ruzmetov ran successfully in 13ms
14.03.2024 11:25:16.455 [restartedMain] INFO  liquibase.ui - Running Changeset: db/changelog/changes/v0.0.1-SNAPSHOT/insert_test_data_changelog_1.xml::insert test data into room table::b.ruzmetov
14.03.2024 11:25:16.462 [restartedMain] INFO  liquibase.changelog - New row inserted into room
14.03.2024 11:25:16.464 [restartedMain] INFO  liquibase.changelog - ChangeSet db/changelog/changes/v0.0.1-SNAPSHOT/insert_test_data_changelog_1.xml::insert test data into room table::b.ruzmetov ran successfully in 8ms
14.03.2024 11:25:16.474 [restartedMain] INFO  liquibase.ui - Running Changeset: db/changelog/changes/v0.0.1-SNAPSHOT/insert_test_data_changelog_1.xml::insert test data into event table::b.ruzmetov
14.03.2024 11:25:16.481 [restartedMain] INFO  liquibase.changelog - New row inserted into event
14.03.2024 11:25:16.484 [restartedMain] INFO  liquibase.changelog - ChangeSet db/changelog/changes/v0.0.1-SNAPSHOT/insert_test_data_changelog_1.xml::insert test data into event table::b.ruzmetov ran successfully in 9ms
14.03.2024 11:25:16.493 [restartedMain] INFO  liquibase.ui - Running Changeset: db/changelog/changes/v0.0.1-SNAPSHOT/insert_test_data_changelog_1.xml::insert test data into customer table::b.ruzmetov
14.03.2024 11:25:16.500 [restartedMain] INFO  liquibase.changelog - New row inserted into customer
14.03.2024 11:25:16.503 [restartedMain] INFO  liquibase.changelog - ChangeSet db/changelog/changes/v0.0.1-SNAPSHOT/insert_test_data_changelog_1.xml::insert test data into customer table::b.ruzmetov ran successfully in 9ms
14.03.2024 11:25:16.514 [restartedMain] INFO  liquibase.ui - Running Changeset: db/changelog/changes/v0.0.1-SNAPSHOT/insert_test_data_changelog_1.xml::insert test data into payment table::b.ruzmetov
14.03.2024 11:25:16.520 [restartedMain] INFO  liquibase.changelog - New row inserted into payment
14.03.2024 11:25:16.522 [restartedMain] INFO  liquibase.changelog - ChangeSet db/changelog/changes/v0.0.1-SNAPSHOT/insert_test_data_changelog_1.xml::insert test data into payment table::b.ruzmetov ran successfully in 8ms
14.03.2024 11:25:16.529 [restartedMain] INFO  liquibase.ui - Running Changeset: db/changelog/changes/v0.0.1-SNAPSHOT/insert_test_data_changelog_1.xml::insert test data into reservation table::b.ruzmetov
14.03.2024 11:25:16.539 [restartedMain] INFO  liquibase.changelog - New row inserted into reservation
14.03.2024 11:25:16.542 [restartedMain] INFO  liquibase.changelog - ChangeSet db/changelog/changes/v0.0.1-SNAPSHOT/insert_test_data_changelog_1.xml::insert test data into reservation table::b.ruzmetov ran successfully in 13ms
14.03.2024 11:25:16.553 [restartedMain] INFO  liquibase.ui - Running Changeset: db/changelog/changes/v0.0.1-SNAPSHOT/insert_test_data_changelog_2.xml::insert test data into service table::b.ruzmetov
14.03.2024 11:25:16.559 [restartedMain] INFO  liquibase.changelog - New row inserted into service
14.03.2024 11:25:16.561 [restartedMain] INFO  liquibase.changelog - ChangeSet db/changelog/changes/v0.0.1-SNAPSHOT/insert_test_data_changelog_2.xml::insert test data into service table::b.ruzmetov ran successfully in 7ms
14.03.2024 11:25:16.570 [restartedMain] INFO  liquibase.ui - Running Changeset: db/changelog/changes/v0.0.1-SNAPSHOT/insert_test_data_changelog_2.xml::insert test data into room table::b.ruzmetov
14.03.2024 11:25:16.575 [restartedMain] INFO  liquibase.changelog - New row inserted into room
14.03.2024 11:25:16.578 [restartedMain] INFO  liquibase.changelog - ChangeSet db/changelog/changes/v0.0.1-SNAPSHOT/insert_test_data_changelog_2.xml::insert test data into room table::b.ruzmetov ran successfully in 8ms
14.03.2024 11:25:16.598 [restartedMain] INFO  liquibase.ui - Running Changeset: db/changelog/changes/v0.0.1-SNAPSHOT/insert_test_data_changelog_2.xml::insert test data into event table::b.ruzmetov
14.03.2024 11:25:16.605 [restartedMain] INFO  liquibase.changelog - New row inserted into event
14.03.2024 11:25:16.608 [restartedMain] INFO  liquibase.changelog - ChangeSet db/changelog/changes/v0.0.1-SNAPSHOT/insert_test_data_changelog_2.xml::insert test data into event table::b.ruzmetov ran successfully in 9ms
14.03.2024 11:25:16.617 [restartedMain] INFO  liquibase.ui - Running Changeset: db/changelog/changes/v0.0.1-SNAPSHOT/insert_test_data_changelog_2.xml::insert test data into customer table::b.ruzmetov
14.03.2024 11:25:16.623 [restartedMain] INFO  liquibase.changelog - New row inserted into customer
14.03.2024 11:25:16.628 [restartedMain] INFO  liquibase.changelog - ChangeSet db/changelog/changes/v0.0.1-SNAPSHOT/insert_test_data_changelog_2.xml::insert test data into customer table::b.ruzmetov ran successfully in 9ms
14.03.2024 11:25:16.637 [restartedMain] INFO  liquibase.ui - Running Changeset: db/changelog/changes/v0.0.1-SNAPSHOT/insert_test_data_changelog_2.xml::insert test data into payment table::b.ruzmetov
14.03.2024 11:25:16.643 [restartedMain] INFO  liquibase.changelog - New row inserted into payment
14.03.2024 11:25:16.645 [restartedMain] INFO  liquibase.changelog - ChangeSet db/changelog/changes/v0.0.1-SNAPSHOT/insert_test_data_changelog_2.xml::insert test data into payment table::b.ruzmetov ran successfully in 7ms
14.03.2024 11:25:16.657 [restartedMain] INFO  liquibase.ui - Running Changeset: db/changelog/changes/v0.0.1-SNAPSHOT/insert_test_data_changelog_2.xml::insert test data into reservation table::b.ruzmetov
14.03.2024 11:25:16.663 [restartedMain] INFO  liquibase.changelog - New row inserted into reservation
14.03.2024 11:25:16.665 [restartedMain] INFO  liquibase.changelog - ChangeSet db/changelog/changes/v0.0.1-SNAPSHOT/insert_test_data_changelog_2.xml::insert test data into reservation table::b.ruzmetov ran successfully in 7ms
14.03.2024 11:25:16.674 [restartedMain] INFO  liquibase.ui - Running Changeset: db/changelog/changes/v0.0.1-SNAPSHOT/insert_test_data_changelog_3.xml::insert test data into service table::b.ruzmetov
14.03.2024 11:25:16.678 [restartedMain] INFO  liquibase.changelog - New row inserted into service
14.03.2024 11:25:16.681 [restartedMain] INFO  liquibase.changelog - ChangeSet db/changelog/changes/v0.0.1-SNAPSHOT/insert_test_data_changelog_3.xml::insert test data into service table::b.ruzmetov ran successfully in 7ms
14.03.2024 11:25:16.687 [restartedMain] INFO  liquibase.ui - Running Changeset: db/changelog/changes/v0.0.1-SNAPSHOT/insert_test_data_changelog_3.xml::insert test data into room table::b.ruzmetov
14.03.2024 11:25:16.692 [restartedMain] INFO  liquibase.changelog - New row inserted into room
14.03.2024 11:25:16.694 [restartedMain] INFO  liquibase.changelog - ChangeSet db/changelog/changes/v0.0.1-SNAPSHOT/insert_test_data_changelog_3.xml::insert test data into room table::b.ruzmetov ran successfully in 6ms
14.03.2024 11:25:16.700 [restartedMain] INFO  liquibase.ui - Running Changeset: db/changelog/changes/v0.0.1-SNAPSHOT/insert_test_data_changelog_3.xml::insert test data into event table::b.ruzmetov
14.03.2024 11:25:16.705 [restartedMain] INFO  liquibase.changelog - New row inserted into event
14.03.2024 11:25:16.707 [restartedMain] INFO  liquibase.changelog - ChangeSet db/changelog/changes/v0.0.1-SNAPSHOT/insert_test_data_changelog_3.xml::insert test data into event table::b.ruzmetov ran successfully in 6ms
14.03.2024 11:25:16.715 [restartedMain] INFO  liquibase.ui - Running Changeset: db/changelog/changes/v0.0.1-SNAPSHOT/insert_test_data_changelog_3.xml::insert test data into customer table::b.ruzmetov
14.03.2024 11:25:16.719 [restartedMain] INFO  liquibase.changelog - New row inserted into customer
14.03.2024 11:25:16.721 [restartedMain] INFO  liquibase.changelog - ChangeSet db/changelog/changes/v0.0.1-SNAPSHOT/insert_test_data_changelog_3.xml::insert test data into customer table::b.ruzmetov ran successfully in 6ms
14.03.2024 11:25:16.728 [restartedMain] INFO  liquibase.ui - Running Changeset: db/changelog/changes/v0.0.1-SNAPSHOT/insert_test_data_changelog_3.xml::insert test data into payment table::b.ruzmetov
14.03.2024 11:25:16.733 [restartedMain] INFO  liquibase.changelog - New row inserted into payment
14.03.2024 11:25:16.736 [restartedMain] INFO  liquibase.changelog - ChangeSet db/changelog/changes/v0.0.1-SNAPSHOT/insert_test_data_changelog_3.xml::insert test data into payment table::b.ruzmetov ran successfully in 7ms
14.03.2024 11:25:16.745 [restartedMain] INFO  liquibase.ui - Running Changeset: db/changelog/changes/v0.0.1-SNAPSHOT/insert_test_data_changelog_3.xml::insert test data into reservation table::b.ruzmetov
14.03.2024 11:25:16.750 [restartedMain] INFO  liquibase.changelog - New row inserted into reservation
14.03.2024 11:25:16.753 [restartedMain] INFO  liquibase.changelog - ChangeSet db/changelog/changes/v0.0.1-SNAPSHOT/insert_test_data_changelog_3.xml::insert test data into reservation table::b.ruzmetov ran successfully in 7ms
14.03.2024 11:25:16.762 [restartedMain] INFO  liquibase.ui - Running Changeset: db/changelog/changes/v0.0.1-SNAPSHOT/insert_test_data_changelog_4.xml::insert test data into service table::b.ruzmetov
14.03.2024 11:25:16.774 [restartedMain] INFO  liquibase.changelog - New row inserted into service
14.03.2024 11:25:16.782 [restartedMain] INFO  liquibase.changelog - ChangeSet db/changelog/changes/v0.0.1-SNAPSHOT/insert_test_data_changelog_4.xml::insert test data into service table::b.ruzmetov ran successfully in 16ms
14.03.2024 11:25:16.795 [restartedMain] INFO  liquibase.ui - Running Changeset: db/changelog/changes/v0.0.1-SNAPSHOT/insert_test_data_changelog_4.xml::insert test data into room table::b.ruzmetov
14.03.2024 11:25:16.803 [restartedMain] INFO  liquibase.changelog - New row inserted into room
14.03.2024 11:25:16.807 [restartedMain] INFO  liquibase.changelog - ChangeSet db/changelog/changes/v0.0.1-SNAPSHOT/insert_test_data_changelog_4.xml::insert test data into room table::b.ruzmetov ran successfully in 11ms
14.03.2024 11:25:16.820 [restartedMain] INFO  liquibase.ui - Running Changeset: db/changelog/changes/v0.0.1-SNAPSHOT/insert_test_data_changelog_4.xml::insert test data into event table::b.ruzmetov
14.03.2024 11:25:16.829 [restartedMain] INFO  liquibase.changelog - New row inserted into event
14.03.2024 11:25:16.833 [restartedMain] INFO  liquibase.changelog - ChangeSet db/changelog/changes/v0.0.1-SNAPSHOT/insert_test_data_changelog_4.xml::insert test data into event table::b.ruzmetov ran successfully in 12ms
14.03.2024 11:25:16.846 [restartedMain] INFO  liquibase.ui - Running Changeset: db/changelog/changes/v0.0.1-SNAPSHOT/insert_test_data_changelog_4.xml::insert test data into customer table::b.ruzmetov
14.03.2024 11:25:16.856 [restartedMain] INFO  liquibase.changelog - New row inserted into customer
14.03.2024 11:25:16.859 [restartedMain] INFO  liquibase.changelog - ChangeSet db/changelog/changes/v0.0.1-SNAPSHOT/insert_test_data_changelog_4.xml::insert test data into customer table::b.ruzmetov ran successfully in 12ms
14.03.2024 11:25:16.871 [restartedMain] INFO  liquibase.ui - Running Changeset: db/changelog/changes/v0.0.1-SNAPSHOT/insert_test_data_changelog_4.xml::insert test data into payment table::b.ruzmetov
14.03.2024 11:25:16.879 [restartedMain] INFO  liquibase.changelog - New row inserted into payment
14.03.2024 11:25:16.892 [restartedMain] INFO  liquibase.changelog - ChangeSet db/changelog/changes/v0.0.1-SNAPSHOT/insert_test_data_changelog_4.xml::insert test data into payment table::b.ruzmetov ran successfully in 18ms
14.03.2024 11:25:16.900 [restartedMain] INFO  liquibase.ui - Running Changeset: db/changelog/changes/v0.0.1-SNAPSHOT/insert_test_data_changelog_4.xml::insert test data into reservation table::b.ruzmetov
14.03.2024 11:25:16.906 [restartedMain] INFO  liquibase.changelog - New row inserted into reservation
14.03.2024 11:25:16.909 [restartedMain] INFO  liquibase.changelog - ChangeSet db/changelog/changes/v0.0.1-SNAPSHOT/insert_test_data_changelog_4.xml::insert test data into reservation table::b.ruzmetov ran successfully in 8ms
14.03.2024 11:25:16.922 [restartedMain] INFO  liquibase.util - UPDATE SUMMARY
14.03.2024 11:25:16.922 [restartedMain] INFO  liquibase.util - Run:                         37
14.03.2024 11:25:16.922 [restartedMain] INFO  liquibase.util - Previously run:               0
14.03.2024 11:25:16.922 [restartedMain] INFO  liquibase.util - Filtered out:                 0
14.03.2024 11:25:16.922 [restartedMain] INFO  liquibase.util - -------------------------------
14.03.2024 11:25:16.922 [restartedMain] INFO  liquibase.util - Total change sets:           37
14.03.2024 11:25:16.923 [restartedMain] INFO  liquibase.util - Update summary generated
14.03.2024 11:25:16.927 [restartedMain] INFO  liquibase.command - Update command completed successfully.
14.03.2024 11:25:16.928 [restartedMain] INFO  liquibase.ui - Liquibase: Update has been successful. Rows affected: 61
14.03.2024 11:25:16.932 [restartedMain] INFO  l.lockservice - Successfully released change log lock
14.03.2024 11:25:16.933 [restartedMain] INFO  liquibase.command - Command execution complete
14.03.2024 11:25:17.164 [restartedMain] INFO  o.h.j.i.u.LogHelper - HHH000204: Processing PersistenceUnitInfo [name: default]
14.03.2024 11:25:17.247 [restartedMain] INFO  o.hibernate.Version - HHH000412: Hibernate ORM core version 6.4.1.Final
14.03.2024 11:25:17.296 [restartedMain] INFO  o.h.c.i.RegionFactoryInitiator - HHH000026: Second-level cache disabled
14.03.2024 11:25:17.651 [restartedMain] INFO  o.s.o.j.p.SpringPersistenceUnitInfo - No LoadTimeWeaver setup: ignoring JPA class transformer
14.03.2024 11:25:17.716 [restartedMain] WARN  o.h.orm.deprecation - HHH90000025: MySQLDialect does not need to be specified explicitly using 'hibernate.dialect' (remove the property setting and it will be selected by default)
14.03.2024 11:25:19.229 [restartedMain] INFO  o.h.e.t.j.p.i.JtaPlatformInitiator - HHH000489: No JTA platform available (set 'hibernate.transaction.jta.platform' to enable JTA platform integration)
14.03.2024 11:25:19.233 [restartedMain] INFO  o.s.o.j.LocalContainerEntityManagerFactoryBean - Initialized JPA EntityManagerFactory for persistence unit 'default'
14.03.2024 11:25:20.696 [restartedMain] WARN  o.s.b.w.s.c.AnnotationConfigServletWebServerApplicationContext - Exception encountered during context initialization - cancelling refresh attempt: org.springframework.beans.factory.UnsatisfiedDependencyException: Error creating bean with name 'roomController' defined in file [C:\HotelProjectApp\HotelProject\target\classes\org\ruzmetov\hotelproject\controller\rest\RoomController.class]: Unsatisfied dependency expressed through constructor parameter 0: Error creating bean with name 'roomServiceImpl' defined in file [C:\HotelProjectApp\HotelProject\target\classes\org\ruzmetov\hotelproject\service\impl\RoomServiceImpl.class]: Unsatisfied dependency expressed through constructor parameter 0: Error creating bean with name 'roomRepository' defined in org.ruzmetov.hotelproject.repository.RoomRepository defined in @EnableJpaRepositories declared on JpaRepositoriesRegistrar.EnableJpaRepositoriesConfiguration: Could not create query for public abstract org.ruzmetov.hotelproject.entity.Room org.ruzmetov.hotelproject.repository.RoomRepository.createRoom(int); Reason: Failed to create query for method public abstract org.ruzmetov.hotelproject.entity.Room org.ruzmetov.hotelproject.repository.RoomRepository.createRoom(int); No property 'createRoom' found for type 'Room'
14.03.2024 11:25:20.697 [restartedMain] INFO  o.s.o.j.LocalContainerEntityManagerFactoryBean - Closing JPA EntityManagerFactory for persistence unit 'default'
14.03.2024 11:25:20.700 [restartedMain] INFO  c.z.h.HikariDataSource - HikariPool-1 - Shutdown initiated...
14.03.2024 11:25:20.712 [restartedMain] INFO  c.z.h.HikariDataSource - HikariPool-1 - Shutdown completed.
14.03.2024 11:25:20.715 [restartedMain] INFO  o.a.c.c.StandardService - Stopping service [Tomcat]
14.03.2024 11:25:20.732 [restartedMain] INFO  o.s.b.a.l.ConditionEvaluationReportLogger - 

Error starting ApplicationContext. To display the condition evaluation report re-run your application with 'debug' enabled.
14.03.2024 11:25:20.769 [restartedMain] ERROR o.s.b.SpringApplication - Application run failed
org.springframework.beans.factory.UnsatisfiedDependencyException: Error creating bean with name 'roomController' defined in file [C:\HotelProjectApp\HotelProject\target\classes\org\ruzmetov\hotelproject\controller\rest\RoomController.class]: Unsatisfied dependency expressed through constructor parameter 0: Error creating bean with name 'roomServiceImpl' defined in file [C:\HotelProjectApp\HotelProject\target\classes\org\ruzmetov\hotelproject\service\impl\RoomServiceImpl.class]: Unsatisfied dependency expressed through constructor parameter 0: Error creating bean with name 'roomRepository' defined in org.ruzmetov.hotelproject.repository.RoomRepository defined in @EnableJpaRepositories declared on JpaRepositoriesRegistrar.EnableJpaRepositoriesConfiguration: Could not create query for public abstract org.ruzmetov.hotelproject.entity.Room org.ruzmetov.hotelproject.repository.RoomRepository.createRoom(int); Reason: Failed to create query for method public abstract org.ruzmetov.hotelproject.entity.Room org.ruzmetov.hotelproject.repository.RoomRepository.createRoom(int); No property 'createRoom' found for type 'Room'
	at org.springframework.beans.factory.support.ConstructorResolver.createArgumentArray(ConstructorResolver.java:802)
	at org.springframework.beans.factory.support.ConstructorResolver.autowireConstructor(ConstructorResolver.java:241)
	at org.springframework.beans.factory.support.AbstractAutowireCapableBeanFactory.autowireConstructor(AbstractAutowireCapableBeanFactory.java:1354)
	at org.springframework.beans.factory.support.AbstractAutowireCapableBeanFactory.createBeanInstance(AbstractAutowireCapableBeanFactory.java:1191)
	at org.springframework.beans.factory.support.AbstractAutowireCapableBeanFactory.doCreateBean(AbstractAutowireCapableBeanFactory.java:561)
	at org.springframework.beans.factory.support.AbstractAutowireCapableBeanFactory.createBean(AbstractAutowireCapableBeanFactory.java:521)
	at org.springframework.beans.factory.support.AbstractBeanFactory.lambda$doGetBean$0(AbstractBeanFactory.java:325)
	at org.springframework.beans.factory.support.DefaultSingletonBeanRegistry.getSingleton(DefaultSingletonBeanRegistry.java:234)
	at org.springframework.beans.factory.support.AbstractBeanFactory.doGetBean(AbstractBeanFactory.java:323)
	at org.springframework.beans.factory.support.AbstractBeanFactory.getBean(AbstractBeanFactory.java:199)
	at org.springframework.beans.factory.support.DefaultListableBeanFactory.preInstantiateSingletons(DefaultListableBeanFactory.java:975)
	at org.springframework.context.support.AbstractApplicationContext.finishBeanFactoryInitialization(AbstractApplicationContext.java:960)
	at org.springframework.context.support.AbstractApplicationContext.refresh(AbstractApplicationContext.java:625)
	at org.springframework.boot.web.servlet.context.ServletWebServerApplicationContext.refresh(ServletWebServerApplicationContext.java:146)
	at org.springframework.boot.SpringApplication.refresh(SpringApplication.java:762)
	at org.springframework.boot.SpringApplication.refreshContext(SpringApplication.java:464)
	at org.springframework.boot.SpringApplication.run(SpringApplication.java:334)
	at org.springframework.boot.SpringApplication.run(SpringApplication.java:1358)
	at org.springframework.boot.SpringApplication.run(SpringApplication.java:1347)
	at org.ruzmetov.hotelproject.HotelProjectApplication.main(HotelProjectApplication.java:10)
	at java.base/jdk.internal.reflect.DirectMethodHandleAccessor.invoke(DirectMethodHandleAccessor.java:103)
	at java.base/java.lang.reflect.Method.invoke(Method.java:580)
	at org.springframework.boot.devtools.restart.RestartLauncher.run(RestartLauncher.java:50)
Caused by: org.springframework.beans.factory.UnsatisfiedDependencyException: Error creating bean with name 'roomServiceImpl' defined in file [C:\HotelProjectApp\HotelProject\target\classes\org\ruzmetov\hotelproject\service\impl\RoomServiceImpl.class]: Unsatisfied dependency expressed through constructor parameter 0: Error creating bean with name 'roomRepository' defined in org.ruzmetov.hotelproject.repository.RoomRepository defined in @EnableJpaRepositories declared on JpaRepositoriesRegistrar.EnableJpaRepositoriesConfiguration: Could not create query for public abstract org.ruzmetov.hotelproject.entity.Room org.ruzmetov.hotelproject.repository.RoomRepository.createRoom(int); Reason: Failed to create query for method public abstract org.ruzmetov.hotelproject.entity.Room org.ruzmetov.hotelproject.repository.RoomRepository.createRoom(int); No property 'createRoom' found for type 'Room'
	at org.springframework.beans.factory.support.ConstructorResolver.createArgumentArray(ConstructorResolver.java:802)
	at org.springframework.beans.factory.support.ConstructorResolver.autowireConstructor(ConstructorResolver.java:241)
	at org.springframework.beans.factory.support.AbstractAutowireCapableBeanFactory.autowireConstructor(AbstractAutowireCapableBeanFactory.java:1354)
	at org.springframework.beans.factory.support.AbstractAutowireCapableBeanFactory.createBeanInstance(AbstractAutowireCapableBeanFactory.java:1191)
	at org.springframework.beans.factory.support.AbstractAutowireCapableBeanFactory.doCreateBean(AbstractAutowireCapableBeanFactory.java:561)
	at org.springframework.beans.factory.support.AbstractAutowireCapableBeanFactory.createBean(AbstractAutowireCapableBeanFactory.java:521)
	at org.springframework.beans.factory.support.AbstractBeanFactory.lambda$doGetBean$0(AbstractBeanFactory.java:325)
	at org.springframework.beans.factory.support.DefaultSingletonBeanRegistry.getSingleton(DefaultSingletonBeanRegistry.java:234)
	at org.springframework.beans.factory.support.AbstractBeanFactory.doGetBean(AbstractBeanFactory.java:323)
	at org.springframework.beans.factory.support.AbstractBeanFactory.getBean(AbstractBeanFactory.java:199)
	at org.springframework.beans.factory.config.DependencyDescriptor.resolveCandidate(DependencyDescriptor.java:254)
	at org.springframework.beans.factory.support.DefaultListableBeanFactory.doResolveDependency(DefaultListableBeanFactory.java:1443)
	at org.springframework.beans.factory.support.DefaultListableBeanFactory.resolveDependency(DefaultListableBeanFactory.java:1353)
	at org.springframework.beans.factory.support.ConstructorResolver.resolveAutowiredArgument(ConstructorResolver.java:911)
	at org.springframework.beans.factory.support.ConstructorResolver.createArgumentArray(ConstructorResolver.java:789)
	... 22 common frames omitted
Caused by: org.springframework.beans.factory.BeanCreationException: Error creating bean with name 'roomRepository' defined in org.ruzmetov.hotelproject.repository.RoomRepository defined in @EnableJpaRepositories declared on JpaRepositoriesRegistrar.EnableJpaRepositoriesConfiguration: Could not create query for public abstract org.ruzmetov.hotelproject.entity.Room org.ruzmetov.hotelproject.repository.RoomRepository.createRoom(int); Reason: Failed to create query for method public abstract org.ruzmetov.hotelproject.entity.Room org.ruzmetov.hotelproject.repository.RoomRepository.createRoom(int); No property 'createRoom' found for type 'Room'
	at org.springframework.beans.factory.support.AbstractAutowireCapableBeanFactory.initializeBean(AbstractAutowireCapableBeanFactory.java:1773)
	at org.springframework.beans.factory.support.AbstractAutowireCapableBeanFactory.doCreateBean(AbstractAutowireCapableBeanFactory.java:599)
	at org.springframework.beans.factory.support.AbstractAutowireCapableBeanFactory.createBean(AbstractAutowireCapableBeanFactory.java:521)
	at org.springframework.beans.factory.support.AbstractBeanFactory.lambda$doGetBean$0(AbstractBeanFactory.java:325)
	at org.springframework.beans.factory.support.DefaultSingletonBeanRegistry.getSingleton(DefaultSingletonBeanRegistry.java:234)
	at org.springframework.beans.factory.support.AbstractBeanFactory.doGetBean(AbstractBeanFactory.java:323)
	at org.springframework.beans.factory.support.AbstractBeanFactory.getBean(AbstractBeanFactory.java:199)
	at org.springframework.beans.factory.config.DependencyDescriptor.resolveCandidate(DependencyDescriptor.java:254)
	at org.springframework.beans.factory.support.DefaultListableBeanFactory.doResolveDependency(DefaultListableBeanFactory.java:1443)
	at org.springframework.beans.factory.support.DefaultListableBeanFactory.resolveDependency(DefaultListableBeanFactory.java:1353)
	at org.springframework.beans.factory.support.ConstructorResolver.resolveAutowiredArgument(ConstructorResolver.java:911)
	at org.springframework.beans.factory.support.ConstructorResolver.createArgumentArray(ConstructorResolver.java:789)
	... 36 common frames omitted
Caused by: org.springframework.data.repository.query.QueryCreationException: Could not create query for public abstract org.ruzmetov.hotelproject.entity.Room org.ruzmetov.hotelproject.repository.RoomRepository.createRoom(int); Reason: Failed to create query for method public abstract org.ruzmetov.hotelproject.entity.Room org.ruzmetov.hotelproject.repository.RoomRepository.createRoom(int); No property 'createRoom' found for type 'Room'
	at org.springframework.data.repository.query.QueryCreationException.create(QueryCreationException.java:101)
	at org.springframework.data.repository.core.support.QueryExecutorMethodInterceptor.lookupQuery(QueryExecutorMethodInterceptor.java:115)
	at org.springframework.data.repository.core.support.QueryExecutorMethodInterceptor.mapMethodsToQuery(QueryExecutorMethodInterceptor.java:99)
	at org.springframework.data.repository.core.support.QueryExecutorMethodInterceptor.lambda$new$0(QueryExecutorMethodInterceptor.java:88)
	at java.base/java.util.Optional.map(Optional.java:260)
	at org.springframework.data.repository.core.support.QueryExecutorMethodInterceptor.<init>(QueryExecutorMethodInterceptor.java:88)
	at org.springframework.data.repository.core.support.RepositoryFactorySupport.getRepository(RepositoryFactorySupport.java:357)
	at org.springframework.data.repository.core.support.RepositoryFactoryBeanSupport.lambda$afterPropertiesSet$5(RepositoryFactoryBeanSupport.java:279)
	at org.springframework.data.util.Lazy.getNullable(Lazy.java:135)
	at org.springframework.data.util.Lazy.get(Lazy.java:113)
	at org.springframework.data.repository.core.support.RepositoryFactoryBeanSupport.afterPropertiesSet(RepositoryFactoryBeanSupport.java:285)
	at org.springframework.data.jpa.repository.support.JpaRepositoryFactoryBean.afterPropertiesSet(JpaRepositoryFactoryBean.java:132)
	at org.springframework.beans.factory.support.AbstractAutowireCapableBeanFactory.invokeInitMethods(AbstractAutowireCapableBeanFactory.java:1820)
	at org.springframework.beans.factory.support.AbstractAutowireCapableBeanFactory.initializeBean(AbstractAutowireCapableBeanFactory.java:1769)
	... 47 common frames omitted
Caused by: java.lang.IllegalArgumentException: Failed to create query for method public abstract org.ruzmetov.hotelproject.entity.Room org.ruzmetov.hotelproject.repository.RoomRepository.createRoom(int); No property 'createRoom' found for type 'Room'
	at org.springframework.data.jpa.repository.query.PartTreeJpaQuery.<init>(PartTreeJpaQuery.java:107)
	at org.springframework.data.jpa.repository.query.JpaQueryLookupStrategy$CreateQueryLookupStrategy.resolveQuery(JpaQueryLookupStrategy.java:124)
	at org.springframework.data.jpa.repository.query.JpaQueryLookupStrategy$CreateIfNotFoundQueryLookupStrategy.resolveQuery(JpaQueryLookupStrategy.java:258)
	at org.springframework.data.jpa.repository.query.JpaQueryLookupStrategy$AbstractQueryLookupStrategy.resolveQuery(JpaQueryLookupStrategy.java:95)
	at org.springframework.data.repository.core.support.QueryExecutorMethodInterceptor.lookupQuery(QueryExecutorMethodInterceptor.java:111)
	... 59 common frames omitted
Caused by: org.springframework.data.mapping.PropertyReferenceException: No property 'createRoom' found for type 'Room'
	at org.springframework.data.mapping.PropertyPath.<init>(PropertyPath.java:90)
	at org.springframework.data.mapping.PropertyPath.create(PropertyPath.java:443)
	at org.springframework.data.mapping.PropertyPath.create(PropertyPath.java:419)
	at org.springframework.data.mapping.PropertyPath.lambda$from$0(PropertyPath.java:372)
	at java.base/java.util.concurrent.ConcurrentMap.computeIfAbsent(ConcurrentMap.java:330)
	at org.springframework.data.mapping.PropertyPath.from(PropertyPath.java:354)
	at org.springframework.data.mapping.PropertyPath.from(PropertyPath.java:332)
	at org.springframework.data.repository.query.parser.Part.<init>(Part.java:81)
	at org.springframework.data.repository.query.parser.PartTree$OrPart.lambda$new$0(PartTree.java:259)
	at java.base/java.util.stream.ReferencePipeline$3$1.accept(ReferencePipeline.java:197)
	at java.base/java.util.stream.ReferencePipeline$2$1.accept(ReferencePipeline.java:179)
	at java.base/java.util.Spliterators$ArraySpliterator.forEachRemaining(Spliterators.java:1024)
	at java.base/java.util.stream.AbstractPipeline.copyInto(AbstractPipeline.java:509)
	at java.base/java.util.stream.AbstractPipeline.wrapAndCopyInto(AbstractPipeline.java:499)
	at java.base/java.util.stream.ReduceOps$ReduceOp.evaluateSequential(ReduceOps.java:921)
	at java.base/java.util.stream.AbstractPipeline.evaluate(AbstractPipeline.java:234)
	at java.base/java.util.stream.ReferencePipeline.collect(ReferencePipeline.java:682)
	at org.springframework.data.repository.query.parser.PartTree$OrPart.<init>(PartTree.java:260)
	at org.springframework.data.repository.query.parser.PartTree$Predicate.lambda$new$0(PartTree.java:389)
	at java.base/java.util.stream.ReferencePipeline$3$1.accept(ReferencePipeline.java:197)
	at java.base/java.util.stream.ReferencePipeline$2$1.accept(ReferencePipeline.java:179)
	at java.base/java.util.Spliterators$ArraySpliterator.forEachRemaining(Spliterators.java:1024)
	at java.base/java.util.stream.AbstractPipeline.copyInto(AbstractPipeline.java:509)
	at java.base/java.util.stream.AbstractPipeline.wrapAndCopyInto(AbstractPipeline.java:499)
	at java.base/java.util.stream.ReduceOps$ReduceOp.evaluateSequential(ReduceOps.java:921)
	at java.base/java.util.stream.AbstractPipeline.evaluate(AbstractPipeline.java:234)
	at java.base/java.util.stream.ReferencePipeline.collect(ReferencePipeline.java:682)
	at org.springframework.data.repository.query.parser.PartTree$Predicate.<init>(PartTree.java:390)
	at org.springframework.data.repository.query.parser.PartTree.<init>(PartTree.java:100)
	at org.springframework.data.jpa.repository.query.PartTreeJpaQuery.<init>(PartTreeJpaQuery.java:100)
	... 63 common frames omitted
14.03.2024 11:26:20.628 [restartedMain] INFO  o.r.h.HotelProjectApplication - Starting HotelProjectApplication using Java 21.0.2 with PID 12660 (C:\HotelProjectApp\HotelProject\target\classes started by Tel-ran.de in C:\HotelProjectApp\HotelProject)
14.03.2024 11:26:20.631 [restartedMain] INFO  o.r.h.HotelProjectApplication - No active profile set, falling back to 1 default profile: "default"
14.03.2024 11:26:20.739 [restartedMain] INFO  o.s.b.d.e.DevToolsPropertyDefaultsPostProcessor - Devtools property defaults active! Set 'spring.devtools.add-properties' to 'false' to disable
14.03.2024 11:26:20.741 [restartedMain] INFO  o.s.b.d.e.DevToolsPropertyDefaultsPostProcessor - For additional web related logging consider setting the 'logging.level.web' property to 'DEBUG'
14.03.2024 11:26:22.233 [restartedMain] INFO  o.s.d.r.c.RepositoryConfigurationDelegate - Bootstrapping Spring Data JPA repositories in DEFAULT mode.
14.03.2024 11:26:22.355 [restartedMain] INFO  o.s.d.r.c.RepositoryConfigurationDelegate - Finished Spring Data repository scanning in 112 ms. Found 6 JPA repository interfaces.
14.03.2024 11:26:23.740 [restartedMain] INFO  o.s.b.w.e.t.TomcatWebServer - Tomcat initialized with port 8080 (http)
14.03.2024 11:26:23.757 [restartedMain] INFO  o.a.c.c.StandardService - Starting service [Tomcat]
14.03.2024 11:26:23.759 [restartedMain] INFO  o.a.c.c.StandardEngine - Starting Servlet engine: [Apache Tomcat/10.1.17]
14.03.2024 11:26:23.837 [restartedMain] INFO  o.a.c.c.C.[.[.[/] - Initializing Spring embedded WebApplicationContext
14.03.2024 11:26:23.837 [restartedMain] INFO  o.s.b.w.s.c.ServletWebServerApplicationContext - Root WebApplicationContext: initialization completed in 3095 ms
14.03.2024 11:26:24.151 [restartedMain] INFO  c.z.h.HikariDataSource - HikariPool-1 - Starting...
14.03.2024 11:26:24.731 [restartedMain] INFO  c.z.h.p.HikariPool - HikariPool-1 - Added connection com.mysql.cj.jdbc.ConnectionImpl@2b3f22a1
14.03.2024 11:26:24.737 [restartedMain] INFO  c.z.h.HikariDataSource - HikariPool-1 - Start completed.
14.03.2024 11:26:25.690 [restartedMain] INFO  l.lockservice - Successfully acquired change log lock
14.03.2024 11:26:25.699 [restartedMain] INFO  liquibase.command - Dropping Database Objects in schema: 300523_m_be_hotel.300523_m_be_hotel
14.03.2024 11:26:26.521 [restartedMain] INFO  liquibase.database - Successfully deleted all supported object types in schema 300523_m_be_hotel.300523_m_be_hotel.
14.03.2024 11:26:26.568 [restartedMain] WARN  l.lockservice - Failed to release change log lock
14.03.2024 11:26:26.572 [restartedMain] INFO  liquibase.ui - All objects dropped from root@localhost@jdbc:mysql://localhost:3306/300523_m_be_hotel
14.03.2024 11:26:26.573 [restartedMain] INFO  liquibase.command - Command execution complete
14.03.2024 11:26:27.216 [restartedMain] INFO  liquibase.changelog - Creating database history table with name: `300523_m_be_hotel`.databasechangelog
14.03.2024 11:26:27.247 [restartedMain] INFO  liquibase.changelog - Reading from `300523_m_be_hotel`.databasechangelog
14.03.2024 11:26:27.374 [restartedMain] WARN  liquibase.changelog - liquibase.statement.core.CreateSequenceStatement is not supported on mysql, but createSequence will still execute
14.03.2024 11:26:27.398 [restartedMain] WARN  liquibase.changelog - liquibase.statement.core.CreateSequenceStatement is not supported on mysql, but createSequence will still execute
14.03.2024 11:26:27.414 [restartedMain] INFO  l.lockservice - Successfully acquired change log lock
14.03.2024 11:26:27.415 [restartedMain] INFO  liquibase.command - Using deploymentId: 0411987415
14.03.2024 11:26:27.419 [restartedMain] INFO  liquibase.changelog - Reading from `300523_m_be_hotel`.databasechangelog
14.03.2024 11:26:27.556 [restartedMain] INFO  liquibase.ui - Running Changeset: db/changelog/changes/v0.0.1-SNAPSHOT/drop-tables-changelog.xml::drop reservation table::b.ruzmetov
14.03.2024 11:26:27.575 [restartedMain] INFO  liquibase.changelog - Marking ChangeSet: "db/changelog/changes/v0.0.1-SNAPSHOT/drop-tables-changelog.xml::drop reservation table::b.ruzmetov" as ran despite precondition failure due to onFail='MARK_RAN': 
          db/changelog/changelog-master.xml : Table `300523_m_be_hotel`.reservation does not exist

14.03.2024 11:26:27.585 [restartedMain] INFO  liquibase.ui - Running Changeset: db/changelog/changes/v0.0.1-SNAPSHOT/drop-tables-changelog.xml::drop payment table::b.ruzmetov
14.03.2024 11:26:27.600 [restartedMain] INFO  liquibase.changelog - Marking ChangeSet: "db/changelog/changes/v0.0.1-SNAPSHOT/drop-tables-changelog.xml::drop payment table::b.ruzmetov" as ran despite precondition failure due to onFail='MARK_RAN': 
          db/changelog/changelog-master.xml : Table `300523_m_be_hotel`.payment does not exist

14.03.2024 11:26:27.606 [restartedMain] INFO  liquibase.ui - Running Changeset: db/changelog/changes/v0.0.1-SNAPSHOT/drop-tables-changelog.xml::drop service table::b.ruzmetov
14.03.2024 11:26:27.621 [restartedMain] INFO  liquibase.changelog - Marking ChangeSet: "db/changelog/changes/v0.0.1-SNAPSHOT/drop-tables-changelog.xml::drop service table::b.ruzmetov" as ran despite precondition failure due to onFail='MARK_RAN': 
          db/changelog/changelog-master.xml : Table `300523_m_be_hotel`.service does not exist

14.03.2024 11:26:27.629 [restartedMain] INFO  liquibase.ui - Running Changeset: db/changelog/changes/v0.0.1-SNAPSHOT/drop-tables-changelog.xml::drop room table::b.ruzmetov
14.03.2024 11:26:27.655 [restartedMain] INFO  liquibase.changelog - Marking ChangeSet: "db/changelog/changes/v0.0.1-SNAPSHOT/drop-tables-changelog.xml::drop room table::b.ruzmetov" as ran despite precondition failure due to onFail='MARK_RAN': 
          db/changelog/changelog-master.xml : Table `300523_m_be_hotel`.room does not exist

14.03.2024 11:26:27.662 [restartedMain] INFO  liquibase.ui - Running Changeset: db/changelog/changes/v0.0.1-SNAPSHOT/drop-tables-changelog.xml::drop event table::b.ruzmetov
14.03.2024 11:26:27.689 [restartedMain] INFO  liquibase.changelog - Marking ChangeSet: "db/changelog/changes/v0.0.1-SNAPSHOT/drop-tables-changelog.xml::drop event table::b.ruzmetov" as ran despite precondition failure due to onFail='MARK_RAN': 
          db/changelog/changelog-master.xml : Table `300523_m_be_hotel`.event does not exist

14.03.2024 11:26:27.698 [restartedMain] INFO  liquibase.ui - Running Changeset: db/changelog/changes/v0.0.1-SNAPSHOT/drop-tables-changelog.xml::drop customer table::b.ruzmetov
14.03.2024 11:26:27.724 [restartedMain] INFO  liquibase.changelog - Marking ChangeSet: "db/changelog/changes/v0.0.1-SNAPSHOT/drop-tables-changelog.xml::drop customer table::b.ruzmetov" as ran despite precondition failure due to onFail='MARK_RAN': 
          db/changelog/changelog-master.xml : Table `300523_m_be_hotel`.customer does not exist

14.03.2024 11:26:27.733 [restartedMain] INFO  liquibase.ui - Running Changeset: db/changelog/changes/v0.0.1-SNAPSHOT/create-tables-changelog.xml::create room table::b.ruzmetov
14.03.2024 11:26:27.773 [restartedMain] INFO  liquibase.changelog - Table room created
14.03.2024 11:26:27.775 [restartedMain] INFO  liquibase.changelog - ChangeSet db/changelog/changes/v0.0.1-SNAPSHOT/create-tables-changelog.xml::create room table::b.ruzmetov ran successfully in 42ms
14.03.2024 11:26:27.782 [restartedMain] INFO  liquibase.ui - Running Changeset: db/changelog/changes/v0.0.1-SNAPSHOT/create-tables-changelog.xml::create service table::b.ruzmetov
14.03.2024 11:26:27.822 [restartedMain] INFO  liquibase.changelog - Table service created
14.03.2024 11:26:27.823 [restartedMain] INFO  liquibase.changelog - ChangeSet db/changelog/changes/v0.0.1-SNAPSHOT/create-tables-changelog.xml::create service table::b.ruzmetov ran successfully in 40ms
14.03.2024 11:26:27.832 [restartedMain] INFO  liquibase.ui - Running Changeset: db/changelog/changes/v0.0.1-SNAPSHOT/create-tables-changelog.xml::create event table::b.ruzmetov
14.03.2024 11:26:27.898 [restartedMain] INFO  liquibase.changelog - Table event created
14.03.2024 11:26:27.899 [restartedMain] INFO  liquibase.changelog - ChangeSet db/changelog/changes/v0.0.1-SNAPSHOT/create-tables-changelog.xml::create event table::b.ruzmetov ran successfully in 66ms
14.03.2024 11:26:27.919 [restartedMain] INFO  liquibase.ui - Running Changeset: db/changelog/changes/v0.0.1-SNAPSHOT/create-tables-changelog.xml::create customer table::b.ruzmetov
14.03.2024 11:26:27.984 [restartedMain] INFO  liquibase.changelog - Table customer created
14.03.2024 11:26:27.985 [restartedMain] INFO  liquibase.changelog - ChangeSet db/changelog/changes/v0.0.1-SNAPSHOT/create-tables-changelog.xml::create customer table::b.ruzmetov ran successfully in 64ms
14.03.2024 11:26:27.994 [restartedMain] INFO  liquibase.ui - Running Changeset: db/changelog/changes/v0.0.1-SNAPSHOT/create-tables-changelog.xml::create payment table::b.ruzmetov
14.03.2024 11:26:28.057 [restartedMain] INFO  liquibase.changelog - Table payment created
14.03.2024 11:26:28.058 [restartedMain] INFO  liquibase.changelog - ChangeSet db/changelog/changes/v0.0.1-SNAPSHOT/create-tables-changelog.xml::create payment table::b.ruzmetov ran successfully in 63ms
14.03.2024 11:26:28.067 [restartedMain] INFO  liquibase.ui - Running Changeset: db/changelog/changes/v0.0.1-SNAPSHOT/create-tables-changelog.xml::create reservation table::b.ruzmetov
14.03.2024 11:26:28.126 [restartedMain] INFO  liquibase.changelog - Table reservation created
14.03.2024 11:26:28.127 [restartedMain] INFO  liquibase.changelog - ChangeSet db/changelog/changes/v0.0.1-SNAPSHOT/create-tables-changelog.xml::create reservation table::b.ruzmetov ran successfully in 60ms
14.03.2024 11:26:28.136 [restartedMain] INFO  liquibase.ui - Running Changeset: db/changelog/changes/v0.0.1-SNAPSHOT/create-sequence.xml::create sequence for UUID generator::b.ruzmetov
14.03.2024 11:26:28.139 [restartedMain] INFO  liquibase.changelog - Sequence seq_for_uuid_generator created
14.03.2024 11:26:28.140 [restartedMain] INFO  liquibase.changelog - ChangeSet db/changelog/changes/v0.0.1-SNAPSHOT/create-sequence.xml::create sequence for UUID generator::b.ruzmetov ran successfully in 3ms
14.03.2024 11:26:28.148 [restartedMain] INFO  liquibase.ui - Running Changeset: db/changelog/changes/v0.0.1-SNAPSHOT/insert_test_data_changelog_1.xml::insert test data into service table::b.ruzmetov
14.03.2024 11:26:28.156 [restartedMain] INFO  liquibase.changelog - New row inserted into service
14.03.2024 11:26:28.159 [restartedMain] INFO  liquibase.changelog - ChangeSet db/changelog/changes/v0.0.1-SNAPSHOT/insert_test_data_changelog_1.xml::insert test data into service table::b.ruzmetov ran successfully in 10ms
14.03.2024 11:26:28.165 [restartedMain] INFO  liquibase.ui - Running Changeset: db/changelog/changes/v0.0.1-SNAPSHOT/insert_test_data_changelog_1.xml::insert test data into room table::b.ruzmetov
14.03.2024 11:26:28.172 [restartedMain] INFO  liquibase.changelog - New row inserted into room
14.03.2024 11:26:28.175 [restartedMain] INFO  liquibase.changelog - ChangeSet db/changelog/changes/v0.0.1-SNAPSHOT/insert_test_data_changelog_1.xml::insert test data into room table::b.ruzmetov ran successfully in 9ms
14.03.2024 11:26:28.181 [restartedMain] INFO  liquibase.ui - Running Changeset: db/changelog/changes/v0.0.1-SNAPSHOT/insert_test_data_changelog_1.xml::insert test data into event table::b.ruzmetov
14.03.2024 11:26:28.189 [restartedMain] INFO  liquibase.changelog - New row inserted into event
14.03.2024 11:26:28.191 [restartedMain] INFO  liquibase.changelog - ChangeSet db/changelog/changes/v0.0.1-SNAPSHOT/insert_test_data_changelog_1.xml::insert test data into event table::b.ruzmetov ran successfully in 9ms
14.03.2024 11:26:28.199 [restartedMain] INFO  liquibase.ui - Running Changeset: db/changelog/changes/v0.0.1-SNAPSHOT/insert_test_data_changelog_1.xml::insert test data into customer table::b.ruzmetov
14.03.2024 11:26:28.204 [restartedMain] INFO  liquibase.changelog - New row inserted into customer
14.03.2024 11:26:28.207 [restartedMain] INFO  liquibase.changelog - ChangeSet db/changelog/changes/v0.0.1-SNAPSHOT/insert_test_data_changelog_1.xml::insert test data into customer table::b.ruzmetov ran successfully in 8ms
14.03.2024 11:26:28.213 [restartedMain] INFO  liquibase.ui - Running Changeset: db/changelog/changes/v0.0.1-SNAPSHOT/insert_test_data_changelog_1.xml::insert test data into payment table::b.ruzmetov
14.03.2024 11:26:28.218 [restartedMain] INFO  liquibase.changelog - New row inserted into payment
14.03.2024 11:26:28.221 [restartedMain] INFO  liquibase.changelog - ChangeSet db/changelog/changes/v0.0.1-SNAPSHOT/insert_test_data_changelog_1.xml::insert test data into payment table::b.ruzmetov ran successfully in 6ms
14.03.2024 11:26:28.237 [restartedMain] INFO  liquibase.ui - Running Changeset: db/changelog/changes/v0.0.1-SNAPSHOT/insert_test_data_changelog_1.xml::insert test data into reservation table::b.ruzmetov
14.03.2024 11:26:28.254 [restartedMain] INFO  liquibase.changelog - New row inserted into reservation
14.03.2024 11:26:28.257 [restartedMain] INFO  liquibase.changelog - ChangeSet db/changelog/changes/v0.0.1-SNAPSHOT/insert_test_data_changelog_1.xml::insert test data into reservation table::b.ruzmetov ran successfully in 19ms
14.03.2024 11:26:28.272 [restartedMain] INFO  liquibase.ui - Running Changeset: db/changelog/changes/v0.0.1-SNAPSHOT/insert_test_data_changelog_2.xml::insert test data into service table::b.ruzmetov
14.03.2024 11:26:28.279 [restartedMain] INFO  liquibase.changelog - New row inserted into service
14.03.2024 11:26:28.281 [restartedMain] INFO  liquibase.changelog - ChangeSet db/changelog/changes/v0.0.1-SNAPSHOT/insert_test_data_changelog_2.xml::insert test data into service table::b.ruzmetov ran successfully in 8ms
14.03.2024 11:26:28.290 [restartedMain] INFO  liquibase.ui - Running Changeset: db/changelog/changes/v0.0.1-SNAPSHOT/insert_test_data_changelog_2.xml::insert test data into room table::b.ruzmetov
14.03.2024 11:26:28.295 [restartedMain] INFO  liquibase.changelog - New row inserted into room
14.03.2024 11:26:28.298 [restartedMain] INFO  liquibase.changelog - ChangeSet db/changelog/changes/v0.0.1-SNAPSHOT/insert_test_data_changelog_2.xml::insert test data into room table::b.ruzmetov ran successfully in 7ms
14.03.2024 11:26:28.318 [restartedMain] INFO  liquibase.ui - Running Changeset: db/changelog/changes/v0.0.1-SNAPSHOT/insert_test_data_changelog_2.xml::insert test data into event table::b.ruzmetov
14.03.2024 11:26:28.325 [restartedMain] INFO  liquibase.changelog - New row inserted into event
14.03.2024 11:26:28.329 [restartedMain] INFO  liquibase.changelog - ChangeSet db/changelog/changes/v0.0.1-SNAPSHOT/insert_test_data_changelog_2.xml::insert test data into event table::b.ruzmetov ran successfully in 9ms
14.03.2024 11:26:28.338 [restartedMain] INFO  liquibase.ui - Running Changeset: db/changelog/changes/v0.0.1-SNAPSHOT/insert_test_data_changelog_2.xml::insert test data into customer table::b.ruzmetov
14.03.2024 11:26:28.345 [restartedMain] INFO  liquibase.changelog - New row inserted into customer
14.03.2024 11:26:28.348 [restartedMain] INFO  liquibase.changelog - ChangeSet db/changelog/changes/v0.0.1-SNAPSHOT/insert_test_data_changelog_2.xml::insert test data into customer table::b.ruzmetov ran successfully in 9ms
14.03.2024 11:26:28.357 [restartedMain] INFO  liquibase.ui - Running Changeset: db/changelog/changes/v0.0.1-SNAPSHOT/insert_test_data_changelog_2.xml::insert test data into payment table::b.ruzmetov
14.03.2024 11:26:28.362 [restartedMain] INFO  liquibase.changelog - New row inserted into payment
14.03.2024 11:26:28.366 [restartedMain] INFO  liquibase.changelog - ChangeSet db/changelog/changes/v0.0.1-SNAPSHOT/insert_test_data_changelog_2.xml::insert test data into payment table::b.ruzmetov ran successfully in 9ms
14.03.2024 11:26:28.394 [restartedMain] INFO  liquibase.ui - Running Changeset: db/changelog/changes/v0.0.1-SNAPSHOT/insert_test_data_changelog_2.xml::insert test data into reservation table::b.ruzmetov
14.03.2024 11:26:28.401 [restartedMain] INFO  liquibase.changelog - New row inserted into reservation
14.03.2024 11:26:28.404 [restartedMain] INFO  liquibase.changelog - ChangeSet db/changelog/changes/v0.0.1-SNAPSHOT/insert_test_data_changelog_2.xml::insert test data into reservation table::b.ruzmetov ran successfully in 9ms
14.03.2024 11:26:28.413 [restartedMain] INFO  liquibase.ui - Running Changeset: db/changelog/changes/v0.0.1-SNAPSHOT/insert_test_data_changelog_3.xml::insert test data into service table::b.ruzmetov
14.03.2024 11:26:28.418 [restartedMain] INFO  liquibase.changelog - New row inserted into service
14.03.2024 11:26:28.421 [restartedMain] INFO  liquibase.changelog - ChangeSet db/changelog/changes/v0.0.1-SNAPSHOT/insert_test_data_changelog_3.xml::insert test data into service table::b.ruzmetov ran successfully in 8ms
14.03.2024 11:26:28.430 [restartedMain] INFO  liquibase.ui - Running Changeset: db/changelog/changes/v0.0.1-SNAPSHOT/insert_test_data_changelog_3.xml::insert test data into room table::b.ruzmetov
14.03.2024 11:26:28.436 [restartedMain] INFO  liquibase.changelog - New row inserted into room
14.03.2024 11:26:28.438 [restartedMain] INFO  liquibase.changelog - ChangeSet db/changelog/changes/v0.0.1-SNAPSHOT/insert_test_data_changelog_3.xml::insert test data into room table::b.ruzmetov ran successfully in 7ms
14.03.2024 11:26:28.445 [restartedMain] INFO  liquibase.ui - Running Changeset: db/changelog/changes/v0.0.1-SNAPSHOT/insert_test_data_changelog_3.xml::insert test data into event table::b.ruzmetov
14.03.2024 11:26:28.449 [restartedMain] INFO  liquibase.changelog - New row inserted into event
14.03.2024 11:26:28.451 [restartedMain] INFO  liquibase.changelog - ChangeSet db/changelog/changes/v0.0.1-SNAPSHOT/insert_test_data_changelog_3.xml::insert test data into event table::b.ruzmetov ran successfully in 6ms
14.03.2024 11:26:28.467 [restartedMain] INFO  liquibase.ui - Running Changeset: db/changelog/changes/v0.0.1-SNAPSHOT/insert_test_data_changelog_3.xml::insert test data into customer table::b.ruzmetov
14.03.2024 11:26:28.474 [restartedMain] INFO  liquibase.changelog - New row inserted into customer
14.03.2024 11:26:28.479 [restartedMain] INFO  liquibase.changelog - ChangeSet db/changelog/changes/v0.0.1-SNAPSHOT/insert_test_data_changelog_3.xml::insert test data into customer table::b.ruzmetov ran successfully in 9ms
14.03.2024 11:26:28.494 [restartedMain] INFO  liquibase.ui - Running Changeset: db/changelog/changes/v0.0.1-SNAPSHOT/insert_test_data_changelog_3.xml::insert test data into payment table::b.ruzmetov
14.03.2024 11:26:28.503 [restartedMain] INFO  liquibase.changelog - New row inserted into payment
14.03.2024 11:26:28.508 [restartedMain] INFO  liquibase.changelog - ChangeSet db/changelog/changes/v0.0.1-SNAPSHOT/insert_test_data_changelog_3.xml::insert test data into payment table::b.ruzmetov ran successfully in 13ms
14.03.2024 11:26:28.516 [restartedMain] INFO  liquibase.ui - Running Changeset: db/changelog/changes/v0.0.1-SNAPSHOT/insert_test_data_changelog_3.xml::insert test data into reservation table::b.ruzmetov
14.03.2024 11:26:28.523 [restartedMain] INFO  liquibase.changelog - New row inserted into reservation
14.03.2024 11:26:28.525 [restartedMain] INFO  liquibase.changelog - ChangeSet db/changelog/changes/v0.0.1-SNAPSHOT/insert_test_data_changelog_3.xml::insert test data into reservation table::b.ruzmetov ran successfully in 8ms
14.03.2024 11:26:28.533 [restartedMain] INFO  liquibase.ui - Running Changeset: db/changelog/changes/v0.0.1-SNAPSHOT/insert_test_data_changelog_4.xml::insert test data into service table::b.ruzmetov
14.03.2024 11:26:28.546 [restartedMain] INFO  liquibase.changelog - New row inserted into service
14.03.2024 11:26:28.552 [restartedMain] INFO  liquibase.changelog - ChangeSet db/changelog/changes/v0.0.1-SNAPSHOT/insert_test_data_changelog_4.xml::insert test data into service table::b.ruzmetov ran successfully in 14ms
14.03.2024 11:26:28.562 [restartedMain] INFO  liquibase.ui - Running Changeset: db/changelog/changes/v0.0.1-SNAPSHOT/insert_test_data_changelog_4.xml::insert test data into room table::b.ruzmetov
14.03.2024 11:26:28.567 [restartedMain] INFO  liquibase.changelog - New row inserted into room
14.03.2024 11:26:28.571 [restartedMain] INFO  liquibase.changelog - ChangeSet db/changelog/changes/v0.0.1-SNAPSHOT/insert_test_data_changelog_4.xml::insert test data into room table::b.ruzmetov ran successfully in 8ms
14.03.2024 11:26:28.578 [restartedMain] INFO  liquibase.ui - Running Changeset: db/changelog/changes/v0.0.1-SNAPSHOT/insert_test_data_changelog_4.xml::insert test data into event table::b.ruzmetov
14.03.2024 11:26:28.583 [restartedMain] INFO  liquibase.changelog - New row inserted into event
14.03.2024 11:26:28.586 [restartedMain] INFO  liquibase.changelog - ChangeSet db/changelog/changes/v0.0.1-SNAPSHOT/insert_test_data_changelog_4.xml::insert test data into event table::b.ruzmetov ran successfully in 8ms
14.03.2024 11:26:28.597 [restartedMain] INFO  liquibase.ui - Running Changeset: db/changelog/changes/v0.0.1-SNAPSHOT/insert_test_data_changelog_4.xml::insert test data into customer table::b.ruzmetov
14.03.2024 11:26:28.602 [restartedMain] INFO  liquibase.changelog - New row inserted into customer
14.03.2024 11:26:28.606 [restartedMain] INFO  liquibase.changelog - ChangeSet db/changelog/changes/v0.0.1-SNAPSHOT/insert_test_data_changelog_4.xml::insert test data into customer table::b.ruzmetov ran successfully in 9ms
14.03.2024 11:26:28.614 [restartedMain] INFO  liquibase.ui - Running Changeset: db/changelog/changes/v0.0.1-SNAPSHOT/insert_test_data_changelog_4.xml::insert test data into payment table::b.ruzmetov
14.03.2024 11:26:28.618 [restartedMain] INFO  liquibase.changelog - New row inserted into payment
14.03.2024 11:26:28.624 [restartedMain] INFO  liquibase.changelog - ChangeSet db/changelog/changes/v0.0.1-SNAPSHOT/insert_test_data_changelog_4.xml::insert test data into payment table::b.ruzmetov ran successfully in 10ms
14.03.2024 11:26:28.630 [restartedMain] INFO  liquibase.ui - Running Changeset: db/changelog/changes/v0.0.1-SNAPSHOT/insert_test_data_changelog_4.xml::insert test data into reservation table::b.ruzmetov
14.03.2024 11:26:28.634 [restartedMain] INFO  liquibase.changelog - New row inserted into reservation
14.03.2024 11:26:28.636 [restartedMain] INFO  liquibase.changelog - ChangeSet db/changelog/changes/v0.0.1-SNAPSHOT/insert_test_data_changelog_4.xml::insert test data into reservation table::b.ruzmetov ran successfully in 5ms
14.03.2024 11:26:28.649 [restartedMain] INFO  liquibase.util - UPDATE SUMMARY
14.03.2024 11:26:28.649 [restartedMain] INFO  liquibase.util - Run:                         37
14.03.2024 11:26:28.649 [restartedMain] INFO  liquibase.util - Previously run:               0
14.03.2024 11:26:28.649 [restartedMain] INFO  liquibase.util - Filtered out:                 0
14.03.2024 11:26:28.649 [restartedMain] INFO  liquibase.util - -------------------------------
14.03.2024 11:26:28.649 [restartedMain] INFO  liquibase.util - Total change sets:           37
14.03.2024 11:26:28.650 [restartedMain] INFO  liquibase.util - Update summary generated
14.03.2024 11:26:28.653 [restartedMain] INFO  liquibase.command - Update command completed successfully.
14.03.2024 11:26:28.653 [restartedMain] INFO  liquibase.ui - Liquibase: Update has been successful. Rows affected: 61
14.03.2024 11:26:28.661 [restartedMain] INFO  l.lockservice - Successfully released change log lock
14.03.2024 11:26:28.661 [restartedMain] INFO  liquibase.command - Command execution complete
14.03.2024 11:26:28.897 [restartedMain] INFO  o.h.j.i.u.LogHelper - HHH000204: Processing PersistenceUnitInfo [name: default]
14.03.2024 11:26:28.992 [restartedMain] INFO  o.hibernate.Version - HHH000412: Hibernate ORM core version 6.4.1.Final
14.03.2024 11:26:29.051 [restartedMain] INFO  o.h.c.i.RegionFactoryInitiator - HHH000026: Second-level cache disabled
14.03.2024 11:26:29.440 [restartedMain] INFO  o.s.o.j.p.SpringPersistenceUnitInfo - No LoadTimeWeaver setup: ignoring JPA class transformer
14.03.2024 11:26:29.503 [restartedMain] WARN  o.h.orm.deprecation - HHH90000025: MySQLDialect does not need to be specified explicitly using 'hibernate.dialect' (remove the property setting and it will be selected by default)
14.03.2024 11:26:30.997 [restartedMain] INFO  o.h.e.t.j.p.i.JtaPlatformInitiator - HHH000489: No JTA platform available (set 'hibernate.transaction.jta.platform' to enable JTA platform integration)
14.03.2024 11:26:31.002 [restartedMain] INFO  o.s.o.j.LocalContainerEntityManagerFactoryBean - Initialized JPA EntityManagerFactory for persistence unit 'default'
14.03.2024 11:26:32.471 [restartedMain] WARN  o.s.b.w.s.c.AnnotationConfigServletWebServerApplicationContext - Exception encountered during context initialization - cancelling refresh attempt: org.springframework.beans.factory.UnsatisfiedDependencyException: Error creating bean with name 'roomController' defined in file [C:\HotelProjectApp\HotelProject\target\classes\org\ruzmetov\hotelproject\controller\rest\RoomController.class]: Unsatisfied dependency expressed through constructor parameter 0: Error creating bean with name 'roomServiceImpl' defined in file [C:\HotelProjectApp\HotelProject\target\classes\org\ruzmetov\hotelproject\service\impl\RoomServiceImpl.class]: Unsatisfied dependency expressed through constructor parameter 0: Error creating bean with name 'roomRepository' defined in org.ruzmetov.hotelproject.repository.RoomRepository defined in @EnableJpaRepositories declared on JpaRepositoriesRegistrar.EnableJpaRepositoriesConfiguration: Could not create query for public abstract org.ruzmetov.hotelproject.entity.Room org.ruzmetov.hotelproject.repository.RoomRepository.createRoom(int); Reason: Failed to create query for method public abstract org.ruzmetov.hotelproject.entity.Room org.ruzmetov.hotelproject.repository.RoomRepository.createRoom(int); No property 'createRoom' found for type 'Room'
14.03.2024 11:26:32.472 [restartedMain] INFO  o.s.o.j.LocalContainerEntityManagerFactoryBean - Closing JPA EntityManagerFactory for persistence unit 'default'
14.03.2024 11:26:32.475 [restartedMain] INFO  c.z.h.HikariDataSource - HikariPool-1 - Shutdown initiated...
14.03.2024 11:26:32.485 [restartedMain] INFO  c.z.h.HikariDataSource - HikariPool-1 - Shutdown completed.
14.03.2024 11:26:32.488 [restartedMain] INFO  o.a.c.c.StandardService - Stopping service [Tomcat]
14.03.2024 11:26:32.502 [restartedMain] INFO  o.s.b.a.l.ConditionEvaluationReportLogger - 

Error starting ApplicationContext. To display the condition evaluation report re-run your application with 'debug' enabled.
14.03.2024 11:26:32.531 [restartedMain] ERROR o.s.b.SpringApplication - Application run failed
org.springframework.beans.factory.UnsatisfiedDependencyException: Error creating bean with name 'roomController' defined in file [C:\HotelProjectApp\HotelProject\target\classes\org\ruzmetov\hotelproject\controller\rest\RoomController.class]: Unsatisfied dependency expressed through constructor parameter 0: Error creating bean with name 'roomServiceImpl' defined in file [C:\HotelProjectApp\HotelProject\target\classes\org\ruzmetov\hotelproject\service\impl\RoomServiceImpl.class]: Unsatisfied dependency expressed through constructor parameter 0: Error creating bean with name 'roomRepository' defined in org.ruzmetov.hotelproject.repository.RoomRepository defined in @EnableJpaRepositories declared on JpaRepositoriesRegistrar.EnableJpaRepositoriesConfiguration: Could not create query for public abstract org.ruzmetov.hotelproject.entity.Room org.ruzmetov.hotelproject.repository.RoomRepository.createRoom(int); Reason: Failed to create query for method public abstract org.ruzmetov.hotelproject.entity.Room org.ruzmetov.hotelproject.repository.RoomRepository.createRoom(int); No property 'createRoom' found for type 'Room'
	at org.springframework.beans.factory.support.ConstructorResolver.createArgumentArray(ConstructorResolver.java:802)
	at org.springframework.beans.factory.support.ConstructorResolver.autowireConstructor(ConstructorResolver.java:241)
	at org.springframework.beans.factory.support.AbstractAutowireCapableBeanFactory.autowireConstructor(AbstractAutowireCapableBeanFactory.java:1354)
	at org.springframework.beans.factory.support.AbstractAutowireCapableBeanFactory.createBeanInstance(AbstractAutowireCapableBeanFactory.java:1191)
	at org.springframework.beans.factory.support.AbstractAutowireCapableBeanFactory.doCreateBean(AbstractAutowireCapableBeanFactory.java:561)
	at org.springframework.beans.factory.support.AbstractAutowireCapableBeanFactory.createBean(AbstractAutowireCapableBeanFactory.java:521)
	at org.springframework.beans.factory.support.AbstractBeanFactory.lambda$doGetBean$0(AbstractBeanFactory.java:325)
	at org.springframework.beans.factory.support.DefaultSingletonBeanRegistry.getSingleton(DefaultSingletonBeanRegistry.java:234)
	at org.springframework.beans.factory.support.AbstractBeanFactory.doGetBean(AbstractBeanFactory.java:323)
	at org.springframework.beans.factory.support.AbstractBeanFactory.getBean(AbstractBeanFactory.java:199)
	at org.springframework.beans.factory.support.DefaultListableBeanFactory.preInstantiateSingletons(DefaultListableBeanFactory.java:975)
	at org.springframework.context.support.AbstractApplicationContext.finishBeanFactoryInitialization(AbstractApplicationContext.java:960)
	at org.springframework.context.support.AbstractApplicationContext.refresh(AbstractApplicationContext.java:625)
	at org.springframework.boot.web.servlet.context.ServletWebServerApplicationContext.refresh(ServletWebServerApplicationContext.java:146)
	at org.springframework.boot.SpringApplication.refresh(SpringApplication.java:762)
	at org.springframework.boot.SpringApplication.refreshContext(SpringApplication.java:464)
	at org.springframework.boot.SpringApplication.run(SpringApplication.java:334)
	at org.springframework.boot.SpringApplication.run(SpringApplication.java:1358)
	at org.springframework.boot.SpringApplication.run(SpringApplication.java:1347)
	at org.ruzmetov.hotelproject.HotelProjectApplication.main(HotelProjectApplication.java:10)
	at java.base/jdk.internal.reflect.DirectMethodHandleAccessor.invoke(DirectMethodHandleAccessor.java:103)
	at java.base/java.lang.reflect.Method.invoke(Method.java:580)
	at org.springframework.boot.devtools.restart.RestartLauncher.run(RestartLauncher.java:50)
Caused by: org.springframework.beans.factory.UnsatisfiedDependencyException: Error creating bean with name 'roomServiceImpl' defined in file [C:\HotelProjectApp\HotelProject\target\classes\org\ruzmetov\hotelproject\service\impl\RoomServiceImpl.class]: Unsatisfied dependency expressed through constructor parameter 0: Error creating bean with name 'roomRepository' defined in org.ruzmetov.hotelproject.repository.RoomRepository defined in @EnableJpaRepositories declared on JpaRepositoriesRegistrar.EnableJpaRepositoriesConfiguration: Could not create query for public abstract org.ruzmetov.hotelproject.entity.Room org.ruzmetov.hotelproject.repository.RoomRepository.createRoom(int); Reason: Failed to create query for method public abstract org.ruzmetov.hotelproject.entity.Room org.ruzmetov.hotelproject.repository.RoomRepository.createRoom(int); No property 'createRoom' found for type 'Room'
	at org.springframework.beans.factory.support.ConstructorResolver.createArgumentArray(ConstructorResolver.java:802)
	at org.springframework.beans.factory.support.ConstructorResolver.autowireConstructor(ConstructorResolver.java:241)
	at org.springframework.beans.factory.support.AbstractAutowireCapableBeanFactory.autowireConstructor(AbstractAutowireCapableBeanFactory.java:1354)
	at org.springframework.beans.factory.support.AbstractAutowireCapableBeanFactory.createBeanInstance(AbstractAutowireCapableBeanFactory.java:1191)
	at org.springframework.beans.factory.support.AbstractAutowireCapableBeanFactory.doCreateBean(AbstractAutowireCapableBeanFactory.java:561)
	at org.springframework.beans.factory.support.AbstractAutowireCapableBeanFactory.createBean(AbstractAutowireCapableBeanFactory.java:521)
	at org.springframework.beans.factory.support.AbstractBeanFactory.lambda$doGetBean$0(AbstractBeanFactory.java:325)
	at org.springframework.beans.factory.support.DefaultSingletonBeanRegistry.getSingleton(DefaultSingletonBeanRegistry.java:234)
	at org.springframework.beans.factory.support.AbstractBeanFactory.doGetBean(AbstractBeanFactory.java:323)
	at org.springframework.beans.factory.support.AbstractBeanFactory.getBean(AbstractBeanFactory.java:199)
	at org.springframework.beans.factory.config.DependencyDescriptor.resolveCandidate(DependencyDescriptor.java:254)
	at org.springframework.beans.factory.support.DefaultListableBeanFactory.doResolveDependency(DefaultListableBeanFactory.java:1443)
	at org.springframework.beans.factory.support.DefaultListableBeanFactory.resolveDependency(DefaultListableBeanFactory.java:1353)
	at org.springframework.beans.factory.support.ConstructorResolver.resolveAutowiredArgument(ConstructorResolver.java:911)
	at org.springframework.beans.factory.support.ConstructorResolver.createArgumentArray(ConstructorResolver.java:789)
	... 22 common frames omitted
Caused by: org.springframework.beans.factory.BeanCreationException: Error creating bean with name 'roomRepository' defined in org.ruzmetov.hotelproject.repository.RoomRepository defined in @EnableJpaRepositories declared on JpaRepositoriesRegistrar.EnableJpaRepositoriesConfiguration: Could not create query for public abstract org.ruzmetov.hotelproject.entity.Room org.ruzmetov.hotelproject.repository.RoomRepository.createRoom(int); Reason: Failed to create query for method public abstract org.ruzmetov.hotelproject.entity.Room org.ruzmetov.hotelproject.repository.RoomRepository.createRoom(int); No property 'createRoom' found for type 'Room'
	at org.springframework.beans.factory.support.AbstractAutowireCapableBeanFactory.initializeBean(AbstractAutowireCapableBeanFactory.java:1773)
	at org.springframework.beans.factory.support.AbstractAutowireCapableBeanFactory.doCreateBean(AbstractAutowireCapableBeanFactory.java:599)
	at org.springframework.beans.factory.support.AbstractAutowireCapableBeanFactory.createBean(AbstractAutowireCapableBeanFactory.java:521)
	at org.springframework.beans.factory.support.AbstractBeanFactory.lambda$doGetBean$0(AbstractBeanFactory.java:325)
	at org.springframework.beans.factory.support.DefaultSingletonBeanRegistry.getSingleton(DefaultSingletonBeanRegistry.java:234)
	at org.springframework.beans.factory.support.AbstractBeanFactory.doGetBean(AbstractBeanFactory.java:323)
	at org.springframework.beans.factory.support.AbstractBeanFactory.getBean(AbstractBeanFactory.java:199)
	at org.springframework.beans.factory.config.DependencyDescriptor.resolveCandidate(DependencyDescriptor.java:254)
	at org.springframework.beans.factory.support.DefaultListableBeanFactory.doResolveDependency(DefaultListableBeanFactory.java:1443)
	at org.springframework.beans.factory.support.DefaultListableBeanFactory.resolveDependency(DefaultListableBeanFactory.java:1353)
	at org.springframework.beans.factory.support.ConstructorResolver.resolveAutowiredArgument(ConstructorResolver.java:911)
	at org.springframework.beans.factory.support.ConstructorResolver.createArgumentArray(ConstructorResolver.java:789)
	... 36 common frames omitted
Caused by: org.springframework.data.repository.query.QueryCreationException: Could not create query for public abstract org.ruzmetov.hotelproject.entity.Room org.ruzmetov.hotelproject.repository.RoomRepository.createRoom(int); Reason: Failed to create query for method public abstract org.ruzmetov.hotelproject.entity.Room org.ruzmetov.hotelproject.repository.RoomRepository.createRoom(int); No property 'createRoom' found for type 'Room'
	at org.springframework.data.repository.query.QueryCreationException.create(QueryCreationException.java:101)
	at org.springframework.data.repository.core.support.QueryExecutorMethodInterceptor.lookupQuery(QueryExecutorMethodInterceptor.java:115)
	at org.springframework.data.repository.core.support.QueryExecutorMethodInterceptor.mapMethodsToQuery(QueryExecutorMethodInterceptor.java:99)
	at org.springframework.data.repository.core.support.QueryExecutorMethodInterceptor.lambda$new$0(QueryExecutorMethodInterceptor.java:88)
	at java.base/java.util.Optional.map(Optional.java:260)
	at org.springframework.data.repository.core.support.QueryExecutorMethodInterceptor.<init>(QueryExecutorMethodInterceptor.java:88)
	at org.springframework.data.repository.core.support.RepositoryFactorySupport.getRepository(RepositoryFactorySupport.java:357)
	at org.springframework.data.repository.core.support.RepositoryFactoryBeanSupport.lambda$afterPropertiesSet$5(RepositoryFactoryBeanSupport.java:279)
	at org.springframework.data.util.Lazy.getNullable(Lazy.java:135)
	at org.springframework.data.util.Lazy.get(Lazy.java:113)
	at org.springframework.data.repository.core.support.RepositoryFactoryBeanSupport.afterPropertiesSet(RepositoryFactoryBeanSupport.java:285)
	at org.springframework.data.jpa.repository.support.JpaRepositoryFactoryBean.afterPropertiesSet(JpaRepositoryFactoryBean.java:132)
	at org.springframework.beans.factory.support.AbstractAutowireCapableBeanFactory.invokeInitMethods(AbstractAutowireCapableBeanFactory.java:1820)
	at org.springframework.beans.factory.support.AbstractAutowireCapableBeanFactory.initializeBean(AbstractAutowireCapableBeanFactory.java:1769)
	... 47 common frames omitted
Caused by: java.lang.IllegalArgumentException: Failed to create query for method public abstract org.ruzmetov.hotelproject.entity.Room org.ruzmetov.hotelproject.repository.RoomRepository.createRoom(int); No property 'createRoom' found for type 'Room'
	at org.springframework.data.jpa.repository.query.PartTreeJpaQuery.<init>(PartTreeJpaQuery.java:107)
	at org.springframework.data.jpa.repository.query.JpaQueryLookupStrategy$CreateQueryLookupStrategy.resolveQuery(JpaQueryLookupStrategy.java:124)
	at org.springframework.data.jpa.repository.query.JpaQueryLookupStrategy$CreateIfNotFoundQueryLookupStrategy.resolveQuery(JpaQueryLookupStrategy.java:258)
	at org.springframework.data.jpa.repository.query.JpaQueryLookupStrategy$AbstractQueryLookupStrategy.resolveQuery(JpaQueryLookupStrategy.java:95)
	at org.springframework.data.repository.core.support.QueryExecutorMethodInterceptor.lookupQuery(QueryExecutorMethodInterceptor.java:111)
	... 59 common frames omitted
Caused by: org.springframework.data.mapping.PropertyReferenceException: No property 'createRoom' found for type 'Room'
	at org.springframework.data.mapping.PropertyPath.<init>(PropertyPath.java:90)
	at org.springframework.data.mapping.PropertyPath.create(PropertyPath.java:443)
	at org.springframework.data.mapping.PropertyPath.create(PropertyPath.java:419)
	at org.springframework.data.mapping.PropertyPath.lambda$from$0(PropertyPath.java:372)
	at java.base/java.util.concurrent.ConcurrentMap.computeIfAbsent(ConcurrentMap.java:330)
	at org.springframework.data.mapping.PropertyPath.from(PropertyPath.java:354)
	at org.springframework.data.mapping.PropertyPath.from(PropertyPath.java:332)
	at org.springframework.data.repository.query.parser.Part.<init>(Part.java:81)
	at org.springframework.data.repository.query.parser.PartTree$OrPart.lambda$new$0(PartTree.java:259)
	at java.base/java.util.stream.ReferencePipeline$3$1.accept(ReferencePipeline.java:197)
	at java.base/java.util.stream.ReferencePipeline$2$1.accept(ReferencePipeline.java:179)
	at java.base/java.util.Spliterators$ArraySpliterator.forEachRemaining(Spliterators.java:1024)
	at java.base/java.util.stream.AbstractPipeline.copyInto(AbstractPipeline.java:509)
	at java.base/java.util.stream.AbstractPipeline.wrapAndCopyInto(AbstractPipeline.java:499)
	at java.base/java.util.stream.ReduceOps$ReduceOp.evaluateSequential(ReduceOps.java:921)
	at java.base/java.util.stream.AbstractPipeline.evaluate(AbstractPipeline.java:234)
	at java.base/java.util.stream.ReferencePipeline.collect(ReferencePipeline.java:682)
	at org.springframework.data.repository.query.parser.PartTree$OrPart.<init>(PartTree.java:260)
	at org.springframework.data.repository.query.parser.PartTree$Predicate.lambda$new$0(PartTree.java:389)
	at java.base/java.util.stream.ReferencePipeline$3$1.accept(ReferencePipeline.java:197)
	at java.base/java.util.stream.ReferencePipeline$2$1.accept(ReferencePipeline.java:179)
	at java.base/java.util.Spliterators$ArraySpliterator.forEachRemaining(Spliterators.java:1024)
	at java.base/java.util.stream.AbstractPipeline.copyInto(AbstractPipeline.java:509)
	at java.base/java.util.stream.AbstractPipeline.wrapAndCopyInto(AbstractPipeline.java:499)
	at java.base/java.util.stream.ReduceOps$ReduceOp.evaluateSequential(ReduceOps.java:921)
	at java.base/java.util.stream.AbstractPipeline.evaluate(AbstractPipeline.java:234)
	at java.base/java.util.stream.ReferencePipeline.collect(ReferencePipeline.java:682)
	at org.springframework.data.repository.query.parser.PartTree$Predicate.<init>(PartTree.java:390)
	at org.springframework.data.repository.query.parser.PartTree.<init>(PartTree.java:100)
	at org.springframework.data.jpa.repository.query.PartTreeJpaQuery.<init>(PartTreeJpaQuery.java:100)
	... 63 common frames omitted
14.03.2024 11:27:04.946 [restartedMain] INFO  o.r.h.HotelProjectApplication - Starting HotelProjectApplication using Java 21.0.2 with PID 8456 (C:\HotelProjectApp\HotelProject\target\classes started by Tel-ran.de in C:\HotelProjectApp\HotelProject)
14.03.2024 11:27:04.949 [restartedMain] INFO  o.r.h.HotelProjectApplication - No active profile set, falling back to 1 default profile: "default"
14.03.2024 11:27:05.074 [restartedMain] INFO  o.s.b.d.e.DevToolsPropertyDefaultsPostProcessor - Devtools property defaults active! Set 'spring.devtools.add-properties' to 'false' to disable
14.03.2024 11:27:05.075 [restartedMain] INFO  o.s.b.d.e.DevToolsPropertyDefaultsPostProcessor - For additional web related logging consider setting the 'logging.level.web' property to 'DEBUG'
14.03.2024 11:27:06.474 [restartedMain] INFO  o.s.d.r.c.RepositoryConfigurationDelegate - Bootstrapping Spring Data JPA repositories in DEFAULT mode.
14.03.2024 11:27:06.596 [restartedMain] INFO  o.s.d.r.c.RepositoryConfigurationDelegate - Finished Spring Data repository scanning in 112 ms. Found 6 JPA repository interfaces.
14.03.2024 11:27:07.743 [restartedMain] INFO  o.s.b.w.e.t.TomcatWebServer - Tomcat initialized with port 8080 (http)
14.03.2024 11:27:07.757 [restartedMain] INFO  o.a.c.c.StandardService - Starting service [Tomcat]
14.03.2024 11:27:07.758 [restartedMain] INFO  o.a.c.c.StandardEngine - Starting Servlet engine: [Apache Tomcat/10.1.17]
14.03.2024 11:27:07.840 [restartedMain] INFO  o.a.c.c.C.[.[.[/] - Initializing Spring embedded WebApplicationContext
14.03.2024 11:27:07.840 [restartedMain] INFO  o.s.b.w.s.c.ServletWebServerApplicationContext - Root WebApplicationContext: initialization completed in 2764 ms
14.03.2024 11:27:08.133 [restartedMain] INFO  c.z.h.HikariDataSource - HikariPool-1 - Starting...
14.03.2024 11:27:08.575 [restartedMain] INFO  c.z.h.p.HikariPool - HikariPool-1 - Added connection com.mysql.cj.jdbc.ConnectionImpl@5b61b13b
14.03.2024 11:27:08.577 [restartedMain] INFO  c.z.h.HikariDataSource - HikariPool-1 - Start completed.
14.03.2024 11:27:09.107 [restartedMain] INFO  l.lockservice - Successfully acquired change log lock
14.03.2024 11:27:09.116 [restartedMain] INFO  liquibase.command - Dropping Database Objects in schema: 300523_m_be_hotel.300523_m_be_hotel
14.03.2024 11:27:09.913 [restartedMain] INFO  liquibase.database - Successfully deleted all supported object types in schema 300523_m_be_hotel.300523_m_be_hotel.
14.03.2024 11:27:09.953 [restartedMain] WARN  l.lockservice - Failed to release change log lock
14.03.2024 11:27:09.957 [restartedMain] INFO  liquibase.ui - All objects dropped from root@localhost@jdbc:mysql://localhost:3306/300523_m_be_hotel
14.03.2024 11:27:09.957 [restartedMain] INFO  liquibase.command - Command execution complete
14.03.2024 11:27:10.478 [restartedMain] INFO  liquibase.changelog - Creating database history table with name: `300523_m_be_hotel`.databasechangelog
14.03.2024 11:27:10.508 [restartedMain] INFO  liquibase.changelog - Reading from `300523_m_be_hotel`.databasechangelog
14.03.2024 11:27:10.630 [restartedMain] WARN  liquibase.changelog - liquibase.statement.core.CreateSequenceStatement is not supported on mysql, but createSequence will still execute
14.03.2024 11:27:10.653 [restartedMain] WARN  liquibase.changelog - liquibase.statement.core.CreateSequenceStatement is not supported on mysql, but createSequence will still execute
14.03.2024 11:27:10.668 [restartedMain] INFO  l.lockservice - Successfully acquired change log lock
14.03.2024 11:27:10.670 [restartedMain] INFO  liquibase.command - Using deploymentId: 0412030670
14.03.2024 11:27:10.676 [restartedMain] INFO  liquibase.changelog - Reading from `300523_m_be_hotel`.databasechangelog
14.03.2024 11:27:10.810 [restartedMain] INFO  liquibase.ui - Running Changeset: db/changelog/changes/v0.0.1-SNAPSHOT/drop-tables-changelog.xml::drop reservation table::b.ruzmetov
14.03.2024 11:27:10.831 [restartedMain] INFO  liquibase.changelog - Marking ChangeSet: "db/changelog/changes/v0.0.1-SNAPSHOT/drop-tables-changelog.xml::drop reservation table::b.ruzmetov" as ran despite precondition failure due to onFail='MARK_RAN': 
          db/changelog/changelog-master.xml : Table `300523_m_be_hotel`.reservation does not exist

14.03.2024 11:27:10.841 [restartedMain] INFO  liquibase.ui - Running Changeset: db/changelog/changes/v0.0.1-SNAPSHOT/drop-tables-changelog.xml::drop payment table::b.ruzmetov
14.03.2024 11:27:10.857 [restartedMain] INFO  liquibase.changelog - Marking ChangeSet: "db/changelog/changes/v0.0.1-SNAPSHOT/drop-tables-changelog.xml::drop payment table::b.ruzmetov" as ran despite precondition failure due to onFail='MARK_RAN': 
          db/changelog/changelog-master.xml : Table `300523_m_be_hotel`.payment does not exist

14.03.2024 11:27:10.863 [restartedMain] INFO  liquibase.ui - Running Changeset: db/changelog/changes/v0.0.1-SNAPSHOT/drop-tables-changelog.xml::drop service table::b.ruzmetov
14.03.2024 11:27:10.879 [restartedMain] INFO  liquibase.changelog - Marking ChangeSet: "db/changelog/changes/v0.0.1-SNAPSHOT/drop-tables-changelog.xml::drop service table::b.ruzmetov" as ran despite precondition failure due to onFail='MARK_RAN': 
          db/changelog/changelog-master.xml : Table `300523_m_be_hotel`.service does not exist

14.03.2024 11:27:10.885 [restartedMain] INFO  liquibase.ui - Running Changeset: db/changelog/changes/v0.0.1-SNAPSHOT/drop-tables-changelog.xml::drop room table::b.ruzmetov
14.03.2024 11:27:10.900 [restartedMain] INFO  liquibase.changelog - Marking ChangeSet: "db/changelog/changes/v0.0.1-SNAPSHOT/drop-tables-changelog.xml::drop room table::b.ruzmetov" as ran despite precondition failure due to onFail='MARK_RAN': 
          db/changelog/changelog-master.xml : Table `300523_m_be_hotel`.room does not exist

14.03.2024 11:27:10.906 [restartedMain] INFO  liquibase.ui - Running Changeset: db/changelog/changes/v0.0.1-SNAPSHOT/drop-tables-changelog.xml::drop event table::b.ruzmetov
14.03.2024 11:27:10.921 [restartedMain] INFO  liquibase.changelog - Marking ChangeSet: "db/changelog/changes/v0.0.1-SNAPSHOT/drop-tables-changelog.xml::drop event table::b.ruzmetov" as ran despite precondition failure due to onFail='MARK_RAN': 
          db/changelog/changelog-master.xml : Table `300523_m_be_hotel`.event does not exist

14.03.2024 11:27:10.928 [restartedMain] INFO  liquibase.ui - Running Changeset: db/changelog/changes/v0.0.1-SNAPSHOT/drop-tables-changelog.xml::drop customer table::b.ruzmetov
14.03.2024 11:27:10.943 [restartedMain] INFO  liquibase.changelog - Marking ChangeSet: "db/changelog/changes/v0.0.1-SNAPSHOT/drop-tables-changelog.xml::drop customer table::b.ruzmetov" as ran despite precondition failure due to onFail='MARK_RAN': 
          db/changelog/changelog-master.xml : Table `300523_m_be_hotel`.customer does not exist

14.03.2024 11:27:10.950 [restartedMain] INFO  liquibase.ui - Running Changeset: db/changelog/changes/v0.0.1-SNAPSHOT/create-tables-changelog.xml::create room table::b.ruzmetov
14.03.2024 11:27:10.986 [restartedMain] INFO  liquibase.changelog - Table room created
14.03.2024 11:27:10.988 [restartedMain] INFO  liquibase.changelog - ChangeSet db/changelog/changes/v0.0.1-SNAPSHOT/create-tables-changelog.xml::create room table::b.ruzmetov ran successfully in 37ms
14.03.2024 11:27:10.995 [restartedMain] INFO  liquibase.ui - Running Changeset: db/changelog/changes/v0.0.1-SNAPSHOT/create-tables-changelog.xml::create service table::b.ruzmetov
14.03.2024 11:27:11.047 [restartedMain] INFO  liquibase.changelog - Table service created
14.03.2024 11:27:11.048 [restartedMain] INFO  liquibase.changelog - ChangeSet db/changelog/changes/v0.0.1-SNAPSHOT/create-tables-changelog.xml::create service table::b.ruzmetov ran successfully in 53ms
14.03.2024 11:27:11.060 [restartedMain] INFO  liquibase.ui - Running Changeset: db/changelog/changes/v0.0.1-SNAPSHOT/create-tables-changelog.xml::create event table::b.ruzmetov
14.03.2024 11:27:11.114 [restartedMain] INFO  liquibase.changelog - Table event created
14.03.2024 11:27:11.115 [restartedMain] INFO  liquibase.changelog - ChangeSet db/changelog/changes/v0.0.1-SNAPSHOT/create-tables-changelog.xml::create event table::b.ruzmetov ran successfully in 55ms
14.03.2024 11:27:11.126 [restartedMain] INFO  liquibase.ui - Running Changeset: db/changelog/changes/v0.0.1-SNAPSHOT/create-tables-changelog.xml::create customer table::b.ruzmetov
14.03.2024 11:27:11.174 [restartedMain] INFO  liquibase.changelog - Table customer created
14.03.2024 11:27:11.175 [restartedMain] INFO  liquibase.changelog - ChangeSet db/changelog/changes/v0.0.1-SNAPSHOT/create-tables-changelog.xml::create customer table::b.ruzmetov ran successfully in 48ms
14.03.2024 11:27:11.182 [restartedMain] INFO  liquibase.ui - Running Changeset: db/changelog/changes/v0.0.1-SNAPSHOT/create-tables-changelog.xml::create payment table::b.ruzmetov
14.03.2024 11:27:11.218 [restartedMain] INFO  liquibase.changelog - Table payment created
14.03.2024 11:27:11.219 [restartedMain] INFO  liquibase.changelog - ChangeSet db/changelog/changes/v0.0.1-SNAPSHOT/create-tables-changelog.xml::create payment table::b.ruzmetov ran successfully in 37ms
14.03.2024 11:27:11.227 [restartedMain] INFO  liquibase.ui - Running Changeset: db/changelog/changes/v0.0.1-SNAPSHOT/create-tables-changelog.xml::create reservation table::b.ruzmetov
14.03.2024 11:27:11.276 [restartedMain] INFO  liquibase.changelog - Table reservation created
14.03.2024 11:27:11.277 [restartedMain] INFO  liquibase.changelog - ChangeSet db/changelog/changes/v0.0.1-SNAPSHOT/create-tables-changelog.xml::create reservation table::b.ruzmetov ran successfully in 49ms
14.03.2024 11:27:11.286 [restartedMain] INFO  liquibase.ui - Running Changeset: db/changelog/changes/v0.0.1-SNAPSHOT/create-sequence.xml::create sequence for UUID generator::b.ruzmetov
14.03.2024 11:27:11.287 [restartedMain] INFO  liquibase.changelog - Sequence seq_for_uuid_generator created
14.03.2024 11:27:11.288 [restartedMain] INFO  liquibase.changelog - ChangeSet db/changelog/changes/v0.0.1-SNAPSHOT/create-sequence.xml::create sequence for UUID generator::b.ruzmetov ran successfully in 2ms
14.03.2024 11:27:11.297 [restartedMain] INFO  liquibase.ui - Running Changeset: db/changelog/changes/v0.0.1-SNAPSHOT/insert_test_data_changelog_1.xml::insert test data into service table::b.ruzmetov
14.03.2024 11:27:11.306 [restartedMain] INFO  liquibase.changelog - New row inserted into service
14.03.2024 11:27:11.309 [restartedMain] INFO  liquibase.changelog - ChangeSet db/changelog/changes/v0.0.1-SNAPSHOT/insert_test_data_changelog_1.xml::insert test data into service table::b.ruzmetov ran successfully in 10ms
14.03.2024 11:27:11.316 [restartedMain] INFO  liquibase.ui - Running Changeset: db/changelog/changes/v0.0.1-SNAPSHOT/insert_test_data_changelog_1.xml::insert test data into room table::b.ruzmetov
14.03.2024 11:27:11.325 [restartedMain] INFO  liquibase.changelog - New row inserted into room
14.03.2024 11:27:11.328 [restartedMain] INFO  liquibase.changelog - ChangeSet db/changelog/changes/v0.0.1-SNAPSHOT/insert_test_data_changelog_1.xml::insert test data into room table::b.ruzmetov ran successfully in 10ms
14.03.2024 11:27:11.340 [restartedMain] INFO  liquibase.ui - Running Changeset: db/changelog/changes/v0.0.1-SNAPSHOT/insert_test_data_changelog_1.xml::insert test data into event table::b.ruzmetov
14.03.2024 11:27:11.348 [restartedMain] INFO  liquibase.changelog - New row inserted into event
14.03.2024 11:27:11.351 [restartedMain] INFO  liquibase.changelog - ChangeSet db/changelog/changes/v0.0.1-SNAPSHOT/insert_test_data_changelog_1.xml::insert test data into event table::b.ruzmetov ran successfully in 10ms
14.03.2024 11:27:11.360 [restartedMain] INFO  liquibase.ui - Running Changeset: db/changelog/changes/v0.0.1-SNAPSHOT/insert_test_data_changelog_1.xml::insert test data into customer table::b.ruzmetov
14.03.2024 11:27:11.366 [restartedMain] INFO  liquibase.changelog - New row inserted into customer
14.03.2024 11:27:11.370 [restartedMain] INFO  liquibase.changelog - ChangeSet db/changelog/changes/v0.0.1-SNAPSHOT/insert_test_data_changelog_1.xml::insert test data into customer table::b.ruzmetov ran successfully in 9ms
14.03.2024 11:27:11.377 [restartedMain] INFO  liquibase.ui - Running Changeset: db/changelog/changes/v0.0.1-SNAPSHOT/insert_test_data_changelog_1.xml::insert test data into payment table::b.ruzmetov
14.03.2024 11:27:11.381 [restartedMain] INFO  liquibase.changelog - New row inserted into payment
14.03.2024 11:27:11.383 [restartedMain] INFO  liquibase.changelog - ChangeSet db/changelog/changes/v0.0.1-SNAPSHOT/insert_test_data_changelog_1.xml::insert test data into payment table::b.ruzmetov ran successfully in 6ms
14.03.2024 11:27:11.390 [restartedMain] INFO  liquibase.ui - Running Changeset: db/changelog/changes/v0.0.1-SNAPSHOT/insert_test_data_changelog_1.xml::insert test data into reservation table::b.ruzmetov
14.03.2024 11:27:11.396 [restartedMain] INFO  liquibase.changelog - New row inserted into reservation
14.03.2024 11:27:11.399 [restartedMain] INFO  liquibase.changelog - ChangeSet db/changelog/changes/v0.0.1-SNAPSHOT/insert_test_data_changelog_1.xml::insert test data into reservation table::b.ruzmetov ran successfully in 9ms
14.03.2024 11:27:11.406 [restartedMain] INFO  liquibase.ui - Running Changeset: db/changelog/changes/v0.0.1-SNAPSHOT/insert_test_data_changelog_2.xml::insert test data into service table::b.ruzmetov
14.03.2024 11:27:11.410 [restartedMain] INFO  liquibase.changelog - New row inserted into service
14.03.2024 11:27:11.412 [restartedMain] INFO  liquibase.changelog - ChangeSet db/changelog/changes/v0.0.1-SNAPSHOT/insert_test_data_changelog_2.xml::insert test data into service table::b.ruzmetov ran successfully in 6ms
14.03.2024 11:27:11.418 [restartedMain] INFO  liquibase.ui - Running Changeset: db/changelog/changes/v0.0.1-SNAPSHOT/insert_test_data_changelog_2.xml::insert test data into room table::b.ruzmetov
14.03.2024 11:27:11.421 [restartedMain] INFO  liquibase.changelog - New row inserted into room
14.03.2024 11:27:11.424 [restartedMain] INFO  liquibase.changelog - ChangeSet db/changelog/changes/v0.0.1-SNAPSHOT/insert_test_data_changelog_2.xml::insert test data into room table::b.ruzmetov ran successfully in 6ms
14.03.2024 11:27:11.430 [restartedMain] INFO  liquibase.ui - Running Changeset: db/changelog/changes/v0.0.1-SNAPSHOT/insert_test_data_changelog_2.xml::insert test data into event table::b.ruzmetov
14.03.2024 11:27:11.434 [restartedMain] INFO  liquibase.changelog - New row inserted into event
14.03.2024 11:27:11.437 [restartedMain] INFO  liquibase.changelog - ChangeSet db/changelog/changes/v0.0.1-SNAPSHOT/insert_test_data_changelog_2.xml::insert test data into event table::b.ruzmetov ran successfully in 6ms
14.03.2024 11:27:11.446 [restartedMain] INFO  liquibase.ui - Running Changeset: db/changelog/changes/v0.0.1-SNAPSHOT/insert_test_data_changelog_2.xml::insert test data into customer table::b.ruzmetov
14.03.2024 11:27:11.457 [restartedMain] INFO  liquibase.changelog - New row inserted into customer
14.03.2024 11:27:11.462 [restartedMain] INFO  liquibase.changelog - ChangeSet db/changelog/changes/v0.0.1-SNAPSHOT/insert_test_data_changelog_2.xml::insert test data into customer table::b.ruzmetov ran successfully in 14ms
14.03.2024 11:27:11.475 [restartedMain] INFO  liquibase.ui - Running Changeset: db/changelog/changes/v0.0.1-SNAPSHOT/insert_test_data_changelog_2.xml::insert test data into payment table::b.ruzmetov
14.03.2024 11:27:11.481 [restartedMain] INFO  liquibase.changelog - New row inserted into payment
14.03.2024 11:27:11.483 [restartedMain] INFO  liquibase.changelog - ChangeSet db/changelog/changes/v0.0.1-SNAPSHOT/insert_test_data_changelog_2.xml::insert test data into payment table::b.ruzmetov ran successfully in 7ms
14.03.2024 11:27:11.495 [restartedMain] INFO  liquibase.ui - Running Changeset: db/changelog/changes/v0.0.1-SNAPSHOT/insert_test_data_changelog_2.xml::insert test data into reservation table::b.ruzmetov
14.03.2024 11:27:11.503 [restartedMain] INFO  liquibase.changelog - New row inserted into reservation
14.03.2024 11:27:11.505 [restartedMain] INFO  liquibase.changelog - ChangeSet db/changelog/changes/v0.0.1-SNAPSHOT/insert_test_data_changelog_2.xml::insert test data into reservation table::b.ruzmetov ran successfully in 9ms
14.03.2024 11:27:11.512 [restartedMain] INFO  liquibase.ui - Running Changeset: db/changelog/changes/v0.0.1-SNAPSHOT/insert_test_data_changelog_3.xml::insert test data into service table::b.ruzmetov
14.03.2024 11:27:11.519 [restartedMain] INFO  liquibase.changelog - New row inserted into service
14.03.2024 11:27:11.521 [restartedMain] INFO  liquibase.changelog - ChangeSet db/changelog/changes/v0.0.1-SNAPSHOT/insert_test_data_changelog_3.xml::insert test data into service table::b.ruzmetov ran successfully in 8ms
14.03.2024 11:27:11.531 [restartedMain] INFO  liquibase.ui - Running Changeset: db/changelog/changes/v0.0.1-SNAPSHOT/insert_test_data_changelog_3.xml::insert test data into room table::b.ruzmetov
14.03.2024 11:27:11.537 [restartedMain] INFO  liquibase.changelog - New row inserted into room
14.03.2024 11:27:11.540 [restartedMain] INFO  liquibase.changelog - ChangeSet db/changelog/changes/v0.0.1-SNAPSHOT/insert_test_data_changelog_3.xml::insert test data into room table::b.ruzmetov ran successfully in 9ms
14.03.2024 11:27:11.547 [restartedMain] INFO  liquibase.ui - Running Changeset: db/changelog/changes/v0.0.1-SNAPSHOT/insert_test_data_changelog_3.xml::insert test data into event table::b.ruzmetov
14.03.2024 11:27:11.553 [restartedMain] INFO  liquibase.changelog - New row inserted into event
14.03.2024 11:27:11.556 [restartedMain] INFO  liquibase.changelog - ChangeSet db/changelog/changes/v0.0.1-SNAPSHOT/insert_test_data_changelog_3.xml::insert test data into event table::b.ruzmetov ran successfully in 8ms
14.03.2024 11:27:11.564 [restartedMain] INFO  liquibase.ui - Running Changeset: db/changelog/changes/v0.0.1-SNAPSHOT/insert_test_data_changelog_3.xml::insert test data into customer table::b.ruzmetov
14.03.2024 11:27:11.570 [restartedMain] INFO  liquibase.changelog - New row inserted into customer
14.03.2024 11:27:11.572 [restartedMain] INFO  liquibase.changelog - ChangeSet db/changelog/changes/v0.0.1-SNAPSHOT/insert_test_data_changelog_3.xml::insert test data into customer table::b.ruzmetov ran successfully in 8ms
14.03.2024 11:27:11.579 [restartedMain] INFO  liquibase.ui - Running Changeset: db/changelog/changes/v0.0.1-SNAPSHOT/insert_test_data_changelog_3.xml::insert test data into payment table::b.ruzmetov
14.03.2024 11:27:11.586 [restartedMain] INFO  liquibase.changelog - New row inserted into payment
14.03.2024 11:27:11.589 [restartedMain] INFO  liquibase.changelog - ChangeSet db/changelog/changes/v0.0.1-SNAPSHOT/insert_test_data_changelog_3.xml::insert test data into payment table::b.ruzmetov ran successfully in 9ms
14.03.2024 11:27:11.597 [restartedMain] INFO  liquibase.ui - Running Changeset: db/changelog/changes/v0.0.1-SNAPSHOT/insert_test_data_changelog_3.xml::insert test data into reservation table::b.ruzmetov
14.03.2024 11:27:11.603 [restartedMain] INFO  liquibase.changelog - New row inserted into reservation
14.03.2024 11:27:11.606 [restartedMain] INFO  liquibase.changelog - ChangeSet db/changelog/changes/v0.0.1-SNAPSHOT/insert_test_data_changelog_3.xml::insert test data into reservation table::b.ruzmetov ran successfully in 8ms
14.03.2024 11:27:11.613 [restartedMain] INFO  liquibase.ui - Running Changeset: db/changelog/changes/v0.0.1-SNAPSHOT/insert_test_data_changelog_4.xml::insert test data into service table::b.ruzmetov
14.03.2024 11:27:11.619 [restartedMain] INFO  liquibase.changelog - New row inserted into service
14.03.2024 11:27:11.621 [restartedMain] INFO  liquibase.changelog - ChangeSet db/changelog/changes/v0.0.1-SNAPSHOT/insert_test_data_changelog_4.xml::insert test data into service table::b.ruzmetov ran successfully in 7ms
14.03.2024 11:27:11.628 [restartedMain] INFO  liquibase.ui - Running Changeset: db/changelog/changes/v0.0.1-SNAPSHOT/insert_test_data_changelog_4.xml::insert test data into room table::b.ruzmetov
14.03.2024 11:27:11.631 [restartedMain] INFO  liquibase.changelog - New row inserted into room
14.03.2024 11:27:11.634 [restartedMain] INFO  liquibase.changelog - ChangeSet db/changelog/changes/v0.0.1-SNAPSHOT/insert_test_data_changelog_4.xml::insert test data into room table::b.ruzmetov ran successfully in 5ms
14.03.2024 11:27:11.640 [restartedMain] INFO  liquibase.ui - Running Changeset: db/changelog/changes/v0.0.1-SNAPSHOT/insert_test_data_changelog_4.xml::insert test data into event table::b.ruzmetov
14.03.2024 11:27:11.644 [restartedMain] INFO  liquibase.changelog - New row inserted into event
14.03.2024 11:27:11.647 [restartedMain] INFO  liquibase.changelog - ChangeSet db/changelog/changes/v0.0.1-SNAPSHOT/insert_test_data_changelog_4.xml::insert test data into event table::b.ruzmetov ran successfully in 6ms
14.03.2024 11:27:11.655 [restartedMain] INFO  liquibase.ui - Running Changeset: db/changelog/changes/v0.0.1-SNAPSHOT/insert_test_data_changelog_4.xml::insert test data into customer table::b.ruzmetov
14.03.2024 11:27:11.659 [restartedMain] INFO  liquibase.changelog - New row inserted into customer
14.03.2024 11:27:11.662 [restartedMain] INFO  liquibase.changelog - ChangeSet db/changelog/changes/v0.0.1-SNAPSHOT/insert_test_data_changelog_4.xml::insert test data into customer table::b.ruzmetov ran successfully in 7ms
14.03.2024 11:27:11.669 [restartedMain] INFO  liquibase.ui - Running Changeset: db/changelog/changes/v0.0.1-SNAPSHOT/insert_test_data_changelog_4.xml::insert test data into payment table::b.ruzmetov
14.03.2024 11:27:11.674 [restartedMain] INFO  liquibase.changelog - New row inserted into payment
14.03.2024 11:27:11.679 [restartedMain] INFO  liquibase.changelog - ChangeSet db/changelog/changes/v0.0.1-SNAPSHOT/insert_test_data_changelog_4.xml::insert test data into payment table::b.ruzmetov ran successfully in 10ms
14.03.2024 11:27:11.695 [restartedMain] INFO  liquibase.ui - Running Changeset: db/changelog/changes/v0.0.1-SNAPSHOT/insert_test_data_changelog_4.xml::insert test data into reservation table::b.ruzmetov
14.03.2024 11:27:11.699 [restartedMain] INFO  liquibase.changelog - New row inserted into reservation
14.03.2024 11:27:11.701 [restartedMain] INFO  liquibase.changelog - ChangeSet db/changelog/changes/v0.0.1-SNAPSHOT/insert_test_data_changelog_4.xml::insert test data into reservation table::b.ruzmetov ran successfully in 6ms
14.03.2024 11:27:11.715 [restartedMain] INFO  liquibase.util - UPDATE SUMMARY
14.03.2024 11:27:11.715 [restartedMain] INFO  liquibase.util - Run:                         37
14.03.2024 11:27:11.715 [restartedMain] INFO  liquibase.util - Previously run:               0
14.03.2024 11:27:11.715 [restartedMain] INFO  liquibase.util - Filtered out:                 0
14.03.2024 11:27:11.715 [restartedMain] INFO  liquibase.util - -------------------------------
14.03.2024 11:27:11.715 [restartedMain] INFO  liquibase.util - Total change sets:           37
14.03.2024 11:27:11.716 [restartedMain] INFO  liquibase.util - Update summary generated
14.03.2024 11:27:11.722 [restartedMain] INFO  liquibase.command - Update command completed successfully.
14.03.2024 11:27:11.722 [restartedMain] INFO  liquibase.ui - Liquibase: Update has been successful. Rows affected: 61
14.03.2024 11:27:11.728 [restartedMain] INFO  l.lockservice - Successfully released change log lock
14.03.2024 11:27:11.730 [restartedMain] INFO  liquibase.command - Command execution complete
14.03.2024 11:27:11.982 [restartedMain] INFO  o.h.j.i.u.LogHelper - HHH000204: Processing PersistenceUnitInfo [name: default]
14.03.2024 11:27:12.089 [restartedMain] INFO  o.hibernate.Version - HHH000412: Hibernate ORM core version 6.4.1.Final
14.03.2024 11:27:12.142 [restartedMain] INFO  o.h.c.i.RegionFactoryInitiator - HHH000026: Second-level cache disabled
14.03.2024 11:27:12.494 [restartedMain] INFO  o.s.o.j.p.SpringPersistenceUnitInfo - No LoadTimeWeaver setup: ignoring JPA class transformer
14.03.2024 11:27:12.561 [restartedMain] WARN  o.h.orm.deprecation - HHH90000025: MySQLDialect does not need to be specified explicitly using 'hibernate.dialect' (remove the property setting and it will be selected by default)
14.03.2024 11:27:14.059 [restartedMain] INFO  o.h.e.t.j.p.i.JtaPlatformInitiator - HHH000489: No JTA platform available (set 'hibernate.transaction.jta.platform' to enable JTA platform integration)
14.03.2024 11:27:14.065 [restartedMain] INFO  o.s.o.j.LocalContainerEntityManagerFactoryBean - Initialized JPA EntityManagerFactory for persistence unit 'default'
14.03.2024 11:27:16.200 [restartedMain] WARN  o.s.b.a.o.j.JpaBaseConfiguration$JpaWebConfiguration - spring.jpa.open-in-view is enabled by default. Therefore, database queries may be performed during view rendering. Explicitly configure spring.jpa.open-in-view to disable this warning
14.03.2024 11:27:16.283 [restartedMain] INFO  o.s.b.a.w.s.WelcomePageHandlerMapping - Adding welcome page template: index
14.03.2024 11:27:17.683 [restartedMain] INFO  o.s.b.d.a.OptionalLiveReloadServer - LiveReload server is running on port 35729
14.03.2024 11:27:17.768 [restartedMain] INFO  o.s.b.w.e.t.TomcatWebServer - Tomcat started on port 8080 (http) with context path ''
14.03.2024 11:27:17.786 [restartedMain] INFO  o.r.h.HotelProjectApplication - Started HotelProjectApplication in 13.901 seconds (process running for 15.273)
14.03.2024 11:27:53.931 [main] INFO  o.r.h.c.r.CustomerControllerTest - Starting CustomerControllerTest using Java 21.0.2 with PID 5364 (started by Tel-ran.de in C:\HotelProjectApp\HotelProject)
14.03.2024 11:27:53.936 [main] INFO  o.r.h.c.r.CustomerControllerTest - No active profile set, falling back to 1 default profile: "default"
14.03.2024 11:27:56.690 [main] INFO  o.s.d.r.c.RepositoryConfigurationDelegate - Bootstrapping Spring Data JPA repositories in DEFAULT mode.
14.03.2024 11:27:56.917 [main] INFO  o.s.d.r.c.RepositoryConfigurationDelegate - Finished Spring Data repository scanning in 200 ms. Found 6 JPA repository interfaces.
14.03.2024 11:27:59.234 [main] INFO  o.h.j.i.u.LogHelper - HHH000204: Processing PersistenceUnitInfo [name: default]
14.03.2024 11:27:59.712 [main] INFO  o.hibernate.Version - HHH000412: Hibernate ORM core version 6.4.1.Final
14.03.2024 11:27:59.898 [main] INFO  o.h.c.i.RegionFactoryInitiator - HHH000026: Second-level cache disabled
14.03.2024 11:28:00.950 [main] INFO  o.s.o.j.p.SpringPersistenceUnitInfo - No LoadTimeWeaver setup: ignoring JPA class transformer
14.03.2024 11:28:01.068 [main] INFO  c.z.h.HikariDataSource - HikariPool-1 - Starting...
14.03.2024 11:28:02.344 [main] INFO  c.z.h.p.HikariPool - HikariPool-1 - Added connection conn1: url=jdbc:h2:file:./testDB user=ROOT
14.03.2024 11:28:02.350 [main] INFO  c.z.h.HikariDataSource - HikariPool-1 - Start completed.
14.03.2024 11:28:02.458 [main] WARN  o.h.orm.deprecation - HHH90000025: H2Dialect does not need to be specified explicitly using 'hibernate.dialect' (remove the property setting and it will be selected by default)
14.03.2024 11:28:06.279 [main] INFO  o.h.e.t.j.p.i.JtaPlatformInitiator - HHH000489: No JTA platform available (set 'hibernate.transaction.jta.platform' to enable JTA platform integration)
14.03.2024 11:28:06.290 [main] INFO  o.s.o.j.LocalContainerEntityManagerFactoryBean - Initialized JPA EntityManagerFactory for persistence unit 'default'
14.03.2024 11:28:12.409 [main] WARN  o.s.b.a.o.j.JpaBaseConfiguration$JpaWebConfiguration - spring.jpa.open-in-view is enabled by default. Therefore, database queries may be performed during view rendering. Explicitly configure spring.jpa.open-in-view to disable this warning
14.03.2024 11:28:12.527 [main] INFO  o.s.b.a.w.s.WelcomePageHandlerMapping - Adding welcome page template: index
14.03.2024 11:28:15.172 [main] INFO  o.s.b.t.m.w.SpringBootMockServletContext - Initializing Spring TestDispatcherServlet ''
14.03.2024 11:28:15.174 [main] INFO  o.s.t.w.s.TestDispatcherServlet - Initializing Servlet ''
14.03.2024 11:28:15.176 [main] INFO  o.s.t.w.s.TestDispatcherServlet - Completed initialization in 2 ms
14.03.2024 11:28:15.242 [main] INFO  o.r.h.c.r.CustomerControllerTest - Started CustomerControllerTest in 23.399 seconds (process running for 29.175)
14.03.2024 11:28:17.742 [main] INFO  o.s.t.c.s.AnnotationConfigContextLoaderUtils - Could not detect default configuration classes for test class [org.ruzmetov.hotelproject.controller.rest.EventControllerTest]: EventControllerTest does not declare any static, non-private, non-final, nested classes annotated with @Configuration.
14.03.2024 11:28:17.764 [main] INFO  o.s.b.t.c.SpringBootTestContextBootstrapper - Found @SpringBootConfiguration org.ruzmetov.hotelproject.HotelProjectApplication for test class org.ruzmetov.hotelproject.controller.rest.EventControllerTest
14.03.2024 11:28:18.022 [main] INFO  o.s.t.c.s.AnnotationConfigContextLoaderUtils - Could not detect default configuration classes for test class [org.ruzmetov.hotelproject.controller.rest.PaymentControllerTest]: PaymentControllerTest does not declare any static, non-private, non-final, nested classes annotated with @Configuration.
14.03.2024 11:28:18.032 [main] INFO  o.s.b.t.c.SpringBootTestContextBootstrapper - Found @SpringBootConfiguration org.ruzmetov.hotelproject.HotelProjectApplication for test class org.ruzmetov.hotelproject.controller.rest.PaymentControllerTest
14.03.2024 11:28:18.205 [main] INFO  o.s.t.c.s.AnnotationConfigContextLoaderUtils - Could not detect default configuration classes for test class [org.ruzmetov.hotelproject.controller.rest.ReservationControllerTest]: ReservationControllerTest does not declare any static, non-private, non-final, nested classes annotated with @Configuration.
14.03.2024 11:28:18.224 [main] INFO  o.s.b.t.c.SpringBootTestContextBootstrapper - Found @SpringBootConfiguration org.ruzmetov.hotelproject.HotelProjectApplication for test class org.ruzmetov.hotelproject.controller.rest.ReservationControllerTest
14.03.2024 11:28:18.454 [main] INFO  o.s.t.c.s.AnnotationConfigContextLoaderUtils - Could not detect default configuration classes for test class [org.ruzmetov.hotelproject.controller.rest.ServiceControllerTest]: ServiceControllerTest does not declare any static, non-private, non-final, nested classes annotated with @Configuration.
14.03.2024 11:28:18.465 [main] INFO  o.s.b.t.c.SpringBootTestContextBootstrapper - Found @SpringBootConfiguration org.ruzmetov.hotelproject.HotelProjectApplication for test class org.ruzmetov.hotelproject.controller.rest.ServiceControllerTest
14.03.2024 11:28:18.632 [SpringApplicationShutdownHook] INFO  o.s.o.j.LocalContainerEntityManagerFactoryBean - Closing JPA EntityManagerFactory for persistence unit 'default'
14.03.2024 11:28:18.643 [SpringApplicationShutdownHook] INFO  c.z.h.HikariDataSource - HikariPool-1 - Shutdown initiated...
14.03.2024 11:28:18.650 [SpringApplicationShutdownHook] INFO  c.z.h.HikariDataSource - HikariPool-1 - Shutdown completed.
14.03.2024 11:31:04.902 [main] INFO  o.r.h.c.r.CustomerControllerTest - Starting CustomerControllerTest using Java 21.0.2 with PID 13904 (started by Tel-ran.de in C:\HotelProjectApp\HotelProject)
14.03.2024 11:31:04.906 [main] INFO  o.r.h.c.r.CustomerControllerTest - No active profile set, falling back to 1 default profile: "default"
14.03.2024 11:31:07.598 [main] INFO  o.s.d.r.c.RepositoryConfigurationDelegate - Bootstrapping Spring Data JPA repositories in DEFAULT mode.
14.03.2024 11:31:07.835 [main] INFO  o.s.d.r.c.RepositoryConfigurationDelegate - Finished Spring Data repository scanning in 213 ms. Found 6 JPA repository interfaces.
14.03.2024 11:31:10.003 [main] INFO  o.h.j.i.u.LogHelper - HHH000204: Processing PersistenceUnitInfo [name: default]
14.03.2024 11:31:10.570 [main] INFO  o.hibernate.Version - HHH000412: Hibernate ORM core version 6.4.1.Final
14.03.2024 11:31:10.740 [main] INFO  o.h.c.i.RegionFactoryInitiator - HHH000026: Second-level cache disabled
14.03.2024 11:31:11.685 [main] INFO  o.s.o.j.p.SpringPersistenceUnitInfo - No LoadTimeWeaver setup: ignoring JPA class transformer
14.03.2024 11:31:11.785 [main] INFO  c.z.h.HikariDataSource - HikariPool-1 - Starting...
14.03.2024 11:31:13.071 [main] INFO  c.z.h.p.HikariPool - HikariPool-1 - Added connection conn1: url=jdbc:h2:file:./testDB user=ROOT
14.03.2024 11:31:13.077 [main] INFO  c.z.h.HikariDataSource - HikariPool-1 - Start completed.
14.03.2024 11:31:13.163 [main] WARN  o.h.orm.deprecation - HHH90000025: H2Dialect does not need to be specified explicitly using 'hibernate.dialect' (remove the property setting and it will be selected by default)
14.03.2024 11:31:16.622 [main] INFO  o.h.e.t.j.p.i.JtaPlatformInitiator - HHH000489: No JTA platform available (set 'hibernate.transaction.jta.platform' to enable JTA platform integration)
14.03.2024 11:31:16.631 [main] INFO  o.s.o.j.LocalContainerEntityManagerFactoryBean - Initialized JPA EntityManagerFactory for persistence unit 'default'
14.03.2024 11:31:20.821 [main] WARN  o.s.b.a.o.j.JpaBaseConfiguration$JpaWebConfiguration - spring.jpa.open-in-view is enabled by default. Therefore, database queries may be performed during view rendering. Explicitly configure spring.jpa.open-in-view to disable this warning
14.03.2024 11:31:20.934 [main] INFO  o.s.b.a.w.s.WelcomePageHandlerMapping - Adding welcome page template: index
14.03.2024 11:31:22.950 [main] INFO  o.s.b.t.m.w.SpringBootMockServletContext - Initializing Spring TestDispatcherServlet ''
14.03.2024 11:31:22.951 [main] INFO  o.s.t.w.s.TestDispatcherServlet - Initializing Servlet ''
14.03.2024 11:31:22.954 [main] INFO  o.s.t.w.s.TestDispatcherServlet - Completed initialization in 3 ms
14.03.2024 11:31:23.005 [main] INFO  o.r.h.c.r.CustomerControllerTest - Started CustomerControllerTest in 19.852 seconds (process running for 24.36)
14.03.2024 11:31:24.882 [main] INFO  o.s.t.c.s.AnnotationConfigContextLoaderUtils - Could not detect default configuration classes for test class [org.ruzmetov.hotelproject.controller.rest.EventControllerTest]: EventControllerTest does not declare any static, non-private, non-final, nested classes annotated with @Configuration.
14.03.2024 11:31:24.903 [main] INFO  o.s.b.t.c.SpringBootTestContextBootstrapper - Found @SpringBootConfiguration org.ruzmetov.hotelproject.HotelProjectApplication for test class org.ruzmetov.hotelproject.controller.rest.EventControllerTest
14.03.2024 11:31:25.099 [main] INFO  o.s.t.c.s.AnnotationConfigContextLoaderUtils - Could not detect default configuration classes for test class [org.ruzmetov.hotelproject.controller.rest.PaymentControllerTest]: PaymentControllerTest does not declare any static, non-private, non-final, nested classes annotated with @Configuration.
14.03.2024 11:31:25.107 [main] INFO  o.s.b.t.c.SpringBootTestContextBootstrapper - Found @SpringBootConfiguration org.ruzmetov.hotelproject.HotelProjectApplication for test class org.ruzmetov.hotelproject.controller.rest.PaymentControllerTest
14.03.2024 11:31:25.207 [main] INFO  o.s.t.c.s.AnnotationConfigContextLoaderUtils - Could not detect default configuration classes for test class [org.ruzmetov.hotelproject.controller.rest.ReservationControllerTest]: ReservationControllerTest does not declare any static, non-private, non-final, nested classes annotated with @Configuration.
14.03.2024 11:31:25.215 [main] INFO  o.s.b.t.c.SpringBootTestContextBootstrapper - Found @SpringBootConfiguration org.ruzmetov.hotelproject.HotelProjectApplication for test class org.ruzmetov.hotelproject.controller.rest.ReservationControllerTest
14.03.2024 11:31:25.390 [main] INFO  o.s.t.c.s.AnnotationConfigContextLoaderUtils - Could not detect default configuration classes for test class [org.ruzmetov.hotelproject.controller.rest.ServiceControllerTest]: ServiceControllerTest does not declare any static, non-private, non-final, nested classes annotated with @Configuration.
14.03.2024 11:31:25.398 [main] INFO  o.s.b.t.c.SpringBootTestContextBootstrapper - Found @SpringBootConfiguration org.ruzmetov.hotelproject.HotelProjectApplication for test class org.ruzmetov.hotelproject.controller.rest.ServiceControllerTest
14.03.2024 11:31:25.628 [SpringApplicationShutdownHook] INFO  o.s.o.j.LocalContainerEntityManagerFactoryBean - Closing JPA EntityManagerFactory for persistence unit 'default'
14.03.2024 11:31:25.633 [SpringApplicationShutdownHook] INFO  c.z.h.HikariDataSource - HikariPool-1 - Shutdown initiated...
14.03.2024 11:31:25.666 [SpringApplicationShutdownHook] INFO  c.z.h.HikariDataSource - HikariPool-1 - Shutdown completed.
14.03.2024 11:33:09.316 [main] INFO  o.r.h.c.r.CustomerControllerTest - Starting CustomerControllerTest using Java 21.0.2 with PID 10816 (started by Tel-ran.de in C:\HotelProjectApp\HotelProject)
14.03.2024 11:33:09.319 [main] INFO  o.r.h.c.r.CustomerControllerTest - No active profile set, falling back to 1 default profile: "default"
14.03.2024 11:33:12.789 [main] INFO  o.s.d.r.c.RepositoryConfigurationDelegate - Bootstrapping Spring Data JPA repositories in DEFAULT mode.
14.03.2024 11:33:12.990 [main] INFO  o.s.d.r.c.RepositoryConfigurationDelegate - Finished Spring Data repository scanning in 180 ms. Found 6 JPA repository interfaces.
14.03.2024 11:33:15.067 [main] INFO  o.h.j.i.u.LogHelper - HHH000204: Processing PersistenceUnitInfo [name: default]
14.03.2024 11:33:15.285 [main] INFO  o.hibernate.Version - HHH000412: Hibernate ORM core version 6.4.1.Final
14.03.2024 11:33:15.414 [main] INFO  o.h.c.i.RegionFactoryInitiator - HHH000026: Second-level cache disabled
14.03.2024 11:33:16.349 [main] INFO  o.s.o.j.p.SpringPersistenceUnitInfo - No LoadTimeWeaver setup: ignoring JPA class transformer
14.03.2024 11:33:16.473 [main] INFO  c.z.h.HikariDataSource - HikariPool-1 - Starting...
14.03.2024 11:33:17.734 [main] INFO  c.z.h.p.HikariPool - HikariPool-1 - Added connection conn1: url=jdbc:h2:file:./testDB user=ROOT
14.03.2024 11:33:17.740 [main] INFO  c.z.h.HikariDataSource - HikariPool-1 - Start completed.
14.03.2024 11:33:17.848 [main] WARN  o.h.orm.deprecation - HHH90000025: H2Dialect does not need to be specified explicitly using 'hibernate.dialect' (remove the property setting and it will be selected by default)
14.03.2024 11:33:21.456 [main] INFO  o.h.e.t.j.p.i.JtaPlatformInitiator - HHH000489: No JTA platform available (set 'hibernate.transaction.jta.platform' to enable JTA platform integration)
14.03.2024 11:33:21.464 [main] INFO  o.s.o.j.LocalContainerEntityManagerFactoryBean - Initialized JPA EntityManagerFactory for persistence unit 'default'
14.03.2024 11:33:25.703 [main] WARN  o.s.b.a.o.j.JpaBaseConfiguration$JpaWebConfiguration - spring.jpa.open-in-view is enabled by default. Therefore, database queries may be performed during view rendering. Explicitly configure spring.jpa.open-in-view to disable this warning
14.03.2024 11:33:25.817 [main] INFO  o.s.b.a.w.s.WelcomePageHandlerMapping - Adding welcome page template: index
14.03.2024 11:33:27.939 [main] INFO  o.s.b.t.m.w.SpringBootMockServletContext - Initializing Spring TestDispatcherServlet ''
14.03.2024 11:33:27.940 [main] INFO  o.s.t.w.s.TestDispatcherServlet - Initializing Servlet ''
14.03.2024 11:33:27.942 [main] INFO  o.s.t.w.s.TestDispatcherServlet - Completed initialization in 2 ms
14.03.2024 11:33:27.984 [main] INFO  o.r.h.c.r.CustomerControllerTest - Started CustomerControllerTest in 20.571 seconds (process running for 24.691)
14.03.2024 11:33:30.218 [main] INFO  o.s.t.c.s.AnnotationConfigContextLoaderUtils - Could not detect default configuration classes for test class [org.ruzmetov.hotelproject.controller.rest.EventControllerTest]: EventControllerTest does not declare any static, non-private, non-final, nested classes annotated with @Configuration.
14.03.2024 11:33:30.229 [main] INFO  o.s.b.t.c.SpringBootTestContextBootstrapper - Found @SpringBootConfiguration org.ruzmetov.hotelproject.HotelProjectApplication for test class org.ruzmetov.hotelproject.controller.rest.EventControllerTest
14.03.2024 11:33:30.429 [main] INFO  o.s.t.c.s.AnnotationConfigContextLoaderUtils - Could not detect default configuration classes for test class [org.ruzmetov.hotelproject.controller.rest.PaymentControllerTest]: PaymentControllerTest does not declare any static, non-private, non-final, nested classes annotated with @Configuration.
14.03.2024 11:33:30.436 [main] INFO  o.s.b.t.c.SpringBootTestContextBootstrapper - Found @SpringBootConfiguration org.ruzmetov.hotelproject.HotelProjectApplication for test class org.ruzmetov.hotelproject.controller.rest.PaymentControllerTest
14.03.2024 11:33:30.640 [main] INFO  o.s.t.c.s.AnnotationConfigContextLoaderUtils - Could not detect default configuration classes for test class [org.ruzmetov.hotelproject.controller.rest.ReservationControllerTest]: ReservationControllerTest does not declare any static, non-private, non-final, nested classes annotated with @Configuration.
14.03.2024 11:33:30.662 [main] INFO  o.s.b.t.c.SpringBootTestContextBootstrapper - Found @SpringBootConfiguration org.ruzmetov.hotelproject.HotelProjectApplication for test class org.ruzmetov.hotelproject.controller.rest.ReservationControllerTest
14.03.2024 11:33:30.877 [main] INFO  o.s.t.c.s.AnnotationConfigContextLoaderUtils - Could not detect default configuration classes for test class [org.ruzmetov.hotelproject.controller.rest.ServiceControllerTest]: ServiceControllerTest does not declare any static, non-private, non-final, nested classes annotated with @Configuration.
14.03.2024 11:33:30.886 [main] INFO  o.s.b.t.c.SpringBootTestContextBootstrapper - Found @SpringBootConfiguration org.ruzmetov.hotelproject.HotelProjectApplication for test class org.ruzmetov.hotelproject.controller.rest.ServiceControllerTest
14.03.2024 11:33:31.069 [SpringApplicationShutdownHook] INFO  o.s.o.j.LocalContainerEntityManagerFactoryBean - Closing JPA EntityManagerFactory for persistence unit 'default'
14.03.2024 11:33:31.081 [SpringApplicationShutdownHook] INFO  c.z.h.HikariDataSource - HikariPool-1 - Shutdown initiated...
14.03.2024 11:33:31.085 [SpringApplicationShutdownHook] INFO  c.z.h.HikariDataSource - HikariPool-1 - Shutdown completed.
14.03.2024 11:49:56.031 [main] INFO  o.r.h.c.r.CustomerControllerTest - Starting CustomerControllerTest using Java 21.0.2 with PID 5344 (started by Tel-ran.de in C:\HotelProjectApp\HotelProject)
14.03.2024 11:49:56.037 [main] INFO  o.r.h.c.r.CustomerControllerTest - No active profile set, falling back to 1 default profile: "default"
14.03.2024 11:49:59.222 [main] INFO  o.s.d.r.c.RepositoryConfigurationDelegate - Bootstrapping Spring Data JPA repositories in DEFAULT mode.
14.03.2024 11:49:59.723 [main] INFO  o.s.d.r.c.RepositoryConfigurationDelegate - Finished Spring Data repository scanning in 469 ms. Found 6 JPA repository interfaces.
14.03.2024 11:50:03.490 [main] INFO  o.h.j.i.u.LogHelper - HHH000204: Processing PersistenceUnitInfo [name: default]
14.03.2024 11:50:03.819 [main] INFO  o.hibernate.Version - HHH000412: Hibernate ORM core version 6.4.1.Final
14.03.2024 11:50:03.956 [main] INFO  o.h.c.i.RegionFactoryInitiator - HHH000026: Second-level cache disabled
14.03.2024 11:50:05.033 [main] INFO  o.s.o.j.p.SpringPersistenceUnitInfo - No LoadTimeWeaver setup: ignoring JPA class transformer
14.03.2024 11:50:05.139 [main] INFO  c.z.h.HikariDataSource - HikariPool-1 - Starting...
14.03.2024 11:50:06.500 [main] INFO  c.z.h.p.HikariPool - HikariPool-1 - Added connection conn1: url=jdbc:h2:file:./testDB user=ROOT
14.03.2024 11:50:06.506 [main] INFO  c.z.h.HikariDataSource - HikariPool-1 - Start completed.
14.03.2024 11:50:06.635 [main] WARN  o.h.orm.deprecation - HHH90000025: H2Dialect does not need to be specified explicitly using 'hibernate.dialect' (remove the property setting and it will be selected by default)
14.03.2024 11:50:10.988 [main] INFO  o.h.e.t.j.p.i.JtaPlatformInitiator - HHH000489: No JTA platform available (set 'hibernate.transaction.jta.platform' to enable JTA platform integration)
14.03.2024 11:50:10.996 [main] INFO  o.s.o.j.LocalContainerEntityManagerFactoryBean - Initialized JPA EntityManagerFactory for persistence unit 'default'
14.03.2024 11:50:16.434 [main] WARN  o.s.b.a.o.j.JpaBaseConfiguration$JpaWebConfiguration - spring.jpa.open-in-view is enabled by default. Therefore, database queries may be performed during view rendering. Explicitly configure spring.jpa.open-in-view to disable this warning
14.03.2024 11:50:16.671 [main] INFO  o.s.b.a.w.s.WelcomePageHandlerMapping - Adding welcome page template: index
14.03.2024 11:50:19.007 [main] INFO  o.s.b.t.m.w.SpringBootMockServletContext - Initializing Spring TestDispatcherServlet ''
14.03.2024 11:50:19.008 [main] INFO  o.s.t.w.s.TestDispatcherServlet - Initializing Servlet ''
14.03.2024 11:50:19.011 [main] INFO  o.s.t.w.s.TestDispatcherServlet - Completed initialization in 1 ms
14.03.2024 11:50:19.088 [main] INFO  o.r.h.c.r.CustomerControllerTest - Started CustomerControllerTest in 24.972 seconds (process running for 29.69)
14.03.2024 11:50:21.427 [main] INFO  o.s.t.c.s.AnnotationConfigContextLoaderUtils - Could not detect default configuration classes for test class [org.ruzmetov.hotelproject.controller.rest.EventControllerTest]: EventControllerTest does not declare any static, non-private, non-final, nested classes annotated with @Configuration.
14.03.2024 11:50:21.446 [main] INFO  o.s.b.t.c.SpringBootTestContextBootstrapper - Found @SpringBootConfiguration org.ruzmetov.hotelproject.HotelProjectApplication for test class org.ruzmetov.hotelproject.controller.rest.EventControllerTest
14.03.2024 11:50:21.661 [main] INFO  o.s.t.c.s.AnnotationConfigContextLoaderUtils - Could not detect default configuration classes for test class [org.ruzmetov.hotelproject.controller.rest.PaymentControllerTest]: PaymentControllerTest does not declare any static, non-private, non-final, nested classes annotated with @Configuration.
14.03.2024 11:50:21.679 [main] INFO  o.s.b.t.c.SpringBootTestContextBootstrapper - Found @SpringBootConfiguration org.ruzmetov.hotelproject.HotelProjectApplication for test class org.ruzmetov.hotelproject.controller.rest.PaymentControllerTest
14.03.2024 11:50:21.844 [main] INFO  o.s.t.c.s.AnnotationConfigContextLoaderUtils - Could not detect default configuration classes for test class [org.ruzmetov.hotelproject.controller.rest.ReservationControllerTest]: ReservationControllerTest does not declare any static, non-private, non-final, nested classes annotated with @Configuration.
14.03.2024 11:50:21.851 [main] INFO  o.s.b.t.c.SpringBootTestContextBootstrapper - Found @SpringBootConfiguration org.ruzmetov.hotelproject.HotelProjectApplication for test class org.ruzmetov.hotelproject.controller.rest.ReservationControllerTest
14.03.2024 11:50:22.086 [main] INFO  o.s.t.c.s.AnnotationConfigContextLoaderUtils - Could not detect default configuration classes for test class [org.ruzmetov.hotelproject.controller.rest.ServiceControllerTest]: ServiceControllerTest does not declare any static, non-private, non-final, nested classes annotated with @Configuration.
14.03.2024 11:50:22.108 [main] INFO  o.s.b.t.c.SpringBootTestContextBootstrapper - Found @SpringBootConfiguration org.ruzmetov.hotelproject.HotelProjectApplication for test class org.ruzmetov.hotelproject.controller.rest.ServiceControllerTest
14.03.2024 11:50:22.336 [SpringApplicationShutdownHook] INFO  o.s.o.j.LocalContainerEntityManagerFactoryBean - Closing JPA EntityManagerFactory for persistence unit 'default'
14.03.2024 11:50:22.357 [SpringApplicationShutdownHook] INFO  c.z.h.HikariDataSource - HikariPool-1 - Shutdown initiated...
14.03.2024 11:50:22.374 [SpringApplicationShutdownHook] INFO  c.z.h.HikariDataSource - HikariPool-1 - Shutdown completed.
